[2025-04-09T08:25:16.903+0000] {local_task_job_runner.py:120} INFO - ::group::Pre task execution logs
[2025-04-09T08:25:16.940+0000] {taskinstance.py:2076} INFO - Dependencies all met for dep_context=non-requeueable deps ti=<TaskInstance: run_streamlit.run_streamlit_app dataset_triggered__2025-04-09T08:25:16.341013+00:00 [queued]>
[2025-04-09T08:25:16.950+0000] {taskinstance.py:2076} INFO - Dependencies all met for dep_context=requeueable deps ti=<TaskInstance: run_streamlit.run_streamlit_app dataset_triggered__2025-04-09T08:25:16.341013+00:00 [queued]>
[2025-04-09T08:25:16.951+0000] {taskinstance.py:2306} INFO - Starting attempt 1 of 2
[2025-04-09T08:25:16.965+0000] {taskinstance.py:2330} INFO - Executing <Task(BashOperator): run_streamlit_app> on 2025-04-09 08:25:16.341013+00:00
[2025-04-09T08:25:16.971+0000] {logging_mixin.py:188} WARNING - /home/***/.local/lib/python3.12/site-packages/***/task/task_runner/standard_task_runner.py:61 DeprecationWarning: This process (pid=510) is multi-threaded, use of fork() may lead to deadlocks in the child.
[2025-04-09T08:25:16.972+0000] {standard_task_runner.py:63} INFO - Started process 511 to run task
[2025-04-09T08:25:16.971+0000] {standard_task_runner.py:90} INFO - Running: ['***', 'tasks', 'run', 'run_streamlit', 'run_streamlit_app', 'dataset_triggered__2025-04-09T08:25:16.341013+00:00', '--job-id', '6', '--raw', '--subdir', 'DAGS_FOLDER/run_streamlit.py', '--cfg-path', '/tmp/tmpijklt_u5']
[2025-04-09T08:25:16.972+0000] {standard_task_runner.py:91} INFO - Job 6: Subtask run_streamlit_app
[2025-04-09T08:25:16.993+0000] {logging_mixin.py:188} WARNING - /home/***/.local/lib/python3.12/site-packages/***/settings.py:195 DeprecationWarning: The sql_alchemy_conn option in [core] has been moved to the sql_alchemy_conn option in [database] - the old setting has been used, but please update your config.
[2025-04-09T08:25:17.034+0000] {task_command.py:426} INFO - Running <TaskInstance: run_streamlit.run_streamlit_app dataset_triggered__2025-04-09T08:25:16.341013+00:00 [running]> on host 208e59669cb5
[2025-04-09T08:25:17.132+0000] {taskinstance.py:2648} INFO - Exporting env vars: AIRFLOW_CTX_DAG_OWNER='***' AIRFLOW_CTX_DAG_ID='run_streamlit' AIRFLOW_CTX_TASK_ID='run_streamlit_app' AIRFLOW_CTX_EXECUTION_DATE='2025-04-09T08:25:16.341013+00:00' AIRFLOW_CTX_TRY_NUMBER='1' AIRFLOW_CTX_DAG_RUN_ID='dataset_triggered__2025-04-09T08:25:16.341013+00:00'
[2025-04-09T08:25:17.133+0000] {taskinstance.py:430} INFO - ::endgroup::
[2025-04-09T08:25:17.148+0000] {subprocess.py:63} INFO - Tmp dir root location: /tmp
[2025-04-09T08:25:17.149+0000] {subprocess.py:75} INFO - Running command: ['/usr/bin/bash', '-c', 'streamlit run /opt/***/visualization/dashboard.py --server.enableWebsocketCompression=false --server.enableCORS=false --server.port=8501']
[2025-04-09T08:25:17.162+0000] {subprocess.py:86} INFO - Output:
[2025-04-09T08:25:18.424+0000] {subprocess.py:93} INFO - 2025-04-09 08:25:18.424
[2025-04-09T08:25:18.425+0000] {subprocess.py:93} INFO - Warning: the config option 'server.enableCORS=false' is not compatible with 'server.enableXsrfProtection=true'.
[2025-04-09T08:25:18.425+0000] {subprocess.py:93} INFO - As a result, 'server.enableCORS' is being overridden to 'true'.
[2025-04-09T08:25:18.426+0000] {subprocess.py:93} INFO - 
[2025-04-09T08:25:18.426+0000] {subprocess.py:93} INFO - More information:
[2025-04-09T08:25:18.426+0000] {subprocess.py:93} INFO - In order to protect against CSRF attacks, we send a cookie with each request.
[2025-04-09T08:25:18.427+0000] {subprocess.py:93} INFO - To do so, we must specify allowable origins, which places a restriction on
[2025-04-09T08:25:18.427+0000] {subprocess.py:93} INFO - cross-origin resource sharing.
[2025-04-09T08:25:18.428+0000] {subprocess.py:93} INFO - 
[2025-04-09T08:25:18.428+0000] {subprocess.py:93} INFO - If cross origin resource sharing is required, please disable server.enableXsrfProtection.
[2025-04-09T08:25:18.428+0000] {subprocess.py:93} INFO - 
[2025-04-09T08:25:18.428+0000] {subprocess.py:93} INFO - 
[2025-04-09T08:25:18.429+0000] {subprocess.py:93} INFO - Collecting usage statistics. To deactivate, set browser.gatherUsageStats to false.
[2025-04-09T08:25:18.429+0000] {subprocess.py:93} INFO - 
[2025-04-09T08:25:18.756+0000] {subprocess.py:93} INFO - 
[2025-04-09T08:25:18.757+0000] {subprocess.py:93} INFO -   You can now view your Streamlit app in your browser.
[2025-04-09T08:25:18.758+0000] {subprocess.py:93} INFO - 
[2025-04-09T08:25:18.758+0000] {subprocess.py:93} INFO -   Local URL: http://localhost:8501
[2025-04-09T08:25:18.759+0000] {subprocess.py:93} INFO -   Network URL: http://172.22.0.6:8501
[2025-04-09T08:25:18.759+0000] {subprocess.py:93} INFO -   External URL: http://194.110.77.14:8501
[2025-04-09T08:25:18.760+0000] {subprocess.py:93} INFO - 
[2025-04-09T08:34:01.892+0000] {local_task_job_runner.py:124} ERROR - Received SIGTERM. Terminating subprocesses
[2025-04-09T08:34:01.895+0000] {process_utils.py:132} INFO - Sending 15 to group 511. PIDs of all processes in the group: [512, 511]
[2025-04-09T08:34:01.896+0000] {process_utils.py:87} INFO - Sending the signal 15 to group 511
[2025-04-09T08:34:01.896+0000] {taskinstance.py:2611} ERROR - Received SIGTERM. Terminating subprocesses.
[2025-04-09T08:34:01.897+0000] {subprocess.py:104} INFO - Sending SIGTERM signal to process group
[2025-04-09T08:34:01.898+0000] {taskinstance.py:441} INFO - ::group::Post task execution logs
[2025-04-09T08:34:01.917+0000] {taskinstance.py:2905} ERROR - Task failed with exception
Traceback (most recent call last):
  File "/home/airflow/.local/lib/python3.12/site-packages/airflow/models/taskinstance.py", line 465, in _execute_task
    result = _execute_callable(context=context, **execute_callable_kwargs)
             ^^^^^^^^^^^^^^^^^^^^^^^^^^^^^^^^^^^^^^^^^^^^^^^^^^^^^^^^^^^^^
  File "/home/airflow/.local/lib/python3.12/site-packages/airflow/models/taskinstance.py", line 432, in _execute_callable
    return execute_callable(context=context, **execute_callable_kwargs)
           ^^^^^^^^^^^^^^^^^^^^^^^^^^^^^^^^^^^^^^^^^^^^^^^^^^^^^^^^^^^^
  File "/home/airflow/.local/lib/python3.12/site-packages/airflow/models/baseoperator.py", line 401, in wrapper
    return func(self, *args, **kwargs)
           ^^^^^^^^^^^^^^^^^^^^^^^^^^^
  File "/home/airflow/.local/lib/python3.12/site-packages/airflow/operators/bash.py", line 234, in execute
    result = self.subprocess_hook.run_command(
             ^^^^^^^^^^^^^^^^^^^^^^^^^^^^^^^^^
  File "/home/airflow/.local/lib/python3.12/site-packages/airflow/hooks/subprocess.py", line 91, in run_command
    for raw_line in iter(self.sub_process.stdout.readline, b""):
  File "/home/airflow/.local/lib/python3.12/site-packages/airflow/models/taskinstance.py", line 2613, in signal_handler
    raise AirflowTaskTerminated("Task received SIGTERM signal")
airflow.exceptions.AirflowTaskTerminated: Task received SIGTERM signal
[2025-04-09T08:34:01.924+0000] {taskinstance.py:1206} INFO - Marking task as UP_FOR_RETRY. dag_id=run_streamlit, task_id=run_streamlit_app, run_id=dataset_triggered__2025-04-09T08:25:16.341013+00:00, execution_date=20250409T082516, start_date=20250409T082516, end_date=20250409T083401
[2025-04-09T08:34:01.988+0000] {process_utils.py:80} INFO - Process psutil.Process(pid=511, status='terminated', exitcode=2, started='08:25:16') (511) terminated with exit code 2
[2025-04-09T08:34:02.123+0000] {process_utils.py:80} INFO - Process psutil.Process(pid=512, status='terminated', started='08:25:16') (512) terminated with exit code None
[2025-04-09T08:34:02.124+0000] {local_task_job_runner.py:240} INFO - Task exited with return code 143
[2025-04-09T08:34:02.140+0000] {taskinstance.py:3503} INFO - 0 downstream tasks scheduled from follow-on schedule check
