[2025-04-05T16:36:34.665+0000] {local_task_job_runner.py:120} INFO - ::group::Pre task execution logs
[2025-04-05T16:36:34.706+0000] {taskinstance.py:2076} INFO - Dependencies all met for dep_context=non-requeueable deps ti=<TaskInstance: run_streamlit.run_streamlit_app dataset_triggered__2025-04-05T16:36:33.835685+00:00 [queued]>
[2025-04-05T16:36:34.714+0000] {taskinstance.py:2076} INFO - Dependencies all met for dep_context=requeueable deps ti=<TaskInstance: run_streamlit.run_streamlit_app dataset_triggered__2025-04-05T16:36:33.835685+00:00 [queued]>
[2025-04-05T16:36:34.715+0000] {taskinstance.py:2306} INFO - Starting attempt 1 of 2
[2025-04-05T16:36:34.731+0000] {taskinstance.py:2330} INFO - Executing <Task(BashOperator): run_streamlit_app> on 2025-04-05 16:36:33.835685+00:00
[2025-04-05T16:36:34.741+0000] {logging_mixin.py:188} WARNING - /home/***/.local/lib/python3.12/site-packages/***/task/task_runner/standard_task_runner.py:61 DeprecationWarning: This process (pid=752) is multi-threaded, use of fork() may lead to deadlocks in the child.
[2025-04-05T16:36:34.742+0000] {standard_task_runner.py:63} INFO - Started process 753 to run task
[2025-04-05T16:36:34.741+0000] {standard_task_runner.py:90} INFO - Running: ['***', 'tasks', 'run', 'run_streamlit', 'run_streamlit_app', 'dataset_triggered__2025-04-05T16:36:33.835685+00:00', '--job-id', '15', '--raw', '--subdir', 'DAGS_FOLDER/run_streamlit.py', '--cfg-path', '/tmp/tmpft51k0m_']
[2025-04-05T16:36:34.743+0000] {standard_task_runner.py:91} INFO - Job 15: Subtask run_streamlit_app
[2025-04-05T16:36:34.768+0000] {logging_mixin.py:188} WARNING - /home/***/.local/lib/python3.12/site-packages/***/settings.py:195 DeprecationWarning: The sql_alchemy_conn option in [core] has been moved to the sql_alchemy_conn option in [database] - the old setting has been used, but please update your config.
[2025-04-05T16:36:34.813+0000] {task_command.py:426} INFO - Running <TaskInstance: run_streamlit.run_streamlit_app dataset_triggered__2025-04-05T16:36:33.835685+00:00 [running]> on host d060e19f414c
[2025-04-05T16:36:34.933+0000] {taskinstance.py:2648} INFO - Exporting env vars: AIRFLOW_CTX_DAG_OWNER='***' AIRFLOW_CTX_DAG_ID='run_streamlit' AIRFLOW_CTX_TASK_ID='run_streamlit_app' AIRFLOW_CTX_EXECUTION_DATE='2025-04-05T16:36:33.835685+00:00' AIRFLOW_CTX_TRY_NUMBER='1' AIRFLOW_CTX_DAG_RUN_ID='dataset_triggered__2025-04-05T16:36:33.835685+00:00'
[2025-04-05T16:36:34.934+0000] {taskinstance.py:430} INFO - ::endgroup::
[2025-04-05T16:36:34.952+0000] {subprocess.py:63} INFO - Tmp dir root location: /tmp
[2025-04-05T16:36:34.953+0000] {subprocess.py:75} INFO - Running command: ['/usr/bin/bash', '-c', 'streamlit run visualization/dashboard.py --server.port 8501 --server.address=0.0.0.0']
[2025-04-05T16:36:34.964+0000] {subprocess.py:86} INFO - Output:
[2025-04-05T16:36:35.964+0000] {subprocess.py:93} INFO - Usage: streamlit run [OPTIONS] TARGET [ARGS]...
[2025-04-05T16:36:35.964+0000] {subprocess.py:93} INFO - Try 'streamlit run --help' for help.
[2025-04-05T16:36:35.965+0000] {subprocess.py:93} INFO - 
[2025-04-05T16:36:35.966+0000] {subprocess.py:93} INFO - Error: Invalid value: File does not exist: visualization/dashboard.py
[2025-04-05T16:36:36.015+0000] {subprocess.py:97} INFO - Command exited with return code 2
[2025-04-05T16:36:36.016+0000] {taskinstance.py:441} INFO - ::group::Post task execution logs
[2025-04-05T16:36:36.029+0000] {taskinstance.py:2905} ERROR - Task failed with exception
Traceback (most recent call last):
  File "/home/airflow/.local/lib/python3.12/site-packages/airflow/models/taskinstance.py", line 465, in _execute_task
    result = _execute_callable(context=context, **execute_callable_kwargs)
             ^^^^^^^^^^^^^^^^^^^^^^^^^^^^^^^^^^^^^^^^^^^^^^^^^^^^^^^^^^^^^
  File "/home/airflow/.local/lib/python3.12/site-packages/airflow/models/taskinstance.py", line 432, in _execute_callable
    return execute_callable(context=context, **execute_callable_kwargs)
           ^^^^^^^^^^^^^^^^^^^^^^^^^^^^^^^^^^^^^^^^^^^^^^^^^^^^^^^^^^^^
  File "/home/airflow/.local/lib/python3.12/site-packages/airflow/models/baseoperator.py", line 401, in wrapper
    return func(self, *args, **kwargs)
           ^^^^^^^^^^^^^^^^^^^^^^^^^^^
  File "/home/airflow/.local/lib/python3.12/site-packages/airflow/operators/bash.py", line 243, in execute
    raise AirflowException(
airflow.exceptions.AirflowException: Bash command failed. The command returned a non-zero exit code 2.
[2025-04-05T16:36:36.033+0000] {taskinstance.py:1206} INFO - Marking task as UP_FOR_RETRY. dag_id=run_streamlit, task_id=run_streamlit_app, run_id=dataset_triggered__2025-04-05T16:36:33.835685+00:00, execution_date=20250405T163633, start_date=20250405T163634, end_date=20250405T163636
[2025-04-05T16:36:36.055+0000] {standard_task_runner.py:110} ERROR - Failed to execute job 15 for task run_streamlit_app (Bash command failed. The command returned a non-zero exit code 2.; 753)
[2025-04-05T16:36:36.115+0000] {local_task_job_runner.py:240} INFO - Task exited with return code 1
[2025-04-05T16:36:36.138+0000] {taskinstance.py:3503} INFO - 0 downstream tasks scheduled from follow-on schedule check
[2025-04-05T16:36:36.143+0000] {local_task_job_runner.py:222} INFO - ::endgroup::
