[2025-04-05T17:21:53.695+0000] {local_task_job_runner.py:120} INFO - ::group::Pre task execution logs
[2025-04-05T17:21:53.734+0000] {taskinstance.py:2076} INFO - Dependencies all met for dep_context=non-requeueable deps ti=<TaskInstance: run_streamlit.run_streamlit_app dataset_triggered__2025-04-05T17:21:53.358378+00:00 [queued]>
[2025-04-05T17:21:53.743+0000] {taskinstance.py:2076} INFO - Dependencies all met for dep_context=requeueable deps ti=<TaskInstance: run_streamlit.run_streamlit_app dataset_triggered__2025-04-05T17:21:53.358378+00:00 [queued]>
[2025-04-05T17:21:53.744+0000] {taskinstance.py:2306} INFO - Starting attempt 1 of 2
[2025-04-05T17:21:53.756+0000] {taskinstance.py:2330} INFO - Executing <Task(BashOperator): run_streamlit_app> on 2025-04-05 17:21:53.358378+00:00
[2025-04-05T17:21:53.765+0000] {logging_mixin.py:188} WARNING - /home/***/.local/lib/python3.12/site-packages/***/task/task_runner/standard_task_runner.py:61 DeprecationWarning: This process (pid=341) is multi-threaded, use of fork() may lead to deadlocks in the child.
[2025-04-05T17:21:53.764+0000] {standard_task_runner.py:90} INFO - Running: ['***', 'tasks', 'run', 'run_streamlit', 'run_streamlit_app', 'dataset_triggered__2025-04-05T17:21:53.358378+00:00', '--job-id', '6', '--raw', '--subdir', 'DAGS_FOLDER/run_streamlit.py', '--cfg-path', '/tmp/tmpvn96uyl9']
[2025-04-05T17:21:53.766+0000] {standard_task_runner.py:63} INFO - Started process 342 to run task
[2025-04-05T17:21:53.766+0000] {standard_task_runner.py:91} INFO - Job 6: Subtask run_streamlit_app
[2025-04-05T17:21:53.787+0000] {logging_mixin.py:188} WARNING - /home/***/.local/lib/python3.12/site-packages/***/settings.py:195 DeprecationWarning: The sql_alchemy_conn option in [core] has been moved to the sql_alchemy_conn option in [database] - the old setting has been used, but please update your config.
[2025-04-05T17:21:53.831+0000] {task_command.py:426} INFO - Running <TaskInstance: run_streamlit.run_streamlit_app dataset_triggered__2025-04-05T17:21:53.358378+00:00 [running]> on host 3662cb577b20
[2025-04-05T17:21:53.950+0000] {taskinstance.py:2648} INFO - Exporting env vars: AIRFLOW_CTX_DAG_OWNER='***' AIRFLOW_CTX_DAG_ID='run_streamlit' AIRFLOW_CTX_TASK_ID='run_streamlit_app' AIRFLOW_CTX_EXECUTION_DATE='2025-04-05T17:21:53.358378+00:00' AIRFLOW_CTX_TRY_NUMBER='1' AIRFLOW_CTX_DAG_RUN_ID='dataset_triggered__2025-04-05T17:21:53.358378+00:00'
[2025-04-05T17:21:53.951+0000] {taskinstance.py:430} INFO - ::endgroup::
[2025-04-05T17:21:53.965+0000] {subprocess.py:63} INFO - Tmp dir root location: /tmp
[2025-04-05T17:21:53.967+0000] {subprocess.py:75} INFO - Running command: ['/usr/bin/bash', '-c', 'streamlit run /opt/***/visualization/dashboard.py --server.enableWebsocketCompression=false --server.enableCORS=false']
[2025-04-05T17:21:53.976+0000] {subprocess.py:86} INFO - Output:
[2025-04-05T17:21:55.070+0000] {subprocess.py:93} INFO - 2025-04-05 17:21:55.070
[2025-04-05T17:21:55.071+0000] {subprocess.py:93} INFO - Warning: the config option 'server.enableCORS=false' is not compatible with 'server.enableXsrfProtection=true'.
[2025-04-05T17:21:55.071+0000] {subprocess.py:93} INFO - As a result, 'server.enableCORS' is being overridden to 'true'.
[2025-04-05T17:21:55.072+0000] {subprocess.py:93} INFO - 
[2025-04-05T17:21:55.072+0000] {subprocess.py:93} INFO - More information:
[2025-04-05T17:21:55.073+0000] {subprocess.py:93} INFO - In order to protect against CSRF attacks, we send a cookie with each request.
[2025-04-05T17:21:55.073+0000] {subprocess.py:93} INFO - To do so, we must specify allowable origins, which places a restriction on
[2025-04-05T17:21:55.074+0000] {subprocess.py:93} INFO - cross-origin resource sharing.
[2025-04-05T17:21:55.075+0000] {subprocess.py:93} INFO - 
[2025-04-05T17:21:55.075+0000] {subprocess.py:93} INFO - If cross origin resource sharing is required, please disable server.enableXsrfProtection.
[2025-04-05T17:21:55.076+0000] {subprocess.py:93} INFO - 
[2025-04-05T17:21:55.076+0000] {subprocess.py:93} INFO - 
[2025-04-05T17:21:55.077+0000] {subprocess.py:93} INFO - Collecting usage statistics. To deactivate, set browser.gatherUsageStats to false.
[2025-04-05T17:21:55.077+0000] {subprocess.py:93} INFO - 
[2025-04-05T17:21:55.436+0000] {subprocess.py:93} INFO - 
[2025-04-05T17:21:55.438+0000] {subprocess.py:93} INFO -   You can now view your Streamlit app in your browser.
[2025-04-05T17:21:55.439+0000] {subprocess.py:93} INFO - 
[2025-04-05T17:21:55.439+0000] {subprocess.py:93} INFO -   Local URL: http://localhost:8501
[2025-04-05T17:21:55.440+0000] {subprocess.py:93} INFO -   Network URL: http://172.22.0.6:8501
[2025-04-05T17:21:55.440+0000] {subprocess.py:93} INFO -   External URL: http://194.110.77.14:8501
[2025-04-05T17:21:55.441+0000] {subprocess.py:93} INFO - 
[2025-04-05T17:22:53.087+0000] {subprocess.py:93} INFO - [31mâ”€â”€[0m[31mâ”€â”€â”€â”€â”€â”€â”€â”€â”€â”€â”€â”€â”€â”€â”€â”€â”€â”€â”€â”€â”€â”€â”€â”€[0m[31m [0m[1;31mTraceback [0m[1;2;31m(most recent call last)[0m[31m [0m[31mâ”€â”€â”€â”€â”€â”€â”€â”€â”€â”€â”€â”€â”€â”€â”€â”€â”€â”€â”€â”€â”€â”€â”€â”€â”€[0m[31mâ”€â”€[0m
[2025-04-05T17:22:53.088+0000] {subprocess.py:93} INFO - [31m [0m [2;33m/home/***/.local/lib/python3.12/site-packages/streamlit/runtime/scriptrunner/[0m[1;33mexe[0m [31m [0m
[2025-04-05T17:22:53.089+0000] {subprocess.py:93} INFO - [31m [0m [1;33mc_code.py[0m:[94m121[0m in [92mexec_func_with_error_handling[0m                                       [31m [0m
[2025-04-05T17:22:53.090+0000] {subprocess.py:93} INFO - [31m [0m                                                                                      [31m [0m
[2025-04-05T17:22:53.090+0000] {subprocess.py:93} INFO - [31m [0m [2;33m/home/***/.local/lib/python3.12/site-packages/streamlit/runtime/scriptrunner/[0m[1;33mscr[0m [31m [0m
[2025-04-05T17:22:53.091+0000] {subprocess.py:93} INFO - [31m [0m [1;33mipt_runner.py[0m:[94m640[0m in [92mcode_to_exec[0m                                                    [31m [0m
[2025-04-05T17:22:53.091+0000] {subprocess.py:93} INFO - [31m [0m                                                                                      [31m [0m
[2025-04-05T17:22:53.092+0000] {subprocess.py:93} INFO - [31m [0m [2;33m/opt/***/visualization/[0m[1;33mdashboard.py[0m:[94m10[0m in [92m<module>[0m                               [31m [0m
[2025-04-05T17:22:53.093+0000] {subprocess.py:93} INFO - [31m [0m                                                                                      [31m [0m
[2025-04-05T17:22:53.093+0000] {subprocess.py:93} INFO - [31m [0m   [2m 7 [0mst.set_page_config(page_title=[33m"[0m[33mBitcoin Dashboard[0m[33m"[0m, layout=[33m"[0m[33mwide[0m[33m"[0m)               [31m [0m
[2025-04-05T17:22:53.094+0000] {subprocess.py:93} INFO - [31m [0m   [2m 8 [0m                                                                                [31m [0m
[2025-04-05T17:22:53.094+0000] {subprocess.py:93} INFO - [31m [0m   [2m 9 [0m[2m#Connection to db[0m                                                               [31m [0m
[2025-04-05T17:22:53.094+0000] {subprocess.py:93} INFO - [31m [0m [31mâ± [0m10 conn = duckdb.connect([33mr[0m[33m"[0m[33mnew/data/historical_bitcoin.db[0m[33m"[0m)                        [31m [0m
[2025-04-05T17:22:53.095+0000] {subprocess.py:93} INFO - [31m [0m   [2m11 [0m                                                                                [31m [0m
[2025-04-05T17:22:53.095+0000] {subprocess.py:93} INFO - [31m [0m   [2m12 [0m[2m#fetch data[0m                                                                     [31m [0m
[2025-04-05T17:22:53.096+0000] {subprocess.py:93} INFO - [31m [0m   [2m13 [0m[1;95m@st[0m.cache_data [2m# decorator for caching data[0m                                     [31m [0m
[2025-04-05T17:22:53.096+0000] {subprocess.py:93} INFO - [31mâ”€â”€â”€â”€â”€â”€â”€â”€â”€â”€â”€â”€â”€â”€â”€â”€â”€â”€â”€â”€â”€â”€â”€â”€â”€â”€â”€â”€â”€â”€â”€â”€â”€â”€â”€â”€â”€â”€â”€â”€â”€â”€â”€â”€â”€â”€â”€â”€â”€â”€â”€â”€â”€â”€â”€â”€â”€â”€â”€â”€â”€â”€â”€â”€â”€â”€â”€â”€â”€â”€â”€â”€â”€â”€â”€â”€â”€â”€â”€â”€â”€â”€â”€â”€â”€â”€â”€â”€[0m
[2025-04-05T17:22:53.096+0000] {subprocess.py:93} INFO - [1;91mIOException: [0mIO Error: Cannot open file
[2025-04-05T17:22:53.097+0000] {subprocess.py:93} INFO - [32m"/tmp/***tmpc99i81lw/new/data/historical_bitcoin.db"[0m: No such file or directory
[2025-04-05T17:24:36.320+0000] {subprocess.py:93} INFO - [31mâ”€â”€[0m[31mâ”€â”€â”€â”€â”€â”€â”€â”€â”€â”€â”€â”€â”€â”€â”€â”€â”€â”€â”€â”€â”€â”€â”€â”€[0m[31m [0m[1;31mTraceback [0m[1;2;31m(most recent call last)[0m[31m [0m[31mâ”€â”€â”€â”€â”€â”€â”€â”€â”€â”€â”€â”€â”€â”€â”€â”€â”€â”€â”€â”€â”€â”€â”€â”€â”€[0m[31mâ”€â”€[0m
[2025-04-05T17:24:36.321+0000] {subprocess.py:93} INFO - [31m [0m [2;33m/home/***/.local/lib/python3.12/site-packages/streamlit/runtime/scriptrunner/[0m[1;33mexe[0m [31m [0m
[2025-04-05T17:24:36.322+0000] {subprocess.py:93} INFO - [31m [0m [1;33mc_code.py[0m:[94m121[0m in [92mexec_func_with_error_handling[0m                                       [31m [0m
[2025-04-05T17:24:36.322+0000] {subprocess.py:93} INFO - [31m [0m                                                                                      [31m [0m
[2025-04-05T17:24:36.323+0000] {subprocess.py:93} INFO - [31m [0m [2;33m/home/***/.local/lib/python3.12/site-packages/streamlit/runtime/scriptrunner/[0m[1;33mscr[0m [31m [0m
[2025-04-05T17:24:36.324+0000] {subprocess.py:93} INFO - [31m [0m [1;33mipt_runner.py[0m:[94m640[0m in [92mcode_to_exec[0m                                                    [31m [0m
[2025-04-05T17:24:36.325+0000] {subprocess.py:93} INFO - [31m [0m                                                                                      [31m [0m
[2025-04-05T17:24:36.326+0000] {subprocess.py:93} INFO - [31m [0m [2;33m/opt/***/visualization/[0m[1;33mdashboard.py[0m:[94m10[0m in [92m<module>[0m                               [31m [0m
[2025-04-05T17:24:36.327+0000] {subprocess.py:93} INFO - [31m [0m                                                                                      [31m [0m
[2025-04-05T17:24:36.327+0000] {subprocess.py:93} INFO - [31m [0m   [2m 7 [0mst.set_page_config(page_title=[33m"[0m[33mBitcoin Dashboard[0m[33m"[0m, layout=[33m"[0m[33mwide[0m[33m"[0m)               [31m [0m
[2025-04-05T17:24:36.328+0000] {subprocess.py:93} INFO - [31m [0m   [2m 8 [0m                                                                                [31m [0m
[2025-04-05T17:24:36.329+0000] {subprocess.py:93} INFO - [31m [0m   [2m 9 [0m[2m#Connection to db[0m                                                               [31m [0m
[2025-04-05T17:24:36.329+0000] {subprocess.py:93} INFO - [31m [0m [31mâ± [0m10 conn = duckdb.connect([33mr[0m[33m"[0m[33mnew/data/historical_bitcoin.db[0m[33m"[0m)                        [31m [0m
[2025-04-05T17:24:36.330+0000] {subprocess.py:93} INFO - [31m [0m   [2m11 [0m                                                                                [31m [0m
[2025-04-05T17:24:36.331+0000] {subprocess.py:93} INFO - [31m [0m   [2m12 [0m[2m#fetch data[0m                                                                     [31m [0m
[2025-04-05T17:24:36.331+0000] {subprocess.py:93} INFO - [31m [0m   [2m13 [0m[1;95m@st[0m.cache_data [2m# decorator for caching data[0m                                     [31m [0m
[2025-04-05T17:24:36.332+0000] {subprocess.py:93} INFO - [31mâ”€â”€â”€â”€â”€â”€â”€â”€â”€â”€â”€â”€â”€â”€â”€â”€â”€â”€â”€â”€â”€â”€â”€â”€â”€â”€â”€â”€â”€â”€â”€â”€â”€â”€â”€â”€â”€â”€â”€â”€â”€â”€â”€â”€â”€â”€â”€â”€â”€â”€â”€â”€â”€â”€â”€â”€â”€â”€â”€â”€â”€â”€â”€â”€â”€â”€â”€â”€â”€â”€â”€â”€â”€â”€â”€â”€â”€â”€â”€â”€â”€â”€â”€â”€â”€â”€â”€â”€[0m
[2025-04-05T17:24:36.332+0000] {subprocess.py:93} INFO - [1;91mIOException: [0mIO Error: Cannot open file
[2025-04-05T17:24:36.333+0000] {subprocess.py:93} INFO - [32m"/tmp/***tmpc99i81lw/new/data/historical_bitcoin.db"[0m: No such file or directory
[2025-04-05T17:25:01.897+0000] {subprocess.py:93} INFO - [31mâ”€â”€[0m[31mâ”€â”€â”€â”€â”€â”€â”€â”€â”€â”€â”€â”€â”€â”€â”€â”€â”€â”€â”€â”€â”€â”€â”€â”€[0m[31m [0m[1;31mTraceback [0m[1;2;31m(most recent call last)[0m[31m [0m[31mâ”€â”€â”€â”€â”€â”€â”€â”€â”€â”€â”€â”€â”€â”€â”€â”€â”€â”€â”€â”€â”€â”€â”€â”€â”€[0m[31mâ”€â”€[0m
[2025-04-05T17:25:01.898+0000] {subprocess.py:93} INFO - [31m [0m [2;33m/home/***/.local/lib/python3.12/site-packages/streamlit/runtime/scriptrunner/[0m[1;33mexe[0m [31m [0m
[2025-04-05T17:25:01.899+0000] {subprocess.py:93} INFO - [31m [0m [1;33mc_code.py[0m:[94m121[0m in [92mexec_func_with_error_handling[0m                                       [31m [0m
[2025-04-05T17:25:01.900+0000] {subprocess.py:93} INFO - [31m [0m                                                                                      [31m [0m
[2025-04-05T17:25:01.900+0000] {subprocess.py:93} INFO - [31m [0m [2;33m/home/***/.local/lib/python3.12/site-packages/streamlit/runtime/scriptrunner/[0m[1;33mscr[0m [31m [0m
[2025-04-05T17:25:01.901+0000] {subprocess.py:93} INFO - [31m [0m [1;33mipt_runner.py[0m:[94m640[0m in [92mcode_to_exec[0m                                                    [31m [0m
[2025-04-05T17:25:01.901+0000] {subprocess.py:93} INFO - [31m [0m                                                                                      [31m [0m
[2025-04-05T17:25:01.902+0000] {subprocess.py:93} INFO - [31m [0m [2;33m/opt/***/visualization/[0m[1;33mdashboard.py[0m:[94m10[0m in [92m<module>[0m                               [31m [0m
[2025-04-05T17:25:01.903+0000] {subprocess.py:93} INFO - [31m [0m                                                                                      [31m [0m
[2025-04-05T17:25:01.903+0000] {subprocess.py:93} INFO - [31m [0m   [2m 7 [0mst.set_page_config(page_title=[33m"[0m[33mBitcoin Dashboard[0m[33m"[0m, layout=[33m"[0m[33mwide[0m[33m"[0m)               [31m [0m
[2025-04-05T17:25:01.904+0000] {subprocess.py:93} INFO - [31m [0m   [2m 8 [0m                                                                                [31m [0m
[2025-04-05T17:25:01.904+0000] {subprocess.py:93} INFO - [31m [0m   [2m 9 [0m[2m#Connection to db[0m                                                               [31m [0m
[2025-04-05T17:25:01.905+0000] {subprocess.py:93} INFO - [31m [0m [31mâ± [0m10 conn = duckdb.connect([33mr[0m[33m"[0m[33m/opt/***/data/historical_bitcoin.db[0m[33m"[0m)               [31m [0m
[2025-04-05T17:25:01.905+0000] {subprocess.py:93} INFO - [31m [0m   [2m11 [0m                                                                                [31m [0m
[2025-04-05T17:25:01.905+0000] {subprocess.py:93} INFO - [31m [0m   [2m12 [0m[2m#fetch data[0m                                                                     [31m [0m
[2025-04-05T17:25:01.906+0000] {subprocess.py:93} INFO - [31m [0m   [2m13 [0m[1;95m@st[0m.cache_data [2m# decorator for caching data[0m                                     [31m [0m
[2025-04-05T17:25:01.906+0000] {subprocess.py:93} INFO - [31mâ”€â”€â”€â”€â”€â”€â”€â”€â”€â”€â”€â”€â”€â”€â”€â”€â”€â”€â”€â”€â”€â”€â”€â”€â”€â”€â”€â”€â”€â”€â”€â”€â”€â”€â”€â”€â”€â”€â”€â”€â”€â”€â”€â”€â”€â”€â”€â”€â”€â”€â”€â”€â”€â”€â”€â”€â”€â”€â”€â”€â”€â”€â”€â”€â”€â”€â”€â”€â”€â”€â”€â”€â”€â”€â”€â”€â”€â”€â”€â”€â”€â”€â”€â”€â”€â”€â”€â”€[0m
[2025-04-05T17:25:01.907+0000] {subprocess.py:93} INFO - [1;91mIOException: [0mIO Error: Cannot open file
[2025-04-05T17:25:01.907+0000] {subprocess.py:93} INFO - [32m"/tmp/***tmpc99i81lw/new/data/historical_bitcoin.db"[0m: No such file or directory
[2025-04-05T17:25:04.402+0000] {subprocess.py:93} INFO - [31mâ”€â”€[0m[31mâ”€â”€â”€â”€â”€â”€â”€â”€â”€â”€â”€â”€â”€â”€â”€â”€â”€â”€â”€â”€â”€â”€â”€â”€[0m[31m [0m[1;31mTraceback [0m[1;2;31m(most recent call last)[0m[31m [0m[31mâ”€â”€â”€â”€â”€â”€â”€â”€â”€â”€â”€â”€â”€â”€â”€â”€â”€â”€â”€â”€â”€â”€â”€â”€â”€[0m[31mâ”€â”€[0m
[2025-04-05T17:25:04.403+0000] {subprocess.py:93} INFO - [31m [0m [2;33m/home/***/.local/lib/python3.12/site-packages/streamlit/runtime/scriptrunner/[0m[1;33mexe[0m [31m [0m
[2025-04-05T17:25:04.404+0000] {subprocess.py:93} INFO - [31m [0m [1;33mc_code.py[0m:[94m121[0m in [92mexec_func_with_error_handling[0m                                       [31m [0m
[2025-04-05T17:25:04.405+0000] {subprocess.py:93} INFO - [31m [0m                                                                                      [31m [0m
[2025-04-05T17:25:04.406+0000] {subprocess.py:93} INFO - [31m [0m [2;33m/home/***/.local/lib/python3.12/site-packages/streamlit/runtime/scriptrunner/[0m[1;33mscr[0m [31m [0m
[2025-04-05T17:25:04.407+0000] {subprocess.py:93} INFO - [31m [0m [1;33mipt_runner.py[0m:[94m640[0m in [92mcode_to_exec[0m                                                    [31m [0m
[2025-04-05T17:25:04.408+0000] {subprocess.py:93} INFO - [31m [0m                                                                                      [31m [0m
[2025-04-05T17:25:04.408+0000] {subprocess.py:93} INFO - [31m [0m [2;33m/opt/***/visualization/[0m[1;33mdashboard.py[0m:[94m10[0m in [92m<module>[0m                               [31m [0m
[2025-04-05T17:25:04.409+0000] {subprocess.py:93} INFO - [31m [0m                                                                                      [31m [0m
[2025-04-05T17:25:04.409+0000] {subprocess.py:93} INFO - [31m [0m   [2m 7 [0mst.set_page_config(page_title=[33m"[0m[33mBitcoin Dashboard[0m[33m"[0m, layout=[33m"[0m[33mwide[0m[33m"[0m)               [31m [0m
[2025-04-05T17:25:04.410+0000] {subprocess.py:93} INFO - [31m [0m   [2m 8 [0m                                                                                [31m [0m
[2025-04-05T17:25:04.411+0000] {subprocess.py:93} INFO - [31m [0m   [2m 9 [0m[2m#Connection to db[0m                                                               [31m [0m
[2025-04-05T17:25:04.411+0000] {subprocess.py:93} INFO - [31m [0m [31mâ± [0m10 conn = duckdb.connect([33m"[0m[33m/opt/***/data/historical_bitcoin.db[0m[33m"[0m)                [31m [0m
[2025-04-05T17:25:04.412+0000] {subprocess.py:93} INFO - [31m [0m   [2m11 [0m                                                                                [31m [0m
[2025-04-05T17:25:04.412+0000] {subprocess.py:93} INFO - [31m [0m   [2m12 [0m[2m#fetch data[0m                                                                     [31m [0m
[2025-04-05T17:25:04.413+0000] {subprocess.py:93} INFO - [31m [0m   [2m13 [0m[1;95m@st[0m.cache_data [2m# decorator for caching data[0m                                     [31m [0m
[2025-04-05T17:25:04.413+0000] {subprocess.py:93} INFO - [31mâ”€â”€â”€â”€â”€â”€â”€â”€â”€â”€â”€â”€â”€â”€â”€â”€â”€â”€â”€â”€â”€â”€â”€â”€â”€â”€â”€â”€â”€â”€â”€â”€â”€â”€â”€â”€â”€â”€â”€â”€â”€â”€â”€â”€â”€â”€â”€â”€â”€â”€â”€â”€â”€â”€â”€â”€â”€â”€â”€â”€â”€â”€â”€â”€â”€â”€â”€â”€â”€â”€â”€â”€â”€â”€â”€â”€â”€â”€â”€â”€â”€â”€â”€â”€â”€â”€â”€â”€[0m
[2025-04-05T17:25:04.414+0000] {subprocess.py:93} INFO - [1;91mIOException: [0mIO Error: Cannot open file
[2025-04-05T17:25:04.414+0000] {subprocess.py:93} INFO - [32m"/tmp/***tmpc99i81lw/new/data/historical_bitcoin.db"[0m: No such file or directory
[2025-04-05T17:27:11.172+0000] {local_task_job_runner.py:124} ERROR - Received SIGTERM. Terminating subprocesses
[2025-04-05T17:27:11.179+0000] {process_utils.py:132} INFO - Sending 15 to group 342. PIDs of all processes in the group: [343, 342]
[2025-04-05T17:27:11.182+0000] {process_utils.py:87} INFO - Sending the signal 15 to group 342
[2025-04-05T17:27:11.185+0000] {taskinstance.py:2611} ERROR - Received SIGTERM. Terminating subprocesses.
[2025-04-05T17:27:11.188+0000] {subprocess.py:104} INFO - Sending SIGTERM signal to process group
[2025-04-05T17:27:11.191+0000] {taskinstance.py:441} INFO - ::group::Post task execution logs
[2025-04-05T17:27:11.238+0000] {taskinstance.py:2905} ERROR - Task failed with exception
Traceback (most recent call last):
  File "/home/airflow/.local/lib/python3.12/site-packages/airflow/models/taskinstance.py", line 465, in _execute_task
    result = _execute_callable(context=context, **execute_callable_kwargs)
             ^^^^^^^^^^^^^^^^^^^^^^^^^^^^^^^^^^^^^^^^^^^^^^^^^^^^^^^^^^^^^
  File "/home/airflow/.local/lib/python3.12/site-packages/airflow/models/taskinstance.py", line 432, in _execute_callable
    return execute_callable(context=context, **execute_callable_kwargs)
           ^^^^^^^^^^^^^^^^^^^^^^^^^^^^^^^^^^^^^^^^^^^^^^^^^^^^^^^^^^^^
  File "/home/airflow/.local/lib/python3.12/site-packages/airflow/models/baseoperator.py", line 401, in wrapper
    return func(self, *args, **kwargs)
           ^^^^^^^^^^^^^^^^^^^^^^^^^^^
  File "/home/airflow/.local/lib/python3.12/site-packages/airflow/operators/bash.py", line 234, in execute
    result = self.subprocess_hook.run_command(
             ^^^^^^^^^^^^^^^^^^^^^^^^^^^^^^^^^
  File "/home/airflow/.local/lib/python3.12/site-packages/airflow/hooks/subprocess.py", line 91, in run_command
    for raw_line in iter(self.sub_process.stdout.readline, b""):
  File "/home/airflow/.local/lib/python3.12/site-packages/airflow/models/taskinstance.py", line 2613, in signal_handler
    raise AirflowTaskTerminated("Task received SIGTERM signal")
airflow.exceptions.AirflowTaskTerminated: Task received SIGTERM signal
[2025-04-05T17:27:11.253+0000] {taskinstance.py:1206} INFO - Marking task as UP_FOR_RETRY. dag_id=run_streamlit, task_id=run_streamlit_app, run_id=dataset_triggered__2025-04-05T17:21:53.358378+00:00, execution_date=20250405T172153, start_date=20250405T172153, end_date=20250405T172711
[2025-04-05T17:27:11.366+0000] {process_utils.py:80} INFO - Process psutil.Process(pid=342, status='terminated', exitcode=2, started='17:21:53') (342) terminated with exit code 2
[2025-04-05T17:27:11.786+0000] {process_utils.py:80} INFO - Process psutil.Process(pid=343, status='terminated', started='17:21:53') (343) terminated with exit code None
[2025-04-05T17:27:11.787+0000] {local_task_job_runner.py:240} INFO - Task exited with return code 143
[2025-04-05T17:27:11.819+0000] {taskinstance.py:3503} INFO - 0 downstream tasks scheduled from follow-on schedule check
[2025-04-05T17:27:11.872+0000] {local_task_job_runner.py:222} INFO - ::endgroup::
