[2025-04-05T10:45:14.922+0000] {local_task_job_runner.py:120} INFO - ::group::Pre task execution logs
[2025-04-05T10:45:14.974+0000] {taskinstance.py:2076} INFO - Dependencies all met for dep_context=non-requeueable deps ti=<TaskInstance: elt_pipeline.create_bucket scheduled__2025-04-04T00:00:00+00:00 [queued]>
[2025-04-05T10:45:14.984+0000] {taskinstance.py:2076} INFO - Dependencies all met for dep_context=requeueable deps ti=<TaskInstance: elt_pipeline.create_bucket scheduled__2025-04-04T00:00:00+00:00 [queued]>
[2025-04-05T10:45:14.984+0000] {taskinstance.py:2306} INFO - Starting attempt 1 of 2
[2025-04-05T10:45:15.002+0000] {taskinstance.py:2330} INFO - Executing <Task(PythonOperator): create_bucket> on 2025-04-04 00:00:00+00:00
[2025-04-05T10:45:15.011+0000] {logging_mixin.py:188} WARNING - /home/***/.local/lib/python3.12/site-packages/***/task/task_runner/standard_task_runner.py:61 DeprecationWarning: This process (pid=269) is multi-threaded, use of fork() may lead to deadlocks in the child.
[2025-04-05T10:45:15.011+0000] {standard_task_runner.py:90} INFO - Running: ['***', 'tasks', 'run', 'elt_pipeline', 'create_bucket', 'scheduled__2025-04-04T00:00:00+00:00', '--job-id', '4', '--raw', '--subdir', 'DAGS_FOLDER/elt_pipeline.py', '--cfg-path', '/tmp/tmplys798zl']
[2025-04-05T10:45:15.013+0000] {standard_task_runner.py:63} INFO - Started process 293 to run task
[2025-04-05T10:45:15.013+0000] {standard_task_runner.py:91} INFO - Job 4: Subtask create_bucket
[2025-04-05T10:45:15.035+0000] {logging_mixin.py:188} WARNING - /home/***/.local/lib/python3.12/site-packages/***/settings.py:195 DeprecationWarning: The sql_alchemy_conn option in [core] has been moved to the sql_alchemy_conn option in [database] - the old setting has been used, but please update your config.
[2025-04-05T10:45:15.085+0000] {task_command.py:426} INFO - Running <TaskInstance: elt_pipeline.create_bucket scheduled__2025-04-04T00:00:00+00:00 [running]> on host d56545bf874e
[2025-04-05T10:45:15.207+0000] {taskinstance.py:2648} INFO - Exporting env vars: AIRFLOW_CTX_DAG_OWNER='***' AIRFLOW_CTX_DAG_ID='elt_pipeline' AIRFLOW_CTX_TASK_ID='create_bucket' AIRFLOW_CTX_EXECUTION_DATE='2025-04-04T00:00:00+00:00' AIRFLOW_CTX_TRY_NUMBER='1' AIRFLOW_CTX_DAG_RUN_ID='scheduled__2025-04-04T00:00:00+00:00'
[2025-04-05T10:45:15.208+0000] {taskinstance.py:430} INFO - ::endgroup::
[2025-04-05T10:45:15.239+0000] {python.py:237} INFO - Done. Returned value was: bitcoin
[2025-04-05T10:45:15.240+0000] {taskinstance.py:441} INFO - ::group::Post task execution logs
[2025-04-05T10:45:15.291+0000] {taskinstance.py:1206} INFO - Marking task as SUCCESS. dag_id=elt_pipeline, task_id=create_bucket, run_id=scheduled__2025-04-04T00:00:00+00:00, execution_date=20250404T000000, start_date=20250405T104514, end_date=20250405T104515
[2025-04-05T10:45:15.352+0000] {local_task_job_runner.py:240} INFO - Task exited with return code 0
[2025-04-05T10:45:15.381+0000] {taskinstance.py:3503} INFO - 1 downstream tasks scheduled from follow-on schedule check
[2025-04-05T10:45:15.388+0000] {local_task_job_runner.py:222} INFO - ::endgroup::
[2025-04-05T11:10:24.856+0000] {local_task_job_runner.py:120} INFO - ::group::Pre task execution logs
[2025-04-05T11:10:24.897+0000] {taskinstance.py:2076} INFO - Dependencies all met for dep_context=non-requeueable deps ti=<TaskInstance: elt_pipeline.create_bucket scheduled__2025-04-04T00:00:00+00:00 [queued]>
[2025-04-05T11:10:24.904+0000] {taskinstance.py:2076} INFO - Dependencies all met for dep_context=requeueable deps ti=<TaskInstance: elt_pipeline.create_bucket scheduled__2025-04-04T00:00:00+00:00 [queued]>
[2025-04-05T11:10:24.905+0000] {taskinstance.py:2306} INFO - Starting attempt 1 of 2
[2025-04-05T11:10:24.925+0000] {taskinstance.py:2330} INFO - Executing <Task(PythonOperator): create_bucket> on 2025-04-04 00:00:00+00:00
[2025-04-05T11:10:24.935+0000] {logging_mixin.py:188} WARNING - /home/***/.local/lib/python3.12/site-packages/***/task/task_runner/standard_task_runner.py:61 DeprecationWarning: This process (pid=330) is multi-threaded, use of fork() may lead to deadlocks in the child.
[2025-04-05T11:10:24.936+0000] {standard_task_runner.py:90} INFO - Running: ['***', 'tasks', 'run', 'elt_pipeline', 'create_bucket', 'scheduled__2025-04-04T00:00:00+00:00', '--job-id', '4', '--raw', '--subdir', 'DAGS_FOLDER/elt_pipeline.py', '--cfg-path', '/tmp/tmpvuhy_43r']
[2025-04-05T11:10:24.937+0000] {standard_task_runner.py:63} INFO - Started process 354 to run task
[2025-04-05T11:10:24.937+0000] {standard_task_runner.py:91} INFO - Job 4: Subtask create_bucket
[2025-04-05T11:10:24.962+0000] {logging_mixin.py:188} WARNING - /home/***/.local/lib/python3.12/site-packages/***/settings.py:195 DeprecationWarning: The sql_alchemy_conn option in [core] has been moved to the sql_alchemy_conn option in [database] - the old setting has been used, but please update your config.
[2025-04-05T11:10:25.010+0000] {task_command.py:426} INFO - Running <TaskInstance: elt_pipeline.create_bucket scheduled__2025-04-04T00:00:00+00:00 [running]> on host 1b61a216da47
[2025-04-05T11:10:25.131+0000] {taskinstance.py:2648} INFO - Exporting env vars: AIRFLOW_CTX_DAG_OWNER='***' AIRFLOW_CTX_DAG_ID='elt_pipeline' AIRFLOW_CTX_TASK_ID='create_bucket' AIRFLOW_CTX_EXECUTION_DATE='2025-04-04T00:00:00+00:00' AIRFLOW_CTX_TRY_NUMBER='1' AIRFLOW_CTX_DAG_RUN_ID='scheduled__2025-04-04T00:00:00+00:00'
[2025-04-05T11:10:25.132+0000] {taskinstance.py:430} INFO - ::endgroup::
[2025-04-05T11:10:25.153+0000] {python.py:237} INFO - Done. Returned value was: bitcoin
[2025-04-05T11:10:25.153+0000] {taskinstance.py:441} INFO - ::group::Post task execution logs
[2025-04-05T11:10:25.184+0000] {taskinstance.py:1206} INFO - Marking task as SUCCESS. dag_id=elt_pipeline, task_id=create_bucket, run_id=scheduled__2025-04-04T00:00:00+00:00, execution_date=20250404T000000, start_date=20250405T111024, end_date=20250405T111025
[2025-04-05T11:10:25.235+0000] {local_task_job_runner.py:240} INFO - Task exited with return code 0
[2025-04-05T11:10:25.267+0000] {taskinstance.py:3503} INFO - 1 downstream tasks scheduled from follow-on schedule check
[2025-04-05T11:10:25.272+0000] {local_task_job_runner.py:222} INFO - ::endgroup::
[2025-04-05T15:55:35.301+0000] {local_task_job_runner.py:120} INFO - ::group::Pre task execution logs
[2025-04-05T15:55:35.341+0000] {taskinstance.py:2076} INFO - Dependencies all met for dep_context=non-requeueable deps ti=<TaskInstance: elt_pipeline.create_bucket scheduled__2025-04-04T00:00:00+00:00 [queued]>
[2025-04-05T15:55:35.350+0000] {taskinstance.py:2076} INFO - Dependencies all met for dep_context=requeueable deps ti=<TaskInstance: elt_pipeline.create_bucket scheduled__2025-04-04T00:00:00+00:00 [queued]>
[2025-04-05T15:55:35.351+0000] {taskinstance.py:2306} INFO - Starting attempt 1 of 2
[2025-04-05T15:55:35.365+0000] {taskinstance.py:2330} INFO - Executing <Task(PythonOperator): create_bucket> on 2025-04-04 00:00:00+00:00
[2025-04-05T15:55:35.372+0000] {logging_mixin.py:188} WARNING - /home/***/.local/lib/python3.12/site-packages/***/task/task_runner/standard_task_runner.py:61 DeprecationWarning: This process (pid=510) is multi-threaded, use of fork() may lead to deadlocks in the child.
[2025-04-05T15:55:35.372+0000] {standard_task_runner.py:90} INFO - Running: ['***', 'tasks', 'run', 'elt_pipeline', 'create_bucket', 'scheduled__2025-04-04T00:00:00+00:00', '--job-id', '5', '--raw', '--subdir', 'DAGS_FOLDER/elt_pipeline.py', '--cfg-path', '/tmp/tmph0079ts6']
[2025-04-05T15:55:35.374+0000] {standard_task_runner.py:63} INFO - Started process 535 to run task
[2025-04-05T15:55:35.374+0000] {standard_task_runner.py:91} INFO - Job 5: Subtask create_bucket
[2025-04-05T15:55:35.395+0000] {logging_mixin.py:188} WARNING - /home/***/.local/lib/python3.12/site-packages/***/settings.py:195 DeprecationWarning: The sql_alchemy_conn option in [core] has been moved to the sql_alchemy_conn option in [database] - the old setting has been used, but please update your config.
[2025-04-05T15:55:35.441+0000] {task_command.py:426} INFO - Running <TaskInstance: elt_pipeline.create_bucket scheduled__2025-04-04T00:00:00+00:00 [running]> on host a4017603cc0b
[2025-04-05T15:55:35.536+0000] {taskinstance.py:2648} INFO - Exporting env vars: AIRFLOW_CTX_DAG_OWNER='***' AIRFLOW_CTX_DAG_ID='elt_pipeline' AIRFLOW_CTX_TASK_ID='create_bucket' AIRFLOW_CTX_EXECUTION_DATE='2025-04-04T00:00:00+00:00' AIRFLOW_CTX_TRY_NUMBER='1' AIRFLOW_CTX_DAG_RUN_ID='scheduled__2025-04-04T00:00:00+00:00'
[2025-04-05T15:55:35.538+0000] {taskinstance.py:430} INFO - ::endgroup::
[2025-04-05T15:55:35.555+0000] {python.py:237} INFO - Done. Returned value was: bitcoin
[2025-04-05T15:55:35.556+0000] {taskinstance.py:441} INFO - ::group::Post task execution logs
[2025-04-05T15:55:35.582+0000] {taskinstance.py:1206} INFO - Marking task as SUCCESS. dag_id=elt_pipeline, task_id=create_bucket, run_id=scheduled__2025-04-04T00:00:00+00:00, execution_date=20250404T000000, start_date=20250405T155535, end_date=20250405T155535
[2025-04-05T15:55:35.631+0000] {local_task_job_runner.py:240} INFO - Task exited with return code 0
[2025-04-05T15:55:35.662+0000] {taskinstance.py:3503} INFO - 1 downstream tasks scheduled from follow-on schedule check
[2025-04-05T15:55:35.665+0000] {local_task_job_runner.py:222} INFO - ::endgroup::
[2025-04-05T16:31:54.387+0000] {local_task_job_runner.py:120} INFO - ::group::Pre task execution logs
[2025-04-05T16:31:54.426+0000] {taskinstance.py:2076} INFO - Dependencies all met for dep_context=non-requeueable deps ti=<TaskInstance: elt_pipeline.create_bucket scheduled__2025-04-04T00:00:00+00:00 [queued]>
[2025-04-05T16:31:54.436+0000] {taskinstance.py:2076} INFO - Dependencies all met for dep_context=requeueable deps ti=<TaskInstance: elt_pipeline.create_bucket scheduled__2025-04-04T00:00:00+00:00 [queued]>
[2025-04-05T16:31:54.437+0000] {taskinstance.py:2306} INFO - Starting attempt 1 of 2
[2025-04-05T16:31:54.450+0000] {taskinstance.py:2330} INFO - Executing <Task(PythonOperator): create_bucket> on 2025-04-04 00:00:00+00:00
[2025-04-05T16:31:54.459+0000] {logging_mixin.py:188} WARNING - /home/***/.local/lib/python3.12/site-packages/***/task/task_runner/standard_task_runner.py:61 DeprecationWarning: This process (pid=266) is multi-threaded, use of fork() may lead to deadlocks in the child.
[2025-04-05T16:31:54.459+0000] {standard_task_runner.py:90} INFO - Running: ['***', 'tasks', 'run', 'elt_pipeline', 'create_bucket', 'scheduled__2025-04-04T00:00:00+00:00', '--job-id', '5', '--raw', '--subdir', 'DAGS_FOLDER/elt_pipeline.py', '--cfg-path', '/tmp/tmpehzfkdl2']
[2025-04-05T16:31:54.460+0000] {standard_task_runner.py:63} INFO - Started process 290 to run task
[2025-04-05T16:31:54.460+0000] {standard_task_runner.py:91} INFO - Job 5: Subtask create_bucket
[2025-04-05T16:31:54.481+0000] {logging_mixin.py:188} WARNING - /home/***/.local/lib/python3.12/site-packages/***/settings.py:195 DeprecationWarning: The sql_alchemy_conn option in [core] has been moved to the sql_alchemy_conn option in [database] - the old setting has been used, but please update your config.
[2025-04-05T16:31:54.526+0000] {task_command.py:426} INFO - Running <TaskInstance: elt_pipeline.create_bucket scheduled__2025-04-04T00:00:00+00:00 [running]> on host d060e19f414c
[2025-04-05T16:31:54.632+0000] {taskinstance.py:2648} INFO - Exporting env vars: AIRFLOW_CTX_DAG_OWNER='***' AIRFLOW_CTX_DAG_ID='elt_pipeline' AIRFLOW_CTX_TASK_ID='create_bucket' AIRFLOW_CTX_EXECUTION_DATE='2025-04-04T00:00:00+00:00' AIRFLOW_CTX_TRY_NUMBER='1' AIRFLOW_CTX_DAG_RUN_ID='scheduled__2025-04-04T00:00:00+00:00'
[2025-04-05T16:31:54.633+0000] {taskinstance.py:430} INFO - ::endgroup::
[2025-04-05T16:31:54.652+0000] {python.py:237} INFO - Done. Returned value was: bitcoin
[2025-04-05T16:31:54.652+0000] {taskinstance.py:441} INFO - ::group::Post task execution logs
[2025-04-05T16:31:54.685+0000] {taskinstance.py:1206} INFO - Marking task as SUCCESS. dag_id=elt_pipeline, task_id=create_bucket, run_id=scheduled__2025-04-04T00:00:00+00:00, execution_date=20250404T000000, start_date=20250405T163154, end_date=20250405T163154
[2025-04-05T16:31:54.716+0000] {local_task_job_runner.py:240} INFO - Task exited with return code 0
[2025-04-05T16:31:54.743+0000] {taskinstance.py:3503} INFO - 0 downstream tasks scheduled from follow-on schedule check
[2025-04-05T16:31:54.746+0000] {local_task_job_runner.py:222} INFO - ::endgroup::
[2025-04-05T16:41:15.370+0000] {local_task_job_runner.py:120} INFO - ::group::Pre task execution logs
[2025-04-05T16:41:15.414+0000] {taskinstance.py:2076} INFO - Dependencies all met for dep_context=non-requeueable deps ti=<TaskInstance: elt_pipeline.create_bucket scheduled__2025-04-04T00:00:00+00:00 [queued]>
[2025-04-05T16:41:15.424+0000] {taskinstance.py:2076} INFO - Dependencies all met for dep_context=requeueable deps ti=<TaskInstance: elt_pipeline.create_bucket scheduled__2025-04-04T00:00:00+00:00 [queued]>
[2025-04-05T16:41:15.425+0000] {taskinstance.py:2306} INFO - Starting attempt 1 of 2
[2025-04-05T16:41:15.441+0000] {taskinstance.py:2330} INFO - Executing <Task(PythonOperator): create_bucket> on 2025-04-04 00:00:00+00:00
[2025-04-05T16:41:15.448+0000] {logging_mixin.py:188} WARNING - /home/***/.local/lib/python3.12/site-packages/***/task/task_runner/standard_task_runner.py:61 DeprecationWarning: This process (pid=252) is multi-threaded, use of fork() may lead to deadlocks in the child.
[2025-04-05T16:41:15.448+0000] {standard_task_runner.py:90} INFO - Running: ['***', 'tasks', 'run', 'elt_pipeline', 'create_bucket', 'scheduled__2025-04-04T00:00:00+00:00', '--job-id', '3', '--raw', '--subdir', 'DAGS_FOLDER/elt_pipeline.py', '--cfg-path', '/tmp/tmpzh6m63ui']
[2025-04-05T16:41:15.449+0000] {standard_task_runner.py:63} INFO - Started process 264 to run task
[2025-04-05T16:41:15.450+0000] {standard_task_runner.py:91} INFO - Job 3: Subtask create_bucket
[2025-04-05T16:41:15.472+0000] {logging_mixin.py:188} WARNING - /home/***/.local/lib/python3.12/site-packages/***/settings.py:195 DeprecationWarning: The sql_alchemy_conn option in [core] has been moved to the sql_alchemy_conn option in [database] - the old setting has been used, but please update your config.
[2025-04-05T16:41:15.518+0000] {task_command.py:426} INFO - Running <TaskInstance: elt_pipeline.create_bucket scheduled__2025-04-04T00:00:00+00:00 [running]> on host 658edd075563
[2025-04-05T16:41:15.621+0000] {taskinstance.py:2648} INFO - Exporting env vars: AIRFLOW_CTX_DAG_OWNER='***' AIRFLOW_CTX_DAG_ID='elt_pipeline' AIRFLOW_CTX_TASK_ID='create_bucket' AIRFLOW_CTX_EXECUTION_DATE='2025-04-04T00:00:00+00:00' AIRFLOW_CTX_TRY_NUMBER='1' AIRFLOW_CTX_DAG_RUN_ID='scheduled__2025-04-04T00:00:00+00:00'
[2025-04-05T16:41:15.622+0000] {taskinstance.py:430} INFO - ::endgroup::
[2025-04-05T16:41:15.645+0000] {python.py:237} INFO - Done. Returned value was: bitcoin
[2025-04-05T16:41:15.646+0000] {taskinstance.py:441} INFO - ::group::Post task execution logs
[2025-04-05T16:41:15.683+0000] {taskinstance.py:1206} INFO - Marking task as SUCCESS. dag_id=elt_pipeline, task_id=create_bucket, run_id=scheduled__2025-04-04T00:00:00+00:00, execution_date=20250404T000000, start_date=20250405T164115, end_date=20250405T164115
[2025-04-05T16:41:15.749+0000] {local_task_job_runner.py:240} INFO - Task exited with return code 0
[2025-04-05T16:41:15.780+0000] {taskinstance.py:3503} INFO - 1 downstream tasks scheduled from follow-on schedule check
[2025-04-05T16:41:15.786+0000] {local_task_job_runner.py:222} INFO - ::endgroup::
[2025-04-05T16:43:43.738+0000] {local_task_job_runner.py:120} INFO - ::group::Pre task execution logs
[2025-04-05T16:43:43.772+0000] {taskinstance.py:2076} INFO - Dependencies all met for dep_context=non-requeueable deps ti=<TaskInstance: elt_pipeline.create_bucket scheduled__2025-04-04T00:00:00+00:00 [queued]>
[2025-04-05T16:43:43.781+0000] {taskinstance.py:2076} INFO - Dependencies all met for dep_context=requeueable deps ti=<TaskInstance: elt_pipeline.create_bucket scheduled__2025-04-04T00:00:00+00:00 [queued]>
[2025-04-05T16:43:43.782+0000] {taskinstance.py:2306} INFO - Starting attempt 1 of 2
[2025-04-05T16:43:43.797+0000] {taskinstance.py:2330} INFO - Executing <Task(PythonOperator): create_bucket> on 2025-04-04 00:00:00+00:00
[2025-04-05T16:43:43.805+0000] {logging_mixin.py:188} WARNING - /home/***/.local/lib/python3.12/site-packages/***/task/task_runner/standard_task_runner.py:61 DeprecationWarning: This process (pid=252) is multi-threaded, use of fork() may lead to deadlocks in the child.
[2025-04-05T16:43:43.805+0000] {standard_task_runner.py:90} INFO - Running: ['***', 'tasks', 'run', 'elt_pipeline', 'create_bucket', 'scheduled__2025-04-04T00:00:00+00:00', '--job-id', '3', '--raw', '--subdir', 'DAGS_FOLDER/elt_pipeline.py', '--cfg-path', '/tmp/tmpko2puilz']
[2025-04-05T16:43:43.806+0000] {standard_task_runner.py:63} INFO - Started process 264 to run task
[2025-04-05T16:43:43.807+0000] {standard_task_runner.py:91} INFO - Job 3: Subtask create_bucket
[2025-04-05T16:43:43.826+0000] {logging_mixin.py:188} WARNING - /home/***/.local/lib/python3.12/site-packages/***/settings.py:195 DeprecationWarning: The sql_alchemy_conn option in [core] has been moved to the sql_alchemy_conn option in [database] - the old setting has been used, but please update your config.
[2025-04-05T16:43:43.869+0000] {task_command.py:426} INFO - Running <TaskInstance: elt_pipeline.create_bucket scheduled__2025-04-04T00:00:00+00:00 [running]> on host 1f8025531576
[2025-04-05T16:43:43.964+0000] {taskinstance.py:2648} INFO - Exporting env vars: AIRFLOW_CTX_DAG_OWNER='***' AIRFLOW_CTX_DAG_ID='elt_pipeline' AIRFLOW_CTX_TASK_ID='create_bucket' AIRFLOW_CTX_EXECUTION_DATE='2025-04-04T00:00:00+00:00' AIRFLOW_CTX_TRY_NUMBER='1' AIRFLOW_CTX_DAG_RUN_ID='scheduled__2025-04-04T00:00:00+00:00'
[2025-04-05T16:43:43.965+0000] {taskinstance.py:430} INFO - ::endgroup::
[2025-04-05T16:43:43.981+0000] {python.py:237} INFO - Done. Returned value was: bitcoin
[2025-04-05T16:43:43.982+0000] {taskinstance.py:441} INFO - ::group::Post task execution logs
[2025-04-05T16:43:44.010+0000] {taskinstance.py:1206} INFO - Marking task as SUCCESS. dag_id=elt_pipeline, task_id=create_bucket, run_id=scheduled__2025-04-04T00:00:00+00:00, execution_date=20250404T000000, start_date=20250405T164343, end_date=20250405T164344
[2025-04-05T16:43:44.072+0000] {local_task_job_runner.py:240} INFO - Task exited with return code 0
[2025-04-05T16:43:44.104+0000] {taskinstance.py:3503} INFO - 1 downstream tasks scheduled from follow-on schedule check
[2025-04-05T16:43:44.108+0000] {local_task_job_runner.py:222} INFO - ::endgroup::
[2025-04-05T17:21:50.319+0000] {local_task_job_runner.py:120} INFO - ::group::Pre task execution logs
[2025-04-05T17:21:50.358+0000] {taskinstance.py:2076} INFO - Dependencies all met for dep_context=non-requeueable deps ti=<TaskInstance: elt_pipeline.create_bucket scheduled__2025-04-04T00:00:00+00:00 [queued]>
[2025-04-05T17:21:50.367+0000] {taskinstance.py:2076} INFO - Dependencies all met for dep_context=requeueable deps ti=<TaskInstance: elt_pipeline.create_bucket scheduled__2025-04-04T00:00:00+00:00 [queued]>
[2025-04-05T17:21:50.368+0000] {taskinstance.py:2306} INFO - Starting attempt 1 of 2
[2025-04-05T17:21:50.383+0000] {taskinstance.py:2330} INFO - Executing <Task(PythonOperator): create_bucket> on 2025-04-04 00:00:00+00:00
[2025-04-05T17:21:50.392+0000] {logging_mixin.py:188} WARNING - /home/***/.local/lib/python3.12/site-packages/***/task/task_runner/standard_task_runner.py:61 DeprecationWarning: This process (pid=295) is multi-threaded, use of fork() may lead to deadlocks in the child.
[2025-04-05T17:21:50.392+0000] {standard_task_runner.py:90} INFO - Running: ['***', 'tasks', 'run', 'elt_pipeline', 'create_bucket', 'scheduled__2025-04-04T00:00:00+00:00', '--job-id', '3', '--raw', '--subdir', 'DAGS_FOLDER/elt_pipeline.py', '--cfg-path', '/tmp/tmpcq5lf32d']
[2025-04-05T17:21:50.393+0000] {standard_task_runner.py:63} INFO - Started process 314 to run task
[2025-04-05T17:21:50.394+0000] {standard_task_runner.py:91} INFO - Job 3: Subtask create_bucket
[2025-04-05T17:21:50.412+0000] {logging_mixin.py:188} WARNING - /home/***/.local/lib/python3.12/site-packages/***/settings.py:195 DeprecationWarning: The sql_alchemy_conn option in [core] has been moved to the sql_alchemy_conn option in [database] - the old setting has been used, but please update your config.
[2025-04-05T17:21:50.454+0000] {task_command.py:426} INFO - Running <TaskInstance: elt_pipeline.create_bucket scheduled__2025-04-04T00:00:00+00:00 [running]> on host 3662cb577b20
[2025-04-05T17:21:50.548+0000] {taskinstance.py:2648} INFO - Exporting env vars: AIRFLOW_CTX_DAG_OWNER='***' AIRFLOW_CTX_DAG_ID='elt_pipeline' AIRFLOW_CTX_TASK_ID='create_bucket' AIRFLOW_CTX_EXECUTION_DATE='2025-04-04T00:00:00+00:00' AIRFLOW_CTX_TRY_NUMBER='1' AIRFLOW_CTX_DAG_RUN_ID='scheduled__2025-04-04T00:00:00+00:00'
[2025-04-05T17:21:50.549+0000] {taskinstance.py:430} INFO - ::endgroup::
[2025-04-05T17:21:50.566+0000] {python.py:237} INFO - Done. Returned value was: bitcoin
[2025-04-05T17:21:50.567+0000] {taskinstance.py:441} INFO - ::group::Post task execution logs
[2025-04-05T17:21:50.598+0000] {taskinstance.py:1206} INFO - Marking task as SUCCESS. dag_id=elt_pipeline, task_id=create_bucket, run_id=scheduled__2025-04-04T00:00:00+00:00, execution_date=20250404T000000, start_date=20250405T172150, end_date=20250405T172150
[2025-04-05T17:21:50.650+0000] {local_task_job_runner.py:240} INFO - Task exited with return code 0
[2025-04-05T17:21:50.682+0000] {taskinstance.py:3503} INFO - 1 downstream tasks scheduled from follow-on schedule check
[2025-04-05T17:21:50.684+0000] {local_task_job_runner.py:222} INFO - ::endgroup::
[2025-04-05T17:29:06.972+0000] {local_task_job_runner.py:120} INFO - ::group::Pre task execution logs
[2025-04-05T17:29:07.003+0000] {taskinstance.py:2076} INFO - Dependencies all met for dep_context=non-requeueable deps ti=<TaskInstance: elt_pipeline.create_bucket scheduled__2025-04-04T00:00:00+00:00 [queued]>
[2025-04-05T17:29:07.010+0000] {taskinstance.py:2076} INFO - Dependencies all met for dep_context=requeueable deps ti=<TaskInstance: elt_pipeline.create_bucket scheduled__2025-04-04T00:00:00+00:00 [queued]>
[2025-04-05T17:29:07.011+0000] {taskinstance.py:2306} INFO - Starting attempt 1 of 2
[2025-04-05T17:29:07.023+0000] {taskinstance.py:2330} INFO - Executing <Task(PythonOperator): create_bucket> on 2025-04-04 00:00:00+00:00
[2025-04-05T17:29:07.029+0000] {logging_mixin.py:188} WARNING - /home/***/.local/lib/python3.12/site-packages/***/task/task_runner/standard_task_runner.py:61 DeprecationWarning: This process (pid=294) is multi-threaded, use of fork() may lead to deadlocks in the child.
[2025-04-05T17:29:07.029+0000] {standard_task_runner.py:90} INFO - Running: ['***', 'tasks', 'run', 'elt_pipeline', 'create_bucket', 'scheduled__2025-04-04T00:00:00+00:00', '--job-id', '3', '--raw', '--subdir', 'DAGS_FOLDER/elt_pipeline.py', '--cfg-path', '/tmp/tmpu__qc2nk']
[2025-04-05T17:29:07.030+0000] {standard_task_runner.py:63} INFO - Started process 306 to run task
[2025-04-05T17:29:07.031+0000] {standard_task_runner.py:91} INFO - Job 3: Subtask create_bucket
[2025-04-05T17:29:07.047+0000] {logging_mixin.py:188} WARNING - /home/***/.local/lib/python3.12/site-packages/***/settings.py:195 DeprecationWarning: The sql_alchemy_conn option in [core] has been moved to the sql_alchemy_conn option in [database] - the old setting has been used, but please update your config.
[2025-04-05T17:29:07.085+0000] {task_command.py:426} INFO - Running <TaskInstance: elt_pipeline.create_bucket scheduled__2025-04-04T00:00:00+00:00 [running]> on host de3d8b486e6c
[2025-04-05T17:29:07.164+0000] {taskinstance.py:2648} INFO - Exporting env vars: AIRFLOW_CTX_DAG_OWNER='***' AIRFLOW_CTX_DAG_ID='elt_pipeline' AIRFLOW_CTX_TASK_ID='create_bucket' AIRFLOW_CTX_EXECUTION_DATE='2025-04-04T00:00:00+00:00' AIRFLOW_CTX_TRY_NUMBER='1' AIRFLOW_CTX_DAG_RUN_ID='scheduled__2025-04-04T00:00:00+00:00'
[2025-04-05T17:29:07.165+0000] {taskinstance.py:430} INFO - ::endgroup::
[2025-04-05T17:29:07.181+0000] {python.py:237} INFO - Done. Returned value was: bitcoin
[2025-04-05T17:29:07.182+0000] {taskinstance.py:441} INFO - ::group::Post task execution logs
[2025-04-05T17:29:07.209+0000] {taskinstance.py:1206} INFO - Marking task as SUCCESS. dag_id=elt_pipeline, task_id=create_bucket, run_id=scheduled__2025-04-04T00:00:00+00:00, execution_date=20250404T000000, start_date=20250405T172907, end_date=20250405T172907
[2025-04-05T17:29:07.255+0000] {local_task_job_runner.py:240} INFO - Task exited with return code 0
[2025-04-05T17:29:07.278+0000] {taskinstance.py:3503} INFO - 1 downstream tasks scheduled from follow-on schedule check
[2025-04-05T17:29:07.281+0000] {local_task_job_runner.py:222} INFO - ::endgroup::
