[2025-04-09T08:39:28.355+0000] {local_task_job_runner.py:120} INFO - ::group::Pre task execution logs
[2025-04-09T08:39:28.394+0000] {taskinstance.py:2076} INFO - Dependencies all met for dep_context=non-requeueable deps ti=<TaskInstance: elt_pipeline.load_data_from_minio_to_duckdb manual__2025-04-09T08:39:23.626601+00:00 [queued]>
[2025-04-09T08:39:28.404+0000] {taskinstance.py:2076} INFO - Dependencies all met for dep_context=requeueable deps ti=<TaskInstance: elt_pipeline.load_data_from_minio_to_duckdb manual__2025-04-09T08:39:23.626601+00:00 [queued]>
[2025-04-09T08:39:28.405+0000] {taskinstance.py:2306} INFO - Starting attempt 1 of 2
[2025-04-09T08:39:28.421+0000] {taskinstance.py:2330} INFO - Executing <Task(PythonOperator): load_data_from_minio_to_duckdb> on 2025-04-09 08:39:23.626601+00:00
[2025-04-09T08:39:28.431+0000] {logging_mixin.py:188} WARNING - /home/***/.local/lib/python3.12/site-packages/***/task/task_runner/standard_task_runner.py:61 DeprecationWarning: This process (pid=1125) is multi-threaded, use of fork() may lead to deadlocks in the child.
[2025-04-09T08:39:28.433+0000] {standard_task_runner.py:63} INFO - Started process 1137 to run task
[2025-04-09T08:39:28.431+0000] {standard_task_runner.py:90} INFO - Running: ['***', 'tasks', 'run', 'elt_pipeline', 'load_data_from_minio_to_duckdb', 'manual__2025-04-09T08:39:23.626601+00:00', '--job-id', '20', '--raw', '--subdir', 'DAGS_FOLDER/elt_pipeline.py', '--cfg-path', '/tmp/tmp8hkq8ny7']
[2025-04-09T08:39:28.433+0000] {standard_task_runner.py:91} INFO - Job 20: Subtask load_data_from_minio_to_duckdb
[2025-04-09T08:39:28.454+0000] {logging_mixin.py:188} WARNING - /home/***/.local/lib/python3.12/site-packages/***/settings.py:195 DeprecationWarning: The sql_alchemy_conn option in [core] has been moved to the sql_alchemy_conn option in [database] - the old setting has been used, but please update your config.
[2025-04-09T08:39:28.498+0000] {task_command.py:426} INFO - Running <TaskInstance: elt_pipeline.load_data_from_minio_to_duckdb manual__2025-04-09T08:39:23.626601+00:00 [running]> on host 208e59669cb5
[2025-04-09T08:39:28.635+0000] {taskinstance.py:2648} INFO - Exporting env vars: AIRFLOW_CTX_DAG_OWNER='***' AIRFLOW_CTX_DAG_ID='elt_pipeline' AIRFLOW_CTX_TASK_ID='load_data_from_minio_to_duckdb' AIRFLOW_CTX_EXECUTION_DATE='2025-04-09T08:39:23.626601+00:00' AIRFLOW_CTX_TRY_NUMBER='1' AIRFLOW_CTX_DAG_RUN_ID='manual__2025-04-09T08:39:23.626601+00:00'
[2025-04-09T08:39:28.637+0000] {taskinstance.py:430} INFO - ::endgroup::
[2025-04-09T08:39:29.228+0000] {extractor.py:97} INFO - Last load date: 2021-01-03
[2025-04-09T08:39:29.229+0000] {extractor.py:98} INFO - Next load date: 2021-01-04
[2025-04-09T08:39:29.238+0000] {init_minio.py:24} INFO - Minio client connected successfully
[2025-04-09T08:39:29.280+0000] {extractor.py:137} ERROR - Error loading data to DuckDB: Conversion Error: CSV Error on Line: 2
Original Line: 32872.7692465489242831,1609718400000,2021-01-04T00:00:00.000Z,18589737.0000000000000000
Error when converting column "date". Could not convert string "2021-01-04T00:00:00.000Z" to 'DOUBLE'

Column date is being converted as type DOUBLE
This type was auto-detected from the CSV file.
Possible solutions:
* Override the type for this column manually by setting the type explicitly, e.g. types={'date': 'VARCHAR'}
* Set the sample size to a larger value to enable the auto-detection to scan more values, e.g. sample_size=-1
* Use a COPY statement to automatically derive types from an existing table.

  file=temp/bitcoin-2021-01-04
  delimiter = , (Auto-Detected)
  quote = " (Auto-Detected)
  escape = " (Auto-Detected)
  new_line = \r\n (Auto-Detected)
  header = true (Set By User)
  skip_rows = 0 (Auto-Detected)
  comment = \0 (Auto-Detected)
  date_format =  (Auto-Detected)
  timestamp_format =  (Auto-Detected)
  null_padding=0
  sample_size=20480
  ignore_errors=false
  all_varchar=0


[2025-04-09T08:39:29.284+0000] {python.py:237} INFO - Done. Returned value was: None
[2025-04-09T08:39:29.285+0000] {taskinstance.py:441} INFO - ::group::Post task execution logs
[2025-04-09T08:39:29.321+0000] {taskinstance.py:1206} INFO - Marking task as SUCCESS. dag_id=elt_pipeline, task_id=load_data_from_minio_to_duckdb, run_id=manual__2025-04-09T08:39:23.626601+00:00, execution_date=20250409T083923, start_date=20250409T083928, end_date=20250409T083929
[2025-04-09T08:39:29.410+0000] {local_task_job_runner.py:240} INFO - Task exited with return code 0
[2025-04-09T08:39:29.427+0000] {taskinstance.py:3503} INFO - 0 downstream tasks scheduled from follow-on schedule check
[2025-04-09T08:39:29.432+0000] {local_task_job_runner.py:222} INFO - ::endgroup::
