[2025-04-08T18:43:17.119+0000] {processor.py:161} INFO - Started process (PID=219) to work on /opt/airflow/dags/run_streamlit.py
[2025-04-08T18:43:17.121+0000] {processor.py:830} INFO - Processing file /opt/airflow/dags/run_streamlit.py for tasks to queue
[2025-04-08T18:43:17.124+0000] {logging_mixin.py:188} INFO - [2025-04-08T18:43:17.123+0000] {dagbag.py:545} INFO - Filling up the DagBag from /opt/airflow/dags/run_streamlit.py
[2025-04-08T18:43:17.155+0000] {processor.py:840} INFO - DAG(s) 'run_streamlit' retrieved from /opt/airflow/dags/run_streamlit.py
[2025-04-08T18:43:17.205+0000] {logging_mixin.py:188} INFO - [2025-04-08T18:43:17.204+0000] {dag.py:3096} INFO - Sync 1 DAGs
[2025-04-08T18:43:17.238+0000] {logging_mixin.py:188} INFO - [2025-04-08T18:43:17.238+0000] {dag.py:3954} INFO - Setting next_dagrun for run_streamlit to None, run_after=None
[2025-04-08T18:43:17.270+0000] {processor.py:183} INFO - Processing /opt/airflow/dags/run_streamlit.py took 0.159 seconds
[2025-04-08T18:43:47.693+0000] {processor.py:161} INFO - Started process (PID=270) to work on /opt/airflow/dags/run_streamlit.py
[2025-04-08T18:43:47.694+0000] {processor.py:830} INFO - Processing file /opt/airflow/dags/run_streamlit.py for tasks to queue
[2025-04-08T18:43:47.696+0000] {logging_mixin.py:188} INFO - [2025-04-08T18:43:47.695+0000] {dagbag.py:545} INFO - Filling up the DagBag from /opt/airflow/dags/run_streamlit.py
[2025-04-08T18:43:47.716+0000] {processor.py:840} INFO - DAG(s) 'run_streamlit' retrieved from /opt/airflow/dags/run_streamlit.py
[2025-04-08T18:43:47.745+0000] {logging_mixin.py:188} INFO - [2025-04-08T18:43:47.745+0000] {dag.py:3096} INFO - Sync 1 DAGs
[2025-04-08T18:43:47.765+0000] {logging_mixin.py:188} INFO - [2025-04-08T18:43:47.765+0000] {dag.py:3954} INFO - Setting next_dagrun for run_streamlit to None, run_after=None
[2025-04-08T18:43:47.789+0000] {processor.py:183} INFO - Processing /opt/airflow/dags/run_streamlit.py took 0.102 seconds
[2025-04-08T18:45:16.173+0000] {processor.py:161} INFO - Started process (PID=208) to work on /opt/airflow/dags/run_streamlit.py
[2025-04-08T18:45:16.174+0000] {processor.py:830} INFO - Processing file /opt/airflow/dags/run_streamlit.py for tasks to queue
[2025-04-08T18:45:16.176+0000] {logging_mixin.py:188} INFO - [2025-04-08T18:45:16.176+0000] {dagbag.py:545} INFO - Filling up the DagBag from /opt/airflow/dags/run_streamlit.py
[2025-04-08T18:45:16.218+0000] {processor.py:840} INFO - DAG(s) 'run_streamlit' retrieved from /opt/airflow/dags/run_streamlit.py
[2025-04-08T18:45:16.559+0000] {logging_mixin.py:188} INFO - [2025-04-08T18:45:16.558+0000] {override.py:1829} INFO - Created Permission View: can read on DAG:run_streamlit
[2025-04-08T18:45:16.573+0000] {logging_mixin.py:188} INFO - [2025-04-08T18:45:16.572+0000] {override.py:1829} INFO - Created Permission View: can delete on DAG:run_streamlit
[2025-04-08T18:45:16.584+0000] {logging_mixin.py:188} INFO - [2025-04-08T18:45:16.584+0000] {override.py:1829} INFO - Created Permission View: can edit on DAG:run_streamlit
[2025-04-08T18:45:16.585+0000] {logging_mixin.py:188} INFO - [2025-04-08T18:45:16.585+0000] {dag.py:3096} INFO - Sync 1 DAGs
[2025-04-08T18:45:16.597+0000] {logging_mixin.py:188} INFO - [2025-04-08T18:45:16.596+0000] {dag.py:3118} INFO - Creating ORM DAG for run_streamlit
[2025-04-08T18:45:16.606+0000] {logging_mixin.py:188} INFO - [2025-04-08T18:45:16.606+0000] {dag.py:3954} INFO - Setting next_dagrun for run_streamlit to None, run_after=None
[2025-04-08T18:45:16.640+0000] {processor.py:183} INFO - Processing /opt/airflow/dags/run_streamlit.py took 0.474 seconds
[2025-04-08T18:45:46.870+0000] {processor.py:161} INFO - Started process (PID=259) to work on /opt/airflow/dags/run_streamlit.py
[2025-04-08T18:45:46.871+0000] {processor.py:830} INFO - Processing file /opt/airflow/dags/run_streamlit.py for tasks to queue
[2025-04-08T18:45:46.873+0000] {logging_mixin.py:188} INFO - [2025-04-08T18:45:46.873+0000] {dagbag.py:545} INFO - Filling up the DagBag from /opt/airflow/dags/run_streamlit.py
[2025-04-08T18:45:46.894+0000] {processor.py:840} INFO - DAG(s) 'run_streamlit' retrieved from /opt/airflow/dags/run_streamlit.py
[2025-04-08T18:45:46.929+0000] {logging_mixin.py:188} INFO - [2025-04-08T18:45:46.929+0000] {dag.py:3096} INFO - Sync 1 DAGs
[2025-04-08T18:45:46.952+0000] {logging_mixin.py:188} INFO - [2025-04-08T18:45:46.952+0000] {dag.py:3954} INFO - Setting next_dagrun for run_streamlit to None, run_after=None
[2025-04-08T18:45:46.976+0000] {processor.py:183} INFO - Processing /opt/airflow/dags/run_streamlit.py took 0.111 seconds
[2025-04-08T18:46:17.618+0000] {processor.py:161} INFO - Started process (PID=317) to work on /opt/airflow/dags/run_streamlit.py
[2025-04-08T18:46:17.620+0000] {processor.py:830} INFO - Processing file /opt/airflow/dags/run_streamlit.py for tasks to queue
[2025-04-08T18:46:17.623+0000] {logging_mixin.py:188} INFO - [2025-04-08T18:46:17.622+0000] {dagbag.py:545} INFO - Filling up the DagBag from /opt/airflow/dags/run_streamlit.py
[2025-04-08T18:46:17.646+0000] {processor.py:840} INFO - DAG(s) 'run_streamlit' retrieved from /opt/airflow/dags/run_streamlit.py
[2025-04-08T18:46:17.678+0000] {logging_mixin.py:188} INFO - [2025-04-08T18:46:17.678+0000] {dag.py:3096} INFO - Sync 1 DAGs
[2025-04-08T18:46:17.700+0000] {logging_mixin.py:188} INFO - [2025-04-08T18:46:17.700+0000] {dag.py:3954} INFO - Setting next_dagrun for run_streamlit to None, run_after=None
[2025-04-08T18:46:17.727+0000] {processor.py:183} INFO - Processing /opt/airflow/dags/run_streamlit.py took 0.117 seconds
[2025-04-08T18:46:48.258+0000] {processor.py:161} INFO - Started process (PID=368) to work on /opt/airflow/dags/run_streamlit.py
[2025-04-08T18:46:48.259+0000] {processor.py:830} INFO - Processing file /opt/airflow/dags/run_streamlit.py for tasks to queue
[2025-04-08T18:46:48.261+0000] {logging_mixin.py:188} INFO - [2025-04-08T18:46:48.261+0000] {dagbag.py:545} INFO - Filling up the DagBag from /opt/airflow/dags/run_streamlit.py
[2025-04-08T18:46:48.282+0000] {processor.py:840} INFO - DAG(s) 'run_streamlit' retrieved from /opt/airflow/dags/run_streamlit.py
[2025-04-08T18:46:48.316+0000] {logging_mixin.py:188} INFO - [2025-04-08T18:46:48.316+0000] {dag.py:3096} INFO - Sync 1 DAGs
[2025-04-08T18:46:48.338+0000] {logging_mixin.py:188} INFO - [2025-04-08T18:46:48.337+0000] {dag.py:3954} INFO - Setting next_dagrun for run_streamlit to None, run_after=None
[2025-04-08T18:46:48.364+0000] {processor.py:183} INFO - Processing /opt/airflow/dags/run_streamlit.py took 0.114 seconds
[2025-04-08T18:49:11.901+0000] {processor.py:161} INFO - Started process (PID=213) to work on /opt/airflow/dags/run_streamlit.py
[2025-04-08T18:49:11.903+0000] {processor.py:830} INFO - Processing file /opt/airflow/dags/run_streamlit.py for tasks to queue
[2025-04-08T18:49:11.904+0000] {logging_mixin.py:188} INFO - [2025-04-08T18:49:11.904+0000] {dagbag.py:545} INFO - Filling up the DagBag from /opt/airflow/dags/run_streamlit.py
[2025-04-08T18:49:11.927+0000] {processor.py:840} INFO - DAG(s) 'run_streamlit' retrieved from /opt/airflow/dags/run_streamlit.py
[2025-04-08T18:49:11.942+0000] {logging_mixin.py:188} INFO - [2025-04-08T18:49:11.941+0000] {dag.py:3096} INFO - Sync 1 DAGs
[2025-04-08T18:49:11.963+0000] {logging_mixin.py:188} INFO - [2025-04-08T18:49:11.963+0000] {dag.py:3954} INFO - Setting next_dagrun for run_streamlit to None, run_after=None
[2025-04-08T18:49:11.988+0000] {processor.py:183} INFO - Processing /opt/airflow/dags/run_streamlit.py took 0.093 seconds
[2025-04-08T18:49:43.252+0000] {processor.py:161} INFO - Started process (PID=270) to work on /opt/airflow/dags/run_streamlit.py
[2025-04-08T18:49:43.253+0000] {processor.py:830} INFO - Processing file /opt/airflow/dags/run_streamlit.py for tasks to queue
[2025-04-08T18:49:43.255+0000] {logging_mixin.py:188} INFO - [2025-04-08T18:49:43.254+0000] {dagbag.py:545} INFO - Filling up the DagBag from /opt/airflow/dags/run_streamlit.py
[2025-04-08T18:49:43.275+0000] {processor.py:840} INFO - DAG(s) 'run_streamlit' retrieved from /opt/airflow/dags/run_streamlit.py
[2025-04-08T18:49:43.381+0000] {logging_mixin.py:188} INFO - [2025-04-08T18:49:43.381+0000] {dag.py:3096} INFO - Sync 1 DAGs
[2025-04-08T18:49:43.400+0000] {logging_mixin.py:188} INFO - [2025-04-08T18:49:43.399+0000] {dag.py:3954} INFO - Setting next_dagrun for run_streamlit to None, run_after=None
[2025-04-08T18:49:43.422+0000] {processor.py:183} INFO - Processing /opt/airflow/dags/run_streamlit.py took 0.176 seconds
[2025-04-08T18:50:14.372+0000] {processor.py:161} INFO - Started process (PID=327) to work on /opt/airflow/dags/run_streamlit.py
[2025-04-08T18:50:14.373+0000] {processor.py:830} INFO - Processing file /opt/airflow/dags/run_streamlit.py for tasks to queue
[2025-04-08T18:50:14.374+0000] {logging_mixin.py:188} INFO - [2025-04-08T18:50:14.374+0000] {dagbag.py:545} INFO - Filling up the DagBag from /opt/airflow/dags/run_streamlit.py
[2025-04-08T18:50:14.397+0000] {processor.py:840} INFO - DAG(s) 'run_streamlit' retrieved from /opt/airflow/dags/run_streamlit.py
[2025-04-08T18:50:14.431+0000] {logging_mixin.py:188} INFO - [2025-04-08T18:50:14.431+0000] {dag.py:3096} INFO - Sync 1 DAGs
[2025-04-08T18:50:14.450+0000] {logging_mixin.py:188} INFO - [2025-04-08T18:50:14.450+0000] {dag.py:3954} INFO - Setting next_dagrun for run_streamlit to None, run_after=None
[2025-04-08T18:50:14.482+0000] {processor.py:183} INFO - Processing /opt/airflow/dags/run_streamlit.py took 0.117 seconds
[2025-04-08T18:50:45.412+0000] {processor.py:161} INFO - Started process (PID=441) to work on /opt/airflow/dags/run_streamlit.py
[2025-04-08T18:50:45.413+0000] {processor.py:830} INFO - Processing file /opt/airflow/dags/run_streamlit.py for tasks to queue
[2025-04-08T18:50:45.415+0000] {logging_mixin.py:188} INFO - [2025-04-08T18:50:45.414+0000] {dagbag.py:545} INFO - Filling up the DagBag from /opt/airflow/dags/run_streamlit.py
[2025-04-08T18:50:45.441+0000] {processor.py:840} INFO - DAG(s) 'run_streamlit' retrieved from /opt/airflow/dags/run_streamlit.py
[2025-04-08T18:50:45.476+0000] {logging_mixin.py:188} INFO - [2025-04-08T18:50:45.476+0000] {dag.py:3096} INFO - Sync 1 DAGs
[2025-04-08T18:50:45.497+0000] {logging_mixin.py:188} INFO - [2025-04-08T18:50:45.497+0000] {dag.py:3954} INFO - Setting next_dagrun for run_streamlit to None, run_after=None
[2025-04-08T18:50:45.518+0000] {processor.py:183} INFO - Processing /opt/airflow/dags/run_streamlit.py took 0.113 seconds
[2025-04-08T18:51:16.809+0000] {processor.py:161} INFO - Started process (PID=501) to work on /opt/airflow/dags/run_streamlit.py
[2025-04-08T18:51:16.811+0000] {processor.py:830} INFO - Processing file /opt/airflow/dags/run_streamlit.py for tasks to queue
[2025-04-08T18:51:16.814+0000] {logging_mixin.py:188} INFO - [2025-04-08T18:51:16.814+0000] {dagbag.py:545} INFO - Filling up the DagBag from /opt/airflow/dags/run_streamlit.py
[2025-04-08T18:51:16.840+0000] {processor.py:840} INFO - DAG(s) 'run_streamlit' retrieved from /opt/airflow/dags/run_streamlit.py
[2025-04-08T18:51:16.879+0000] {logging_mixin.py:188} INFO - [2025-04-08T18:51:16.878+0000] {dag.py:3096} INFO - Sync 1 DAGs
[2025-04-08T18:51:16.905+0000] {logging_mixin.py:188} INFO - [2025-04-08T18:51:16.905+0000] {dag.py:3954} INFO - Setting next_dagrun for run_streamlit to None, run_after=None
[2025-04-08T18:51:16.938+0000] {processor.py:183} INFO - Processing /opt/airflow/dags/run_streamlit.py took 0.138 seconds
[2025-04-08T18:51:48.014+0000] {processor.py:161} INFO - Started process (PID=552) to work on /opt/airflow/dags/run_streamlit.py
[2025-04-08T18:51:48.016+0000] {processor.py:830} INFO - Processing file /opt/airflow/dags/run_streamlit.py for tasks to queue
[2025-04-08T18:51:48.017+0000] {logging_mixin.py:188} INFO - [2025-04-08T18:51:48.017+0000] {dagbag.py:545} INFO - Filling up the DagBag from /opt/airflow/dags/run_streamlit.py
[2025-04-08T18:51:48.038+0000] {processor.py:840} INFO - DAG(s) 'run_streamlit' retrieved from /opt/airflow/dags/run_streamlit.py
[2025-04-08T18:51:48.068+0000] {logging_mixin.py:188} INFO - [2025-04-08T18:51:48.068+0000] {dag.py:3096} INFO - Sync 1 DAGs
[2025-04-08T18:51:48.087+0000] {logging_mixin.py:188} INFO - [2025-04-08T18:51:48.087+0000] {dag.py:3954} INFO - Setting next_dagrun for run_streamlit to None, run_after=None
[2025-04-08T18:51:48.109+0000] {processor.py:183} INFO - Processing /opt/airflow/dags/run_streamlit.py took 0.102 seconds
[2025-04-08T18:52:19.239+0000] {processor.py:161} INFO - Started process (PID=610) to work on /opt/airflow/dags/run_streamlit.py
[2025-04-08T18:52:19.240+0000] {processor.py:830} INFO - Processing file /opt/airflow/dags/run_streamlit.py for tasks to queue
[2025-04-08T18:52:19.243+0000] {logging_mixin.py:188} INFO - [2025-04-08T18:52:19.242+0000] {dagbag.py:545} INFO - Filling up the DagBag from /opt/airflow/dags/run_streamlit.py
[2025-04-08T18:52:19.269+0000] {processor.py:840} INFO - DAG(s) 'run_streamlit' retrieved from /opt/airflow/dags/run_streamlit.py
[2025-04-08T18:52:19.306+0000] {logging_mixin.py:188} INFO - [2025-04-08T18:52:19.306+0000] {dag.py:3096} INFO - Sync 1 DAGs
[2025-04-08T18:52:19.332+0000] {logging_mixin.py:188} INFO - [2025-04-08T18:52:19.332+0000] {dag.py:3954} INFO - Setting next_dagrun for run_streamlit to None, run_after=None
[2025-04-08T18:52:19.360+0000] {processor.py:183} INFO - Processing /opt/airflow/dags/run_streamlit.py took 0.128 seconds
[2025-04-08T18:52:50.432+0000] {processor.py:161} INFO - Started process (PID=660) to work on /opt/airflow/dags/run_streamlit.py
[2025-04-08T18:52:50.434+0000] {processor.py:830} INFO - Processing file /opt/airflow/dags/run_streamlit.py for tasks to queue
[2025-04-08T18:52:50.436+0000] {logging_mixin.py:188} INFO - [2025-04-08T18:52:50.436+0000] {dagbag.py:545} INFO - Filling up the DagBag from /opt/airflow/dags/run_streamlit.py
[2025-04-08T18:52:50.465+0000] {processor.py:840} INFO - DAG(s) 'run_streamlit' retrieved from /opt/airflow/dags/run_streamlit.py
[2025-04-08T18:52:50.506+0000] {logging_mixin.py:188} INFO - [2025-04-08T18:52:50.505+0000] {dag.py:3096} INFO - Sync 1 DAGs
[2025-04-08T18:52:50.533+0000] {logging_mixin.py:188} INFO - [2025-04-08T18:52:50.533+0000] {dag.py:3954} INFO - Setting next_dagrun for run_streamlit to None, run_after=None
[2025-04-08T18:52:50.557+0000] {processor.py:183} INFO - Processing /opt/airflow/dags/run_streamlit.py took 0.137 seconds
[2025-04-08T18:53:21.693+0000] {processor.py:161} INFO - Started process (PID=713) to work on /opt/airflow/dags/run_streamlit.py
[2025-04-08T18:53:21.694+0000] {processor.py:830} INFO - Processing file /opt/airflow/dags/run_streamlit.py for tasks to queue
[2025-04-08T18:53:21.696+0000] {logging_mixin.py:188} INFO - [2025-04-08T18:53:21.696+0000] {dagbag.py:545} INFO - Filling up the DagBag from /opt/airflow/dags/run_streamlit.py
[2025-04-08T18:53:21.724+0000] {processor.py:840} INFO - DAG(s) 'run_streamlit' retrieved from /opt/airflow/dags/run_streamlit.py
[2025-04-08T18:53:21.757+0000] {logging_mixin.py:188} INFO - [2025-04-08T18:53:21.757+0000] {dag.py:3096} INFO - Sync 1 DAGs
[2025-04-08T18:53:21.781+0000] {logging_mixin.py:188} INFO - [2025-04-08T18:53:21.781+0000] {dag.py:3954} INFO - Setting next_dagrun for run_streamlit to None, run_after=None
[2025-04-08T18:53:21.810+0000] {processor.py:183} INFO - Processing /opt/airflow/dags/run_streamlit.py took 0.124 seconds
[2025-04-08T18:53:52.814+0000] {processor.py:161} INFO - Started process (PID=771) to work on /opt/airflow/dags/run_streamlit.py
[2025-04-08T18:53:52.816+0000] {processor.py:830} INFO - Processing file /opt/airflow/dags/run_streamlit.py for tasks to queue
[2025-04-08T18:53:52.818+0000] {logging_mixin.py:188} INFO - [2025-04-08T18:53:52.818+0000] {dagbag.py:545} INFO - Filling up the DagBag from /opt/airflow/dags/run_streamlit.py
[2025-04-08T18:53:52.841+0000] {processor.py:840} INFO - DAG(s) 'run_streamlit' retrieved from /opt/airflow/dags/run_streamlit.py
[2025-04-08T18:53:52.879+0000] {logging_mixin.py:188} INFO - [2025-04-08T18:53:52.879+0000] {dag.py:3096} INFO - Sync 1 DAGs
[2025-04-08T18:53:52.900+0000] {logging_mixin.py:188} INFO - [2025-04-08T18:53:52.900+0000] {dag.py:3954} INFO - Setting next_dagrun for run_streamlit to None, run_after=None
[2025-04-08T18:53:52.924+0000] {processor.py:183} INFO - Processing /opt/airflow/dags/run_streamlit.py took 0.118 seconds
[2025-04-08T18:54:24.098+0000] {processor.py:161} INFO - Started process (PID=824) to work on /opt/airflow/dags/run_streamlit.py
[2025-04-08T18:54:24.099+0000] {processor.py:830} INFO - Processing file /opt/airflow/dags/run_streamlit.py for tasks to queue
[2025-04-08T18:54:24.101+0000] {logging_mixin.py:188} INFO - [2025-04-08T18:54:24.101+0000] {dagbag.py:545} INFO - Filling up the DagBag from /opt/airflow/dags/run_streamlit.py
[2025-04-08T18:54:24.122+0000] {processor.py:840} INFO - DAG(s) 'run_streamlit' retrieved from /opt/airflow/dags/run_streamlit.py
[2025-04-08T18:54:24.153+0000] {logging_mixin.py:188} INFO - [2025-04-08T18:54:24.152+0000] {dag.py:3096} INFO - Sync 1 DAGs
[2025-04-08T18:54:24.173+0000] {logging_mixin.py:188} INFO - [2025-04-08T18:54:24.172+0000] {dag.py:3954} INFO - Setting next_dagrun for run_streamlit to None, run_after=None
[2025-04-08T18:54:24.196+0000] {processor.py:183} INFO - Processing /opt/airflow/dags/run_streamlit.py took 0.103 seconds
[2025-04-08T18:54:55.284+0000] {processor.py:161} INFO - Started process (PID=882) to work on /opt/airflow/dags/run_streamlit.py
[2025-04-08T18:54:55.285+0000] {processor.py:830} INFO - Processing file /opt/airflow/dags/run_streamlit.py for tasks to queue
[2025-04-08T18:54:55.286+0000] {logging_mixin.py:188} INFO - [2025-04-08T18:54:55.286+0000] {dagbag.py:545} INFO - Filling up the DagBag from /opt/airflow/dags/run_streamlit.py
[2025-04-08T18:54:55.305+0000] {processor.py:840} INFO - DAG(s) 'run_streamlit' retrieved from /opt/airflow/dags/run_streamlit.py
[2025-04-08T18:54:55.334+0000] {logging_mixin.py:188} INFO - [2025-04-08T18:54:55.334+0000] {dag.py:3096} INFO - Sync 1 DAGs
[2025-04-08T18:54:55.353+0000] {logging_mixin.py:188} INFO - [2025-04-08T18:54:55.353+0000] {dag.py:3954} INFO - Setting next_dagrun for run_streamlit to None, run_after=None
[2025-04-08T18:54:55.377+0000] {processor.py:183} INFO - Processing /opt/airflow/dags/run_streamlit.py took 0.099 seconds
[2025-04-08T18:55:26.464+0000] {processor.py:161} INFO - Started process (PID=936) to work on /opt/airflow/dags/run_streamlit.py
[2025-04-08T18:55:26.465+0000] {processor.py:830} INFO - Processing file /opt/airflow/dags/run_streamlit.py for tasks to queue
[2025-04-08T18:55:26.467+0000] {logging_mixin.py:188} INFO - [2025-04-08T18:55:26.466+0000] {dagbag.py:545} INFO - Filling up the DagBag from /opt/airflow/dags/run_streamlit.py
[2025-04-08T18:55:26.487+0000] {processor.py:840} INFO - DAG(s) 'run_streamlit' retrieved from /opt/airflow/dags/run_streamlit.py
[2025-04-08T18:55:26.516+0000] {logging_mixin.py:188} INFO - [2025-04-08T18:55:26.516+0000] {dag.py:3096} INFO - Sync 1 DAGs
[2025-04-08T18:55:26.538+0000] {logging_mixin.py:188} INFO - [2025-04-08T18:55:26.537+0000] {dag.py:3954} INFO - Setting next_dagrun for run_streamlit to None, run_after=None
[2025-04-08T18:55:26.563+0000] {processor.py:183} INFO - Processing /opt/airflow/dags/run_streamlit.py took 0.105 seconds
[2025-04-08T18:55:57.611+0000] {processor.py:161} INFO - Started process (PID=994) to work on /opt/airflow/dags/run_streamlit.py
[2025-04-08T18:55:57.612+0000] {processor.py:830} INFO - Processing file /opt/airflow/dags/run_streamlit.py for tasks to queue
[2025-04-08T18:55:57.614+0000] {logging_mixin.py:188} INFO - [2025-04-08T18:55:57.613+0000] {dagbag.py:545} INFO - Filling up the DagBag from /opt/airflow/dags/run_streamlit.py
[2025-04-08T18:55:57.633+0000] {processor.py:840} INFO - DAG(s) 'run_streamlit' retrieved from /opt/airflow/dags/run_streamlit.py
[2025-04-08T18:55:57.662+0000] {logging_mixin.py:188} INFO - [2025-04-08T18:55:57.661+0000] {dag.py:3096} INFO - Sync 1 DAGs
[2025-04-08T18:55:57.681+0000] {logging_mixin.py:188} INFO - [2025-04-08T18:55:57.681+0000] {dag.py:3954} INFO - Setting next_dagrun for run_streamlit to None, run_after=None
[2025-04-08T18:55:57.714+0000] {processor.py:183} INFO - Processing /opt/airflow/dags/run_streamlit.py took 0.109 seconds
[2025-04-08T18:56:28.793+0000] {processor.py:161} INFO - Started process (PID=1046) to work on /opt/airflow/dags/run_streamlit.py
[2025-04-08T18:56:28.794+0000] {processor.py:830} INFO - Processing file /opt/airflow/dags/run_streamlit.py for tasks to queue
[2025-04-08T18:56:28.796+0000] {logging_mixin.py:188} INFO - [2025-04-08T18:56:28.796+0000] {dagbag.py:545} INFO - Filling up the DagBag from /opt/airflow/dags/run_streamlit.py
[2025-04-08T18:56:28.817+0000] {processor.py:840} INFO - DAG(s) 'run_streamlit' retrieved from /opt/airflow/dags/run_streamlit.py
[2025-04-08T18:56:28.848+0000] {logging_mixin.py:188} INFO - [2025-04-08T18:56:28.848+0000] {dag.py:3096} INFO - Sync 1 DAGs
[2025-04-08T18:56:28.868+0000] {logging_mixin.py:188} INFO - [2025-04-08T18:56:28.867+0000] {dag.py:3954} INFO - Setting next_dagrun for run_streamlit to None, run_after=None
[2025-04-08T18:56:28.893+0000] {processor.py:183} INFO - Processing /opt/airflow/dags/run_streamlit.py took 0.105 seconds
[2025-04-08T18:56:59.985+0000] {processor.py:161} INFO - Started process (PID=1103) to work on /opt/airflow/dags/run_streamlit.py
[2025-04-08T18:56:59.986+0000] {processor.py:830} INFO - Processing file /opt/airflow/dags/run_streamlit.py for tasks to queue
[2025-04-08T18:56:59.988+0000] {logging_mixin.py:188} INFO - [2025-04-08T18:56:59.988+0000] {dagbag.py:545} INFO - Filling up the DagBag from /opt/airflow/dags/run_streamlit.py
[2025-04-08T18:57:00.009+0000] {processor.py:840} INFO - DAG(s) 'run_streamlit' retrieved from /opt/airflow/dags/run_streamlit.py
[2025-04-08T18:57:00.045+0000] {logging_mixin.py:188} INFO - [2025-04-08T18:57:00.045+0000] {dag.py:3096} INFO - Sync 1 DAGs
[2025-04-08T18:57:00.068+0000] {logging_mixin.py:188} INFO - [2025-04-08T18:57:00.068+0000] {dag.py:3954} INFO - Setting next_dagrun for run_streamlit to None, run_after=None
[2025-04-08T18:57:00.098+0000] {processor.py:183} INFO - Processing /opt/airflow/dags/run_streamlit.py took 0.119 seconds
[2025-04-08T18:57:31.296+0000] {processor.py:161} INFO - Started process (PID=1153) to work on /opt/airflow/dags/run_streamlit.py
[2025-04-08T18:57:31.297+0000] {processor.py:830} INFO - Processing file /opt/airflow/dags/run_streamlit.py for tasks to queue
[2025-04-08T18:57:31.300+0000] {logging_mixin.py:188} INFO - [2025-04-08T18:57:31.300+0000] {dagbag.py:545} INFO - Filling up the DagBag from /opt/airflow/dags/run_streamlit.py
[2025-04-08T18:57:31.324+0000] {processor.py:840} INFO - DAG(s) 'run_streamlit' retrieved from /opt/airflow/dags/run_streamlit.py
[2025-04-08T18:57:31.363+0000] {logging_mixin.py:188} INFO - [2025-04-08T18:57:31.363+0000] {dag.py:3096} INFO - Sync 1 DAGs
[2025-04-08T18:57:31.384+0000] {logging_mixin.py:188} INFO - [2025-04-08T18:57:31.384+0000] {dag.py:3954} INFO - Setting next_dagrun for run_streamlit to None, run_after=None
[2025-04-08T18:57:31.408+0000] {processor.py:183} INFO - Processing /opt/airflow/dags/run_streamlit.py took 0.119 seconds
[2025-04-08T18:58:02.356+0000] {processor.py:161} INFO - Started process (PID=1213) to work on /opt/airflow/dags/run_streamlit.py
[2025-04-08T18:58:02.357+0000] {processor.py:830} INFO - Processing file /opt/airflow/dags/run_streamlit.py for tasks to queue
[2025-04-08T18:58:02.359+0000] {logging_mixin.py:188} INFO - [2025-04-08T18:58:02.359+0000] {dagbag.py:545} INFO - Filling up the DagBag from /opt/airflow/dags/run_streamlit.py
[2025-04-08T18:58:02.381+0000] {processor.py:840} INFO - DAG(s) 'run_streamlit' retrieved from /opt/airflow/dags/run_streamlit.py
[2025-04-08T18:58:02.416+0000] {logging_mixin.py:188} INFO - [2025-04-08T18:58:02.416+0000] {dag.py:3096} INFO - Sync 1 DAGs
[2025-04-08T18:58:02.439+0000] {logging_mixin.py:188} INFO - [2025-04-08T18:58:02.438+0000] {dag.py:3954} INFO - Setting next_dagrun for run_streamlit to None, run_after=None
[2025-04-08T18:58:02.463+0000] {processor.py:183} INFO - Processing /opt/airflow/dags/run_streamlit.py took 0.113 seconds
[2025-04-08T18:58:33.344+0000] {processor.py:161} INFO - Started process (PID=1262) to work on /opt/airflow/dags/run_streamlit.py
[2025-04-08T18:58:33.345+0000] {processor.py:830} INFO - Processing file /opt/airflow/dags/run_streamlit.py for tasks to queue
[2025-04-08T18:58:33.346+0000] {logging_mixin.py:188} INFO - [2025-04-08T18:58:33.346+0000] {dagbag.py:545} INFO - Filling up the DagBag from /opt/airflow/dags/run_streamlit.py
[2025-04-08T18:58:33.369+0000] {processor.py:840} INFO - DAG(s) 'run_streamlit' retrieved from /opt/airflow/dags/run_streamlit.py
[2025-04-08T18:58:33.410+0000] {logging_mixin.py:188} INFO - [2025-04-08T18:58:33.410+0000] {dag.py:3096} INFO - Sync 1 DAGs
[2025-04-08T18:58:33.431+0000] {logging_mixin.py:188} INFO - [2025-04-08T18:58:33.430+0000] {dag.py:3954} INFO - Setting next_dagrun for run_streamlit to None, run_after=None
[2025-04-08T18:58:33.455+0000] {processor.py:183} INFO - Processing /opt/airflow/dags/run_streamlit.py took 0.118 seconds
[2025-04-08T18:59:04.551+0000] {processor.py:161} INFO - Started process (PID=1311) to work on /opt/airflow/dags/run_streamlit.py
[2025-04-08T18:59:04.553+0000] {processor.py:830} INFO - Processing file /opt/airflow/dags/run_streamlit.py for tasks to queue
[2025-04-08T18:59:04.555+0000] {logging_mixin.py:188} INFO - [2025-04-08T18:59:04.554+0000] {dagbag.py:545} INFO - Filling up the DagBag from /opt/airflow/dags/run_streamlit.py
[2025-04-08T18:59:04.585+0000] {processor.py:840} INFO - DAG(s) 'run_streamlit' retrieved from /opt/airflow/dags/run_streamlit.py
[2025-04-08T18:59:04.624+0000] {logging_mixin.py:188} INFO - [2025-04-08T18:59:04.624+0000] {dag.py:3096} INFO - Sync 1 DAGs
[2025-04-08T18:59:04.654+0000] {logging_mixin.py:188} INFO - [2025-04-08T18:59:04.653+0000] {dag.py:3954} INFO - Setting next_dagrun for run_streamlit to None, run_after=None
[2025-04-08T18:59:04.688+0000] {processor.py:183} INFO - Processing /opt/airflow/dags/run_streamlit.py took 0.144 seconds
[2025-04-08T18:59:37.539+0000] {processor.py:161} INFO - Started process (PID=208) to work on /opt/airflow/dags/run_streamlit.py
[2025-04-08T18:59:37.540+0000] {processor.py:830} INFO - Processing file /opt/airflow/dags/run_streamlit.py for tasks to queue
[2025-04-08T18:59:37.542+0000] {logging_mixin.py:188} INFO - [2025-04-08T18:59:37.541+0000] {dagbag.py:545} INFO - Filling up the DagBag from /opt/airflow/dags/run_streamlit.py
[2025-04-08T18:59:37.564+0000] {processor.py:840} INFO - DAG(s) 'run_streamlit' retrieved from /opt/airflow/dags/run_streamlit.py
[2025-04-08T18:59:37.699+0000] {logging_mixin.py:188} INFO - [2025-04-08T18:59:37.698+0000] {override.py:1829} INFO - Created Permission View: can edit on DAG:run_streamlit
[2025-04-08T18:59:37.710+0000] {logging_mixin.py:188} INFO - [2025-04-08T18:59:37.710+0000] {override.py:1829} INFO - Created Permission View: can delete on DAG:run_streamlit
[2025-04-08T18:59:37.718+0000] {logging_mixin.py:188} INFO - [2025-04-08T18:59:37.718+0000] {override.py:1829} INFO - Created Permission View: can read on DAG:run_streamlit
[2025-04-08T18:59:37.719+0000] {logging_mixin.py:188} INFO - [2025-04-08T18:59:37.719+0000] {dag.py:3096} INFO - Sync 1 DAGs
[2025-04-08T18:59:37.731+0000] {logging_mixin.py:188} INFO - [2025-04-08T18:59:37.731+0000] {dag.py:3118} INFO - Creating ORM DAG for run_streamlit
[2025-04-08T18:59:37.742+0000] {logging_mixin.py:188} INFO - [2025-04-08T18:59:37.742+0000] {dag.py:3954} INFO - Setting next_dagrun for run_streamlit to None, run_after=None
[2025-04-08T18:59:37.766+0000] {processor.py:183} INFO - Processing /opt/airflow/dags/run_streamlit.py took 0.234 seconds
[2025-04-08T19:00:08.487+0000] {processor.py:161} INFO - Started process (PID=258) to work on /opt/airflow/dags/run_streamlit.py
[2025-04-08T19:00:08.488+0000] {processor.py:830} INFO - Processing file /opt/airflow/dags/run_streamlit.py for tasks to queue
[2025-04-08T19:00:08.490+0000] {logging_mixin.py:188} INFO - [2025-04-08T19:00:08.489+0000] {dagbag.py:545} INFO - Filling up the DagBag from /opt/airflow/dags/run_streamlit.py
[2025-04-08T19:00:08.511+0000] {processor.py:840} INFO - DAG(s) 'run_streamlit' retrieved from /opt/airflow/dags/run_streamlit.py
[2025-04-08T19:00:08.542+0000] {logging_mixin.py:188} INFO - [2025-04-08T19:00:08.542+0000] {dag.py:3096} INFO - Sync 1 DAGs
[2025-04-08T19:00:08.564+0000] {logging_mixin.py:188} INFO - [2025-04-08T19:00:08.563+0000] {dag.py:3954} INFO - Setting next_dagrun for run_streamlit to None, run_after=None
[2025-04-08T19:00:08.587+0000] {processor.py:183} INFO - Processing /opt/airflow/dags/run_streamlit.py took 0.107 seconds
[2025-04-08T19:00:49.155+0000] {processor.py:161} INFO - Started process (PID=208) to work on /opt/airflow/dags/run_streamlit.py
[2025-04-08T19:00:49.156+0000] {processor.py:830} INFO - Processing file /opt/airflow/dags/run_streamlit.py for tasks to queue
[2025-04-08T19:00:49.158+0000] {logging_mixin.py:188} INFO - [2025-04-08T19:00:49.158+0000] {dagbag.py:545} INFO - Filling up the DagBag from /opt/airflow/dags/run_streamlit.py
[2025-04-08T19:00:49.178+0000] {processor.py:840} INFO - DAG(s) 'run_streamlit' retrieved from /opt/airflow/dags/run_streamlit.py
[2025-04-08T19:00:49.299+0000] {logging_mixin.py:188} INFO - [2025-04-08T19:00:49.298+0000] {override.py:1829} INFO - Created Permission View: can delete on DAG:run_streamlit
[2025-04-08T19:00:49.311+0000] {logging_mixin.py:188} INFO - [2025-04-08T19:00:49.310+0000] {override.py:1829} INFO - Created Permission View: can edit on DAG:run_streamlit
[2025-04-08T19:00:49.320+0000] {logging_mixin.py:188} INFO - [2025-04-08T19:00:49.320+0000] {override.py:1829} INFO - Created Permission View: can read on DAG:run_streamlit
[2025-04-08T19:00:49.321+0000] {logging_mixin.py:188} INFO - [2025-04-08T19:00:49.320+0000] {dag.py:3096} INFO - Sync 1 DAGs
[2025-04-08T19:00:49.332+0000] {logging_mixin.py:188} INFO - [2025-04-08T19:00:49.332+0000] {dag.py:3118} INFO - Creating ORM DAG for run_streamlit
[2025-04-08T19:00:49.342+0000] {logging_mixin.py:188} INFO - [2025-04-08T19:00:49.342+0000] {dag.py:3954} INFO - Setting next_dagrun for run_streamlit to None, run_after=None
[2025-04-08T19:00:49.368+0000] {processor.py:183} INFO - Processing /opt/airflow/dags/run_streamlit.py took 0.219 seconds
[2025-04-08T19:01:20.279+0000] {processor.py:161} INFO - Started process (PID=259) to work on /opt/airflow/dags/run_streamlit.py
[2025-04-08T19:01:20.280+0000] {processor.py:830} INFO - Processing file /opt/airflow/dags/run_streamlit.py for tasks to queue
[2025-04-08T19:01:20.282+0000] {logging_mixin.py:188} INFO - [2025-04-08T19:01:20.282+0000] {dagbag.py:545} INFO - Filling up the DagBag from /opt/airflow/dags/run_streamlit.py
[2025-04-08T19:01:20.301+0000] {processor.py:840} INFO - DAG(s) 'run_streamlit' retrieved from /opt/airflow/dags/run_streamlit.py
[2025-04-08T19:01:20.331+0000] {logging_mixin.py:188} INFO - [2025-04-08T19:01:20.331+0000] {dag.py:3096} INFO - Sync 1 DAGs
[2025-04-08T19:01:20.352+0000] {logging_mixin.py:188} INFO - [2025-04-08T19:01:20.352+0000] {dag.py:3954} INFO - Setting next_dagrun for run_streamlit to None, run_after=None
[2025-04-08T19:01:20.374+0000] {processor.py:183} INFO - Processing /opt/airflow/dags/run_streamlit.py took 0.101 seconds
[2025-04-08T19:01:51.272+0000] {processor.py:161} INFO - Started process (PID=378) to work on /opt/airflow/dags/run_streamlit.py
[2025-04-08T19:01:51.273+0000] {processor.py:830} INFO - Processing file /opt/airflow/dags/run_streamlit.py for tasks to queue
[2025-04-08T19:01:51.275+0000] {logging_mixin.py:188} INFO - [2025-04-08T19:01:51.275+0000] {dagbag.py:545} INFO - Filling up the DagBag from /opt/airflow/dags/run_streamlit.py
[2025-04-08T19:01:51.296+0000] {processor.py:840} INFO - DAG(s) 'run_streamlit' retrieved from /opt/airflow/dags/run_streamlit.py
[2025-04-08T19:01:51.330+0000] {logging_mixin.py:188} INFO - [2025-04-08T19:01:51.330+0000] {dag.py:3096} INFO - Sync 1 DAGs
[2025-04-08T19:01:51.353+0000] {logging_mixin.py:188} INFO - [2025-04-08T19:01:51.353+0000] {dag.py:3954} INFO - Setting next_dagrun for run_streamlit to None, run_after=None
[2025-04-08T19:01:51.379+0000] {processor.py:183} INFO - Processing /opt/airflow/dags/run_streamlit.py took 0.113 seconds
[2025-04-08T19:02:22.620+0000] {processor.py:161} INFO - Started process (PID=442) to work on /opt/airflow/dags/run_streamlit.py
[2025-04-08T19:02:22.621+0000] {processor.py:830} INFO - Processing file /opt/airflow/dags/run_streamlit.py for tasks to queue
[2025-04-08T19:02:22.622+0000] {logging_mixin.py:188} INFO - [2025-04-08T19:02:22.622+0000] {dagbag.py:545} INFO - Filling up the DagBag from /opt/airflow/dags/run_streamlit.py
[2025-04-08T19:02:22.642+0000] {processor.py:840} INFO - DAG(s) 'run_streamlit' retrieved from /opt/airflow/dags/run_streamlit.py
[2025-04-08T19:02:22.672+0000] {logging_mixin.py:188} INFO - [2025-04-08T19:02:22.672+0000] {dag.py:3096} INFO - Sync 1 DAGs
[2025-04-08T19:02:22.691+0000] {logging_mixin.py:188} INFO - [2025-04-08T19:02:22.691+0000] {dag.py:3954} INFO - Setting next_dagrun for run_streamlit to None, run_after=None
[2025-04-08T19:02:22.714+0000] {processor.py:183} INFO - Processing /opt/airflow/dags/run_streamlit.py took 0.100 seconds
[2025-04-08T19:02:53.851+0000] {processor.py:161} INFO - Started process (PID=499) to work on /opt/airflow/dags/run_streamlit.py
[2025-04-08T19:02:53.852+0000] {processor.py:830} INFO - Processing file /opt/airflow/dags/run_streamlit.py for tasks to queue
[2025-04-08T19:02:53.854+0000] {logging_mixin.py:188} INFO - [2025-04-08T19:02:53.854+0000] {dagbag.py:545} INFO - Filling up the DagBag from /opt/airflow/dags/run_streamlit.py
[2025-04-08T19:02:53.876+0000] {processor.py:840} INFO - DAG(s) 'run_streamlit' retrieved from /opt/airflow/dags/run_streamlit.py
[2025-04-08T19:02:53.907+0000] {logging_mixin.py:188} INFO - [2025-04-08T19:02:53.906+0000] {dag.py:3096} INFO - Sync 1 DAGs
[2025-04-08T19:02:53.927+0000] {logging_mixin.py:188} INFO - [2025-04-08T19:02:53.927+0000] {dag.py:3954} INFO - Setting next_dagrun for run_streamlit to None, run_after=None
[2025-04-08T19:02:53.949+0000] {processor.py:183} INFO - Processing /opt/airflow/dags/run_streamlit.py took 0.104 seconds
[2025-04-08T19:03:25.048+0000] {processor.py:161} INFO - Started process (PID=552) to work on /opt/airflow/dags/run_streamlit.py
[2025-04-08T19:03:25.050+0000] {processor.py:830} INFO - Processing file /opt/airflow/dags/run_streamlit.py for tasks to queue
[2025-04-08T19:03:25.052+0000] {logging_mixin.py:188} INFO - [2025-04-08T19:03:25.052+0000] {dagbag.py:545} INFO - Filling up the DagBag from /opt/airflow/dags/run_streamlit.py
[2025-04-08T19:03:25.082+0000] {processor.py:840} INFO - DAG(s) 'run_streamlit' retrieved from /opt/airflow/dags/run_streamlit.py
[2025-04-08T19:03:25.124+0000] {logging_mixin.py:188} INFO - [2025-04-08T19:03:25.124+0000] {dag.py:3096} INFO - Sync 1 DAGs
[2025-04-08T19:03:25.146+0000] {logging_mixin.py:188} INFO - [2025-04-08T19:03:25.146+0000] {dag.py:3954} INFO - Setting next_dagrun for run_streamlit to None, run_after=None
[2025-04-08T19:03:25.170+0000] {processor.py:183} INFO - Processing /opt/airflow/dags/run_streamlit.py took 0.130 seconds
[2025-04-08T19:03:56.315+0000] {processor.py:161} INFO - Started process (PID=610) to work on /opt/airflow/dags/run_streamlit.py
[2025-04-08T19:03:56.316+0000] {processor.py:830} INFO - Processing file /opt/airflow/dags/run_streamlit.py for tasks to queue
[2025-04-08T19:03:56.318+0000] {logging_mixin.py:188} INFO - [2025-04-08T19:03:56.318+0000] {dagbag.py:545} INFO - Filling up the DagBag from /opt/airflow/dags/run_streamlit.py
[2025-04-08T19:03:56.339+0000] {processor.py:840} INFO - DAG(s) 'run_streamlit' retrieved from /opt/airflow/dags/run_streamlit.py
[2025-04-08T19:03:56.372+0000] {logging_mixin.py:188} INFO - [2025-04-08T19:03:56.372+0000] {dag.py:3096} INFO - Sync 1 DAGs
[2025-04-08T19:03:56.394+0000] {logging_mixin.py:188} INFO - [2025-04-08T19:03:56.394+0000] {dag.py:3954} INFO - Setting next_dagrun for run_streamlit to None, run_after=None
[2025-04-08T19:03:56.425+0000] {processor.py:183} INFO - Processing /opt/airflow/dags/run_streamlit.py took 0.116 seconds
[2025-04-08T19:04:27.992+0000] {processor.py:161} INFO - Started process (PID=661) to work on /opt/airflow/dags/run_streamlit.py
[2025-04-08T19:04:27.993+0000] {processor.py:830} INFO - Processing file /opt/airflow/dags/run_streamlit.py for tasks to queue
[2025-04-08T19:04:27.995+0000] {logging_mixin.py:188} INFO - [2025-04-08T19:04:27.995+0000] {dagbag.py:545} INFO - Filling up the DagBag from /opt/airflow/dags/run_streamlit.py
[2025-04-08T19:04:28.020+0000] {processor.py:840} INFO - DAG(s) 'run_streamlit' retrieved from /opt/airflow/dags/run_streamlit.py
[2025-04-08T19:04:28.065+0000] {logging_mixin.py:188} INFO - [2025-04-08T19:04:28.065+0000] {dag.py:3096} INFO - Sync 1 DAGs
[2025-04-08T19:04:28.092+0000] {logging_mixin.py:188} INFO - [2025-04-08T19:04:28.092+0000] {dag.py:3954} INFO - Setting next_dagrun for run_streamlit to None, run_after=None
[2025-04-08T19:04:28.116+0000] {processor.py:183} INFO - Processing /opt/airflow/dags/run_streamlit.py took 0.131 seconds
[2025-04-08T19:04:59.367+0000] {processor.py:161} INFO - Started process (PID=718) to work on /opt/airflow/dags/run_streamlit.py
[2025-04-08T19:04:59.368+0000] {processor.py:830} INFO - Processing file /opt/airflow/dags/run_streamlit.py for tasks to queue
[2025-04-08T19:04:59.370+0000] {logging_mixin.py:188} INFO - [2025-04-08T19:04:59.369+0000] {dagbag.py:545} INFO - Filling up the DagBag from /opt/airflow/dags/run_streamlit.py
[2025-04-08T19:04:59.395+0000] {processor.py:840} INFO - DAG(s) 'run_streamlit' retrieved from /opt/airflow/dags/run_streamlit.py
[2025-04-08T19:04:59.428+0000] {logging_mixin.py:188} INFO - [2025-04-08T19:04:59.428+0000] {dag.py:3096} INFO - Sync 1 DAGs
[2025-04-08T19:04:59.451+0000] {logging_mixin.py:188} INFO - [2025-04-08T19:04:59.451+0000] {dag.py:3954} INFO - Setting next_dagrun for run_streamlit to None, run_after=None
[2025-04-08T19:04:59.481+0000] {processor.py:183} INFO - Processing /opt/airflow/dags/run_streamlit.py took 0.121 seconds
[2025-04-08T19:05:41.791+0000] {processor.py:161} INFO - Started process (PID=206) to work on /opt/airflow/dags/run_streamlit.py
[2025-04-08T19:05:41.792+0000] {processor.py:830} INFO - Processing file /opt/airflow/dags/run_streamlit.py for tasks to queue
[2025-04-08T19:05:41.794+0000] {logging_mixin.py:188} INFO - [2025-04-08T19:05:41.793+0000] {dagbag.py:545} INFO - Filling up the DagBag from /opt/airflow/dags/run_streamlit.py
[2025-04-08T19:05:41.823+0000] {processor.py:840} INFO - DAG(s) 'run_streamlit' retrieved from /opt/airflow/dags/run_streamlit.py
[2025-04-08T19:05:41.971+0000] {logging_mixin.py:188} INFO - [2025-04-08T19:05:41.971+0000] {override.py:1829} INFO - Created Permission View: can read on DAG:run_streamlit
[2025-04-08T19:05:41.981+0000] {logging_mixin.py:188} INFO - [2025-04-08T19:05:41.981+0000] {override.py:1829} INFO - Created Permission View: can delete on DAG:run_streamlit
[2025-04-08T19:05:41.988+0000] {logging_mixin.py:188} INFO - [2025-04-08T19:05:41.987+0000] {override.py:1829} INFO - Created Permission View: can edit on DAG:run_streamlit
[2025-04-08T19:05:41.988+0000] {logging_mixin.py:188} INFO - [2025-04-08T19:05:41.988+0000] {dag.py:3096} INFO - Sync 1 DAGs
[2025-04-08T19:05:42.000+0000] {logging_mixin.py:188} INFO - [2025-04-08T19:05:42.000+0000] {dag.py:3118} INFO - Creating ORM DAG for run_streamlit
[2025-04-08T19:05:42.012+0000] {logging_mixin.py:188} INFO - [2025-04-08T19:05:42.011+0000] {dag.py:3954} INFO - Setting next_dagrun for run_streamlit to None, run_after=None
[2025-04-08T19:05:42.036+0000] {processor.py:183} INFO - Processing /opt/airflow/dags/run_streamlit.py took 0.253 seconds
[2025-04-08T19:06:13.205+0000] {processor.py:161} INFO - Started process (PID=257) to work on /opt/airflow/dags/run_streamlit.py
[2025-04-08T19:06:13.206+0000] {processor.py:830} INFO - Processing file /opt/airflow/dags/run_streamlit.py for tasks to queue
[2025-04-08T19:06:13.208+0000] {logging_mixin.py:188} INFO - [2025-04-08T19:06:13.207+0000] {dagbag.py:545} INFO - Filling up the DagBag from /opt/airflow/dags/run_streamlit.py
[2025-04-08T19:06:13.228+0000] {processor.py:840} INFO - DAG(s) 'run_streamlit' retrieved from /opt/airflow/dags/run_streamlit.py
[2025-04-08T19:06:13.259+0000] {logging_mixin.py:188} INFO - [2025-04-08T19:06:13.259+0000] {dag.py:3096} INFO - Sync 1 DAGs
[2025-04-08T19:06:13.280+0000] {logging_mixin.py:188} INFO - [2025-04-08T19:06:13.280+0000] {dag.py:3954} INFO - Setting next_dagrun for run_streamlit to None, run_after=None
[2025-04-08T19:06:13.305+0000] {processor.py:183} INFO - Processing /opt/airflow/dags/run_streamlit.py took 0.106 seconds
[2025-04-08T19:06:44.367+0000] {processor.py:161} INFO - Started process (PID=379) to work on /opt/airflow/dags/run_streamlit.py
[2025-04-08T19:06:44.368+0000] {processor.py:830} INFO - Processing file /opt/airflow/dags/run_streamlit.py for tasks to queue
[2025-04-08T19:06:44.370+0000] {logging_mixin.py:188} INFO - [2025-04-08T19:06:44.370+0000] {dagbag.py:545} INFO - Filling up the DagBag from /opt/airflow/dags/run_streamlit.py
[2025-04-08T19:06:44.391+0000] {processor.py:840} INFO - DAG(s) 'run_streamlit' retrieved from /opt/airflow/dags/run_streamlit.py
[2025-04-08T19:06:44.423+0000] {logging_mixin.py:188} INFO - [2025-04-08T19:06:44.423+0000] {dag.py:3096} INFO - Sync 1 DAGs
[2025-04-08T19:06:44.445+0000] {logging_mixin.py:188} INFO - [2025-04-08T19:06:44.444+0000] {dag.py:3954} INFO - Setting next_dagrun for run_streamlit to None, run_after=None
[2025-04-08T19:06:44.465+0000] {processor.py:183} INFO - Processing /opt/airflow/dags/run_streamlit.py took 0.104 seconds
[2025-04-08T19:07:18.896+0000] {processor.py:161} INFO - Started process (PID=448) to work on /opt/airflow/dags/run_streamlit.py
[2025-04-08T19:07:18.897+0000] {processor.py:830} INFO - Processing file /opt/airflow/dags/run_streamlit.py for tasks to queue
[2025-04-08T19:07:18.899+0000] {logging_mixin.py:188} INFO - [2025-04-08T19:07:18.898+0000] {dagbag.py:545} INFO - Filling up the DagBag from /opt/airflow/dags/run_streamlit.py
[2025-04-08T19:07:18.924+0000] {processor.py:840} INFO - DAG(s) 'run_streamlit' retrieved from /opt/airflow/dags/run_streamlit.py
[2025-04-08T19:07:18.959+0000] {logging_mixin.py:188} INFO - [2025-04-08T19:07:18.959+0000] {dag.py:3096} INFO - Sync 1 DAGs
[2025-04-08T19:07:18.981+0000] {logging_mixin.py:188} INFO - [2025-04-08T19:07:18.981+0000] {dag.py:3954} INFO - Setting next_dagrun for run_streamlit to None, run_after=None
[2025-04-08T19:07:19.020+0000] {processor.py:183} INFO - Processing /opt/airflow/dags/run_streamlit.py took 0.130 seconds
[2025-04-08T19:07:50.159+0000] {processor.py:161} INFO - Started process (PID=499) to work on /opt/airflow/dags/run_streamlit.py
[2025-04-08T19:07:50.160+0000] {processor.py:830} INFO - Processing file /opt/airflow/dags/run_streamlit.py for tasks to queue
[2025-04-08T19:07:50.162+0000] {logging_mixin.py:188} INFO - [2025-04-08T19:07:50.162+0000] {dagbag.py:545} INFO - Filling up the DagBag from /opt/airflow/dags/run_streamlit.py
[2025-04-08T19:07:50.181+0000] {processor.py:840} INFO - DAG(s) 'run_streamlit' retrieved from /opt/airflow/dags/run_streamlit.py
[2025-04-08T19:07:50.211+0000] {logging_mixin.py:188} INFO - [2025-04-08T19:07:50.211+0000] {dag.py:3096} INFO - Sync 1 DAGs
[2025-04-08T19:07:50.231+0000] {logging_mixin.py:188} INFO - [2025-04-08T19:07:50.231+0000] {dag.py:3954} INFO - Setting next_dagrun for run_streamlit to None, run_after=None
[2025-04-08T19:07:50.254+0000] {processor.py:183} INFO - Processing /opt/airflow/dags/run_streamlit.py took 0.100 seconds
[2025-04-08T19:08:21.401+0000] {processor.py:161} INFO - Started process (PID=550) to work on /opt/airflow/dags/run_streamlit.py
[2025-04-08T19:08:21.402+0000] {processor.py:830} INFO - Processing file /opt/airflow/dags/run_streamlit.py for tasks to queue
[2025-04-08T19:08:21.404+0000] {logging_mixin.py:188} INFO - [2025-04-08T19:08:21.404+0000] {dagbag.py:545} INFO - Filling up the DagBag from /opt/airflow/dags/run_streamlit.py
[2025-04-08T19:08:21.424+0000] {processor.py:840} INFO - DAG(s) 'run_streamlit' retrieved from /opt/airflow/dags/run_streamlit.py
[2025-04-08T19:08:21.453+0000] {logging_mixin.py:188} INFO - [2025-04-08T19:08:21.453+0000] {dag.py:3096} INFO - Sync 1 DAGs
[2025-04-08T19:08:21.472+0000] {logging_mixin.py:188} INFO - [2025-04-08T19:08:21.472+0000] {dag.py:3954} INFO - Setting next_dagrun for run_streamlit to None, run_after=None
[2025-04-08T19:08:21.497+0000] {processor.py:183} INFO - Processing /opt/airflow/dags/run_streamlit.py took 0.101 seconds
[2025-04-08T19:08:52.478+0000] {processor.py:161} INFO - Started process (PID=607) to work on /opt/airflow/dags/run_streamlit.py
[2025-04-08T19:08:52.479+0000] {processor.py:830} INFO - Processing file /opt/airflow/dags/run_streamlit.py for tasks to queue
[2025-04-08T19:08:52.481+0000] {logging_mixin.py:188} INFO - [2025-04-08T19:08:52.480+0000] {dagbag.py:545} INFO - Filling up the DagBag from /opt/airflow/dags/run_streamlit.py
[2025-04-08T19:08:52.502+0000] {processor.py:840} INFO - DAG(s) 'run_streamlit' retrieved from /opt/airflow/dags/run_streamlit.py
[2025-04-08T19:08:52.531+0000] {logging_mixin.py:188} INFO - [2025-04-08T19:08:52.531+0000] {dag.py:3096} INFO - Sync 1 DAGs
[2025-04-08T19:08:52.552+0000] {logging_mixin.py:188} INFO - [2025-04-08T19:08:52.552+0000] {dag.py:3954} INFO - Setting next_dagrun for run_streamlit to None, run_after=None
[2025-04-08T19:08:52.575+0000] {processor.py:183} INFO - Processing /opt/airflow/dags/run_streamlit.py took 0.104 seconds
[2025-04-08T19:09:23.748+0000] {processor.py:161} INFO - Started process (PID=660) to work on /opt/airflow/dags/run_streamlit.py
[2025-04-08T19:09:23.749+0000] {processor.py:830} INFO - Processing file /opt/airflow/dags/run_streamlit.py for tasks to queue
[2025-04-08T19:09:23.751+0000] {logging_mixin.py:188} INFO - [2025-04-08T19:09:23.750+0000] {dagbag.py:545} INFO - Filling up the DagBag from /opt/airflow/dags/run_streamlit.py
[2025-04-08T19:09:23.773+0000] {processor.py:840} INFO - DAG(s) 'run_streamlit' retrieved from /opt/airflow/dags/run_streamlit.py
[2025-04-08T19:09:23.807+0000] {logging_mixin.py:188} INFO - [2025-04-08T19:09:23.807+0000] {dag.py:3096} INFO - Sync 1 DAGs
[2025-04-08T19:09:23.831+0000] {logging_mixin.py:188} INFO - [2025-04-08T19:09:23.830+0000] {dag.py:3954} INFO - Setting next_dagrun for run_streamlit to None, run_after=None
[2025-04-08T19:09:23.852+0000] {processor.py:183} INFO - Processing /opt/airflow/dags/run_streamlit.py took 0.111 seconds
[2025-04-08T19:09:54.941+0000] {processor.py:161} INFO - Started process (PID=718) to work on /opt/airflow/dags/run_streamlit.py
[2025-04-08T19:09:54.942+0000] {processor.py:830} INFO - Processing file /opt/airflow/dags/run_streamlit.py for tasks to queue
[2025-04-08T19:09:54.944+0000] {logging_mixin.py:188} INFO - [2025-04-08T19:09:54.944+0000] {dagbag.py:545} INFO - Filling up the DagBag from /opt/airflow/dags/run_streamlit.py
[2025-04-08T19:09:54.964+0000] {processor.py:840} INFO - DAG(s) 'run_streamlit' retrieved from /opt/airflow/dags/run_streamlit.py
[2025-04-08T19:09:54.995+0000] {logging_mixin.py:188} INFO - [2025-04-08T19:09:54.995+0000] {dag.py:3096} INFO - Sync 1 DAGs
[2025-04-08T19:09:55.018+0000] {logging_mixin.py:188} INFO - [2025-04-08T19:09:55.017+0000] {dag.py:3954} INFO - Setting next_dagrun for run_streamlit to None, run_after=None
[2025-04-08T19:09:55.042+0000] {processor.py:183} INFO - Processing /opt/airflow/dags/run_streamlit.py took 0.107 seconds
[2025-04-08T19:10:27.214+0000] {processor.py:161} INFO - Started process (PID=769) to work on /opt/airflow/dags/run_streamlit.py
[2025-04-08T19:10:27.216+0000] {processor.py:830} INFO - Processing file /opt/airflow/dags/run_streamlit.py for tasks to queue
[2025-04-08T19:10:27.218+0000] {logging_mixin.py:188} INFO - [2025-04-08T19:10:27.217+0000] {dagbag.py:545} INFO - Filling up the DagBag from /opt/airflow/dags/run_streamlit.py
[2025-04-08T19:10:27.239+0000] {processor.py:840} INFO - DAG(s) 'run_streamlit' retrieved from /opt/airflow/dags/run_streamlit.py
[2025-04-08T19:10:27.274+0000] {logging_mixin.py:188} INFO - [2025-04-08T19:10:27.274+0000] {dag.py:3096} INFO - Sync 1 DAGs
[2025-04-08T19:10:27.302+0000] {logging_mixin.py:188} INFO - [2025-04-08T19:10:27.301+0000] {dag.py:3954} INFO - Setting next_dagrun for run_streamlit to None, run_after=None
[2025-04-08T19:10:27.331+0000] {processor.py:183} INFO - Processing /opt/airflow/dags/run_streamlit.py took 0.124 seconds
[2025-04-08T19:11:01.680+0000] {processor.py:161} INFO - Started process (PID=827) to work on /opt/airflow/dags/run_streamlit.py
[2025-04-08T19:11:01.682+0000] {processor.py:830} INFO - Processing file /opt/airflow/dags/run_streamlit.py for tasks to queue
[2025-04-08T19:11:01.684+0000] {logging_mixin.py:188} INFO - [2025-04-08T19:11:01.684+0000] {dagbag.py:545} INFO - Filling up the DagBag from /opt/airflow/dags/run_streamlit.py
[2025-04-08T19:11:01.713+0000] {processor.py:840} INFO - DAG(s) 'run_streamlit' retrieved from /opt/airflow/dags/run_streamlit.py
[2025-04-08T19:11:01.756+0000] {logging_mixin.py:188} INFO - [2025-04-08T19:11:01.756+0000] {dag.py:3096} INFO - Sync 1 DAGs
[2025-04-08T19:11:01.793+0000] {logging_mixin.py:188} INFO - [2025-04-08T19:11:01.793+0000] {dag.py:3954} INFO - Setting next_dagrun for run_streamlit to None, run_after=None
[2025-04-08T19:11:01.828+0000] {processor.py:183} INFO - Processing /opt/airflow/dags/run_streamlit.py took 0.155 seconds
[2025-04-08T19:11:33.082+0000] {processor.py:161} INFO - Started process (PID=885) to work on /opt/airflow/dags/run_streamlit.py
[2025-04-08T19:11:33.083+0000] {processor.py:830} INFO - Processing file /opt/airflow/dags/run_streamlit.py for tasks to queue
[2025-04-08T19:11:33.085+0000] {logging_mixin.py:188} INFO - [2025-04-08T19:11:33.084+0000] {dagbag.py:545} INFO - Filling up the DagBag from /opt/airflow/dags/run_streamlit.py
[2025-04-08T19:11:33.109+0000] {processor.py:840} INFO - DAG(s) 'run_streamlit' retrieved from /opt/airflow/dags/run_streamlit.py
[2025-04-08T19:11:33.141+0000] {logging_mixin.py:188} INFO - [2025-04-08T19:11:33.141+0000] {dag.py:3096} INFO - Sync 1 DAGs
[2025-04-08T19:11:33.166+0000] {logging_mixin.py:188} INFO - [2025-04-08T19:11:33.166+0000] {dag.py:3954} INFO - Setting next_dagrun for run_streamlit to None, run_after=None
[2025-04-08T19:11:33.199+0000] {processor.py:183} INFO - Processing /opt/airflow/dags/run_streamlit.py took 0.123 seconds
[2025-04-08T19:12:03.903+0000] {processor.py:161} INFO - Started process (PID=936) to work on /opt/airflow/dags/run_streamlit.py
[2025-04-08T19:12:03.904+0000] {processor.py:830} INFO - Processing file /opt/airflow/dags/run_streamlit.py for tasks to queue
[2025-04-08T19:12:03.906+0000] {logging_mixin.py:188} INFO - [2025-04-08T19:12:03.906+0000] {dagbag.py:545} INFO - Filling up the DagBag from /opt/airflow/dags/run_streamlit.py
[2025-04-08T19:12:03.927+0000] {processor.py:840} INFO - DAG(s) 'run_streamlit' retrieved from /opt/airflow/dags/run_streamlit.py
[2025-04-08T19:12:03.960+0000] {logging_mixin.py:188} INFO - [2025-04-08T19:12:03.960+0000] {dag.py:3096} INFO - Sync 1 DAGs
[2025-04-08T19:12:03.996+0000] {logging_mixin.py:188} INFO - [2025-04-08T19:12:03.995+0000] {dag.py:3954} INFO - Setting next_dagrun for run_streamlit to None, run_after=None
[2025-04-08T19:12:04.029+0000] {processor.py:183} INFO - Processing /opt/airflow/dags/run_streamlit.py took 0.132 seconds
[2025-04-08T19:12:34.787+0000] {processor.py:161} INFO - Started process (PID=987) to work on /opt/airflow/dags/run_streamlit.py
[2025-04-08T19:12:34.788+0000] {processor.py:830} INFO - Processing file /opt/airflow/dags/run_streamlit.py for tasks to queue
[2025-04-08T19:12:34.790+0000] {logging_mixin.py:188} INFO - [2025-04-08T19:12:34.790+0000] {dagbag.py:545} INFO - Filling up the DagBag from /opt/airflow/dags/run_streamlit.py
[2025-04-08T19:12:34.811+0000] {processor.py:840} INFO - DAG(s) 'run_streamlit' retrieved from /opt/airflow/dags/run_streamlit.py
[2025-04-08T19:12:34.842+0000] {logging_mixin.py:188} INFO - [2025-04-08T19:12:34.842+0000] {dag.py:3096} INFO - Sync 1 DAGs
[2025-04-08T19:12:34.864+0000] {logging_mixin.py:188} INFO - [2025-04-08T19:12:34.863+0000] {dag.py:3954} INFO - Setting next_dagrun for run_streamlit to None, run_after=None
[2025-04-08T19:12:34.888+0000] {processor.py:183} INFO - Processing /opt/airflow/dags/run_streamlit.py took 0.107 seconds
[2025-04-08T19:13:05.769+0000] {processor.py:161} INFO - Started process (PID=1044) to work on /opt/airflow/dags/run_streamlit.py
[2025-04-08T19:13:05.771+0000] {processor.py:830} INFO - Processing file /opt/airflow/dags/run_streamlit.py for tasks to queue
[2025-04-08T19:13:05.774+0000] {logging_mixin.py:188} INFO - [2025-04-08T19:13:05.774+0000] {dagbag.py:545} INFO - Filling up the DagBag from /opt/airflow/dags/run_streamlit.py
[2025-04-08T19:13:05.798+0000] {processor.py:840} INFO - DAG(s) 'run_streamlit' retrieved from /opt/airflow/dags/run_streamlit.py
[2025-04-08T19:13:06.087+0000] {logging_mixin.py:188} INFO - [2025-04-08T19:13:06.087+0000] {process_utils.py:263} INFO - Waiting up to 5 seconds for processes to exit...
[2025-04-08T19:13:41.404+0000] {processor.py:161} INFO - Started process (PID=206) to work on /opt/airflow/dags/run_streamlit.py
[2025-04-08T19:13:41.405+0000] {processor.py:830} INFO - Processing file /opt/airflow/dags/run_streamlit.py for tasks to queue
[2025-04-08T19:13:41.408+0000] {logging_mixin.py:188} INFO - [2025-04-08T19:13:41.407+0000] {dagbag.py:545} INFO - Filling up the DagBag from /opt/airflow/dags/run_streamlit.py
[2025-04-08T19:13:41.432+0000] {processor.py:840} INFO - DAG(s) 'run_streamlit' retrieved from /opt/airflow/dags/run_streamlit.py
[2025-04-08T19:13:41.564+0000] {logging_mixin.py:188} INFO - [2025-04-08T19:13:41.564+0000] {override.py:1829} INFO - Created Permission View: can delete on DAG:run_streamlit
[2025-04-08T19:13:41.578+0000] {logging_mixin.py:188} INFO - [2025-04-08T19:13:41.578+0000] {override.py:1829} INFO - Created Permission View: can edit on DAG:run_streamlit
[2025-04-08T19:13:41.590+0000] {logging_mixin.py:188} INFO - [2025-04-08T19:13:41.590+0000] {override.py:1829} INFO - Created Permission View: can read on DAG:run_streamlit
[2025-04-08T19:13:41.591+0000] {logging_mixin.py:188} INFO - [2025-04-08T19:13:41.591+0000] {dag.py:3096} INFO - Sync 1 DAGs
[2025-04-08T19:13:41.602+0000] {logging_mixin.py:188} INFO - [2025-04-08T19:13:41.602+0000] {dag.py:3118} INFO - Creating ORM DAG for run_streamlit
[2025-04-08T19:13:41.611+0000] {logging_mixin.py:188} INFO - [2025-04-08T19:13:41.611+0000] {dag.py:3954} INFO - Setting next_dagrun for run_streamlit to None, run_after=None
[2025-04-08T19:13:41.636+0000] {processor.py:183} INFO - Processing /opt/airflow/dags/run_streamlit.py took 0.239 seconds
[2025-04-08T19:14:12.277+0000] {processor.py:161} INFO - Started process (PID=259) to work on /opt/airflow/dags/run_streamlit.py
[2025-04-08T19:14:12.278+0000] {processor.py:830} INFO - Processing file /opt/airflow/dags/run_streamlit.py for tasks to queue
[2025-04-08T19:14:12.280+0000] {logging_mixin.py:188} INFO - [2025-04-08T19:14:12.279+0000] {dagbag.py:545} INFO - Filling up the DagBag from /opt/airflow/dags/run_streamlit.py
[2025-04-08T19:14:12.300+0000] {processor.py:840} INFO - DAG(s) 'run_streamlit' retrieved from /opt/airflow/dags/run_streamlit.py
[2025-04-08T19:14:12.330+0000] {logging_mixin.py:188} INFO - [2025-04-08T19:14:12.330+0000] {dag.py:3096} INFO - Sync 1 DAGs
[2025-04-08T19:14:12.349+0000] {logging_mixin.py:188} INFO - [2025-04-08T19:14:12.349+0000] {dag.py:3954} INFO - Setting next_dagrun for run_streamlit to None, run_after=None
[2025-04-08T19:14:12.382+0000] {processor.py:183} INFO - Processing /opt/airflow/dags/run_streamlit.py took 0.110 seconds
[2025-04-08T19:14:43.012+0000] {processor.py:161} INFO - Started process (PID=380) to work on /opt/airflow/dags/run_streamlit.py
[2025-04-08T19:14:43.013+0000] {processor.py:830} INFO - Processing file /opt/airflow/dags/run_streamlit.py for tasks to queue
[2025-04-08T19:14:43.015+0000] {logging_mixin.py:188} INFO - [2025-04-08T19:14:43.015+0000] {dagbag.py:545} INFO - Filling up the DagBag from /opt/airflow/dags/run_streamlit.py
[2025-04-08T19:14:43.035+0000] {processor.py:840} INFO - DAG(s) 'run_streamlit' retrieved from /opt/airflow/dags/run_streamlit.py
[2025-04-08T19:14:43.070+0000] {logging_mixin.py:188} INFO - [2025-04-08T19:14:43.069+0000] {dag.py:3096} INFO - Sync 1 DAGs
[2025-04-08T19:14:43.092+0000] {logging_mixin.py:188} INFO - [2025-04-08T19:14:43.092+0000] {dag.py:3954} INFO - Setting next_dagrun for run_streamlit to None, run_after=None
[2025-04-08T19:14:43.120+0000] {processor.py:183} INFO - Processing /opt/airflow/dags/run_streamlit.py took 0.114 seconds
[2025-04-08T19:15:13.970+0000] {processor.py:161} INFO - Started process (PID=441) to work on /opt/airflow/dags/run_streamlit.py
[2025-04-08T19:15:13.971+0000] {processor.py:830} INFO - Processing file /opt/airflow/dags/run_streamlit.py for tasks to queue
[2025-04-08T19:15:13.973+0000] {logging_mixin.py:188} INFO - [2025-04-08T19:15:13.973+0000] {dagbag.py:545} INFO - Filling up the DagBag from /opt/airflow/dags/run_streamlit.py
[2025-04-08T19:15:14.006+0000] {processor.py:840} INFO - DAG(s) 'run_streamlit' retrieved from /opt/airflow/dags/run_streamlit.py
[2025-04-08T19:15:14.046+0000] {logging_mixin.py:188} INFO - [2025-04-08T19:15:14.046+0000] {dag.py:3096} INFO - Sync 1 DAGs
[2025-04-08T19:15:14.074+0000] {logging_mixin.py:188} INFO - [2025-04-08T19:15:14.074+0000] {dag.py:3954} INFO - Setting next_dagrun for run_streamlit to None, run_after=None
[2025-04-08T19:15:14.167+0000] {processor.py:183} INFO - Processing /opt/airflow/dags/run_streamlit.py took 0.207 seconds
[2025-04-08T19:15:44.774+0000] {processor.py:161} INFO - Started process (PID=525) to work on /opt/airflow/dags/run_streamlit.py
[2025-04-08T19:15:44.776+0000] {processor.py:830} INFO - Processing file /opt/airflow/dags/run_streamlit.py for tasks to queue
[2025-04-08T19:15:44.779+0000] {logging_mixin.py:188} INFO - [2025-04-08T19:15:44.778+0000] {dagbag.py:545} INFO - Filling up the DagBag from /opt/airflow/dags/run_streamlit.py
[2025-04-08T19:15:44.811+0000] {processor.py:840} INFO - DAG(s) 'run_streamlit' retrieved from /opt/airflow/dags/run_streamlit.py
[2025-04-08T19:15:44.860+0000] {logging_mixin.py:188} INFO - [2025-04-08T19:15:44.860+0000] {dag.py:3096} INFO - Sync 1 DAGs
[2025-04-08T19:15:44.888+0000] {logging_mixin.py:188} INFO - [2025-04-08T19:15:44.888+0000] {dag.py:3954} INFO - Setting next_dagrun for run_streamlit to None, run_after=None
[2025-04-08T19:15:44.920+0000] {processor.py:183} INFO - Processing /opt/airflow/dags/run_streamlit.py took 0.157 seconds
[2025-04-08T19:16:15.604+0000] {processor.py:161} INFO - Started process (PID=574) to work on /opt/airflow/dags/run_streamlit.py
[2025-04-08T19:16:15.605+0000] {processor.py:830} INFO - Processing file /opt/airflow/dags/run_streamlit.py for tasks to queue
[2025-04-08T19:16:15.608+0000] {logging_mixin.py:188} INFO - [2025-04-08T19:16:15.607+0000] {dagbag.py:545} INFO - Filling up the DagBag from /opt/airflow/dags/run_streamlit.py
[2025-04-08T19:16:15.630+0000] {processor.py:840} INFO - DAG(s) 'run_streamlit' retrieved from /opt/airflow/dags/run_streamlit.py
[2025-04-08T19:16:15.663+0000] {logging_mixin.py:188} INFO - [2025-04-08T19:16:15.662+0000] {dag.py:3096} INFO - Sync 1 DAGs
[2025-04-08T19:16:15.685+0000] {logging_mixin.py:188} INFO - [2025-04-08T19:16:15.685+0000] {dag.py:3954} INFO - Setting next_dagrun for run_streamlit to None, run_after=None
[2025-04-08T19:16:15.712+0000] {processor.py:183} INFO - Processing /opt/airflow/dags/run_streamlit.py took 0.115 seconds
[2025-04-08T19:16:46.462+0000] {processor.py:161} INFO - Started process (PID=627) to work on /opt/airflow/dags/run_streamlit.py
[2025-04-08T19:16:46.463+0000] {processor.py:830} INFO - Processing file /opt/airflow/dags/run_streamlit.py for tasks to queue
[2025-04-08T19:16:46.465+0000] {logging_mixin.py:188} INFO - [2025-04-08T19:16:46.465+0000] {dagbag.py:545} INFO - Filling up the DagBag from /opt/airflow/dags/run_streamlit.py
[2025-04-08T19:16:46.485+0000] {processor.py:840} INFO - DAG(s) 'run_streamlit' retrieved from /opt/airflow/dags/run_streamlit.py
[2025-04-08T19:16:46.516+0000] {logging_mixin.py:188} INFO - [2025-04-08T19:16:46.516+0000] {dag.py:3096} INFO - Sync 1 DAGs
[2025-04-08T19:16:46.536+0000] {logging_mixin.py:188} INFO - [2025-04-08T19:16:46.536+0000] {dag.py:3954} INFO - Setting next_dagrun for run_streamlit to None, run_after=None
[2025-04-08T19:16:46.560+0000] {processor.py:183} INFO - Processing /opt/airflow/dags/run_streamlit.py took 0.104 seconds
[2025-04-08T19:17:17.194+0000] {processor.py:161} INFO - Started process (PID=685) to work on /opt/airflow/dags/run_streamlit.py
[2025-04-08T19:17:17.195+0000] {processor.py:830} INFO - Processing file /opt/airflow/dags/run_streamlit.py for tasks to queue
[2025-04-08T19:17:17.197+0000] {logging_mixin.py:188} INFO - [2025-04-08T19:17:17.196+0000] {dagbag.py:545} INFO - Filling up the DagBag from /opt/airflow/dags/run_streamlit.py
[2025-04-08T19:17:17.217+0000] {processor.py:840} INFO - DAG(s) 'run_streamlit' retrieved from /opt/airflow/dags/run_streamlit.py
[2025-04-08T19:17:17.245+0000] {logging_mixin.py:188} INFO - [2025-04-08T19:17:17.245+0000] {dag.py:3096} INFO - Sync 1 DAGs
[2025-04-08T19:17:17.264+0000] {logging_mixin.py:188} INFO - [2025-04-08T19:17:17.264+0000] {dag.py:3954} INFO - Setting next_dagrun for run_streamlit to None, run_after=None
[2025-04-08T19:17:17.287+0000] {processor.py:183} INFO - Processing /opt/airflow/dags/run_streamlit.py took 0.098 seconds
[2025-04-08T19:17:48.075+0000] {processor.py:161} INFO - Started process (PID=736) to work on /opt/airflow/dags/run_streamlit.py
[2025-04-08T19:17:48.076+0000] {processor.py:830} INFO - Processing file /opt/airflow/dags/run_streamlit.py for tasks to queue
[2025-04-08T19:17:48.078+0000] {logging_mixin.py:188} INFO - [2025-04-08T19:17:48.078+0000] {dagbag.py:545} INFO - Filling up the DagBag from /opt/airflow/dags/run_streamlit.py
[2025-04-08T19:17:48.099+0000] {processor.py:840} INFO - DAG(s) 'run_streamlit' retrieved from /opt/airflow/dags/run_streamlit.py
[2025-04-08T19:17:48.128+0000] {logging_mixin.py:188} INFO - [2025-04-08T19:17:48.128+0000] {dag.py:3096} INFO - Sync 1 DAGs
[2025-04-08T19:17:48.147+0000] {logging_mixin.py:188} INFO - [2025-04-08T19:17:48.147+0000] {dag.py:3954} INFO - Setting next_dagrun for run_streamlit to None, run_after=None
[2025-04-08T19:17:48.170+0000] {processor.py:183} INFO - Processing /opt/airflow/dags/run_streamlit.py took 0.100 seconds
[2025-04-08T19:18:18.837+0000] {processor.py:161} INFO - Started process (PID=793) to work on /opt/airflow/dags/run_streamlit.py
[2025-04-08T19:18:18.838+0000] {processor.py:830} INFO - Processing file /opt/airflow/dags/run_streamlit.py for tasks to queue
[2025-04-08T19:18:18.840+0000] {logging_mixin.py:188} INFO - [2025-04-08T19:18:18.840+0000] {dagbag.py:545} INFO - Filling up the DagBag from /opt/airflow/dags/run_streamlit.py
[2025-04-08T19:18:18.862+0000] {processor.py:840} INFO - DAG(s) 'run_streamlit' retrieved from /opt/airflow/dags/run_streamlit.py
[2025-04-08T19:18:18.894+0000] {logging_mixin.py:188} INFO - [2025-04-08T19:18:18.894+0000] {dag.py:3096} INFO - Sync 1 DAGs
[2025-04-08T19:18:18.916+0000] {logging_mixin.py:188} INFO - [2025-04-08T19:18:18.915+0000] {dag.py:3954} INFO - Setting next_dagrun for run_streamlit to None, run_after=None
[2025-04-08T19:18:18.941+0000] {processor.py:183} INFO - Processing /opt/airflow/dags/run_streamlit.py took 0.110 seconds
[2025-04-08T19:18:49.863+0000] {processor.py:161} INFO - Started process (PID=845) to work on /opt/airflow/dags/run_streamlit.py
[2025-04-08T19:18:49.864+0000] {processor.py:830} INFO - Processing file /opt/airflow/dags/run_streamlit.py for tasks to queue
[2025-04-08T19:18:49.866+0000] {logging_mixin.py:188} INFO - [2025-04-08T19:18:49.866+0000] {dagbag.py:545} INFO - Filling up the DagBag from /opt/airflow/dags/run_streamlit.py
[2025-04-08T19:18:49.888+0000] {processor.py:840} INFO - DAG(s) 'run_streamlit' retrieved from /opt/airflow/dags/run_streamlit.py
[2025-04-08T19:18:49.921+0000] {logging_mixin.py:188} INFO - [2025-04-08T19:18:49.920+0000] {dag.py:3096} INFO - Sync 1 DAGs
[2025-04-08T19:18:49.945+0000] {logging_mixin.py:188} INFO - [2025-04-08T19:18:49.944+0000] {dag.py:3954} INFO - Setting next_dagrun for run_streamlit to None, run_after=None
[2025-04-08T19:18:49.969+0000] {processor.py:183} INFO - Processing /opt/airflow/dags/run_streamlit.py took 0.112 seconds
[2025-04-08T19:19:20.708+0000] {processor.py:161} INFO - Started process (PID=901) to work on /opt/airflow/dags/run_streamlit.py
[2025-04-08T19:19:20.709+0000] {processor.py:830} INFO - Processing file /opt/airflow/dags/run_streamlit.py for tasks to queue
[2025-04-08T19:19:20.711+0000] {logging_mixin.py:188} INFO - [2025-04-08T19:19:20.711+0000] {dagbag.py:545} INFO - Filling up the DagBag from /opt/airflow/dags/run_streamlit.py
[2025-04-08T19:19:20.733+0000] {processor.py:840} INFO - DAG(s) 'run_streamlit' retrieved from /opt/airflow/dags/run_streamlit.py
[2025-04-08T19:19:20.792+0000] {logging_mixin.py:188} INFO - [2025-04-08T19:19:20.791+0000] {dag.py:3096} INFO - Sync 1 DAGs
[2025-04-08T19:19:20.823+0000] {logging_mixin.py:188} INFO - [2025-04-08T19:19:20.822+0000] {dag.py:3954} INFO - Setting next_dagrun for run_streamlit to None, run_after=None
[2025-04-08T19:19:20.856+0000] {processor.py:183} INFO - Processing /opt/airflow/dags/run_streamlit.py took 0.154 seconds
[2025-04-08T19:19:51.673+0000] {processor.py:161} INFO - Started process (PID=952) to work on /opt/airflow/dags/run_streamlit.py
[2025-04-08T19:19:51.675+0000] {processor.py:830} INFO - Processing file /opt/airflow/dags/run_streamlit.py for tasks to queue
[2025-04-08T19:19:51.676+0000] {logging_mixin.py:188} INFO - [2025-04-08T19:19:51.676+0000] {dagbag.py:545} INFO - Filling up the DagBag from /opt/airflow/dags/run_streamlit.py
[2025-04-08T19:19:51.699+0000] {processor.py:840} INFO - DAG(s) 'run_streamlit' retrieved from /opt/airflow/dags/run_streamlit.py
[2025-04-08T19:19:51.735+0000] {logging_mixin.py:188} INFO - [2025-04-08T19:19:51.735+0000] {dag.py:3096} INFO - Sync 1 DAGs
[2025-04-08T19:19:51.757+0000] {logging_mixin.py:188} INFO - [2025-04-08T19:19:51.757+0000] {dag.py:3954} INFO - Setting next_dagrun for run_streamlit to None, run_after=None
[2025-04-08T19:19:51.783+0000] {processor.py:183} INFO - Processing /opt/airflow/dags/run_streamlit.py took 0.116 seconds
[2025-04-08T19:20:22.568+0000] {processor.py:161} INFO - Started process (PID=1003) to work on /opt/airflow/dags/run_streamlit.py
[2025-04-08T19:20:22.569+0000] {processor.py:830} INFO - Processing file /opt/airflow/dags/run_streamlit.py for tasks to queue
[2025-04-08T19:20:22.571+0000] {logging_mixin.py:188} INFO - [2025-04-08T19:20:22.570+0000] {dagbag.py:545} INFO - Filling up the DagBag from /opt/airflow/dags/run_streamlit.py
[2025-04-08T19:20:22.590+0000] {processor.py:840} INFO - DAG(s) 'run_streamlit' retrieved from /opt/airflow/dags/run_streamlit.py
[2025-04-08T19:20:22.620+0000] {logging_mixin.py:188} INFO - [2025-04-08T19:20:22.620+0000] {dag.py:3096} INFO - Sync 1 DAGs
[2025-04-08T19:20:22.639+0000] {logging_mixin.py:188} INFO - [2025-04-08T19:20:22.639+0000] {dag.py:3954} INFO - Setting next_dagrun for run_streamlit to None, run_after=None
[2025-04-08T19:20:22.660+0000] {processor.py:183} INFO - Processing /opt/airflow/dags/run_streamlit.py took 0.099 seconds
[2025-04-08T19:20:53.359+0000] {processor.py:161} INFO - Started process (PID=1089) to work on /opt/airflow/dags/run_streamlit.py
[2025-04-08T19:20:53.360+0000] {processor.py:830} INFO - Processing file /opt/airflow/dags/run_streamlit.py for tasks to queue
[2025-04-08T19:20:53.361+0000] {logging_mixin.py:188} INFO - [2025-04-08T19:20:53.361+0000] {dagbag.py:545} INFO - Filling up the DagBag from /opt/airflow/dags/run_streamlit.py
[2025-04-08T19:20:53.389+0000] {processor.py:840} INFO - DAG(s) 'run_streamlit' retrieved from /opt/airflow/dags/run_streamlit.py
[2025-04-08T19:20:53.431+0000] {logging_mixin.py:188} INFO - [2025-04-08T19:20:53.431+0000] {dag.py:3096} INFO - Sync 1 DAGs
[2025-04-08T19:20:53.463+0000] {logging_mixin.py:188} INFO - [2025-04-08T19:20:53.463+0000] {dag.py:3954} INFO - Setting next_dagrun for run_streamlit to None, run_after=None
[2025-04-08T19:20:53.495+0000] {processor.py:183} INFO - Processing /opt/airflow/dags/run_streamlit.py took 0.145 seconds
[2025-04-08T19:21:24.212+0000] {processor.py:161} INFO - Started process (PID=1140) to work on /opt/airflow/dags/run_streamlit.py
[2025-04-08T19:21:24.213+0000] {processor.py:830} INFO - Processing file /opt/airflow/dags/run_streamlit.py for tasks to queue
[2025-04-08T19:21:24.215+0000] {logging_mixin.py:188} INFO - [2025-04-08T19:21:24.215+0000] {dagbag.py:545} INFO - Filling up the DagBag from /opt/airflow/dags/run_streamlit.py
[2025-04-08T19:21:24.236+0000] {processor.py:840} INFO - DAG(s) 'run_streamlit' retrieved from /opt/airflow/dags/run_streamlit.py
[2025-04-08T19:21:24.267+0000] {logging_mixin.py:188} INFO - [2025-04-08T19:21:24.266+0000] {dag.py:3096} INFO - Sync 1 DAGs
[2025-04-08T19:21:24.287+0000] {logging_mixin.py:188} INFO - [2025-04-08T19:21:24.287+0000] {dag.py:3954} INFO - Setting next_dagrun for run_streamlit to None, run_after=None
[2025-04-08T19:21:24.314+0000] {processor.py:183} INFO - Processing /opt/airflow/dags/run_streamlit.py took 0.108 seconds
[2025-04-08T19:21:55.115+0000] {processor.py:161} INFO - Started process (PID=1198) to work on /opt/airflow/dags/run_streamlit.py
[2025-04-08T19:21:55.116+0000] {processor.py:830} INFO - Processing file /opt/airflow/dags/run_streamlit.py for tasks to queue
[2025-04-08T19:21:55.117+0000] {logging_mixin.py:188} INFO - [2025-04-08T19:21:55.117+0000] {dagbag.py:545} INFO - Filling up the DagBag from /opt/airflow/dags/run_streamlit.py
[2025-04-08T19:21:55.139+0000] {processor.py:840} INFO - DAG(s) 'run_streamlit' retrieved from /opt/airflow/dags/run_streamlit.py
[2025-04-08T19:21:55.170+0000] {logging_mixin.py:188} INFO - [2025-04-08T19:21:55.170+0000] {dag.py:3096} INFO - Sync 1 DAGs
[2025-04-08T19:21:55.193+0000] {logging_mixin.py:188} INFO - [2025-04-08T19:21:55.192+0000] {dag.py:3954} INFO - Setting next_dagrun for run_streamlit to None, run_after=None
[2025-04-08T19:21:55.215+0000] {processor.py:183} INFO - Processing /opt/airflow/dags/run_streamlit.py took 0.106 seconds
[2025-04-08T19:22:26.028+0000] {processor.py:161} INFO - Started process (PID=1249) to work on /opt/airflow/dags/run_streamlit.py
[2025-04-08T19:22:26.029+0000] {processor.py:830} INFO - Processing file /opt/airflow/dags/run_streamlit.py for tasks to queue
[2025-04-08T19:22:26.031+0000] {logging_mixin.py:188} INFO - [2025-04-08T19:22:26.030+0000] {dagbag.py:545} INFO - Filling up the DagBag from /opt/airflow/dags/run_streamlit.py
[2025-04-08T19:22:26.052+0000] {processor.py:840} INFO - DAG(s) 'run_streamlit' retrieved from /opt/airflow/dags/run_streamlit.py
[2025-04-08T19:22:26.090+0000] {logging_mixin.py:188} INFO - [2025-04-08T19:22:26.090+0000] {dag.py:3096} INFO - Sync 1 DAGs
[2025-04-08T19:22:26.115+0000] {logging_mixin.py:188} INFO - [2025-04-08T19:22:26.114+0000] {dag.py:3954} INFO - Setting next_dagrun for run_streamlit to None, run_after=None
[2025-04-08T19:22:26.138+0000] {processor.py:183} INFO - Processing /opt/airflow/dags/run_streamlit.py took 0.118 seconds
[2025-04-08T19:22:56.866+0000] {processor.py:161} INFO - Started process (PID=1300) to work on /opt/airflow/dags/run_streamlit.py
[2025-04-08T19:22:56.868+0000] {processor.py:830} INFO - Processing file /opt/airflow/dags/run_streamlit.py for tasks to queue
[2025-04-08T19:22:56.871+0000] {logging_mixin.py:188} INFO - [2025-04-08T19:22:56.870+0000] {dagbag.py:545} INFO - Filling up the DagBag from /opt/airflow/dags/run_streamlit.py
[2025-04-08T19:22:56.898+0000] {processor.py:840} INFO - DAG(s) 'run_streamlit' retrieved from /opt/airflow/dags/run_streamlit.py
[2025-04-08T19:22:56.931+0000] {logging_mixin.py:188} INFO - [2025-04-08T19:22:56.931+0000] {dag.py:3096} INFO - Sync 1 DAGs
[2025-04-08T19:22:56.953+0000] {logging_mixin.py:188} INFO - [2025-04-08T19:22:56.952+0000] {dag.py:3954} INFO - Setting next_dagrun for run_streamlit to None, run_after=None
[2025-04-08T19:22:56.975+0000] {processor.py:183} INFO - Processing /opt/airflow/dags/run_streamlit.py took 0.116 seconds
[2025-04-08T19:23:27.738+0000] {processor.py:161} INFO - Started process (PID=1358) to work on /opt/airflow/dags/run_streamlit.py
[2025-04-08T19:23:27.739+0000] {processor.py:830} INFO - Processing file /opt/airflow/dags/run_streamlit.py for tasks to queue
[2025-04-08T19:23:27.741+0000] {logging_mixin.py:188} INFO - [2025-04-08T19:23:27.741+0000] {dagbag.py:545} INFO - Filling up the DagBag from /opt/airflow/dags/run_streamlit.py
[2025-04-08T19:23:27.760+0000] {processor.py:840} INFO - DAG(s) 'run_streamlit' retrieved from /opt/airflow/dags/run_streamlit.py
[2025-04-08T19:23:27.790+0000] {logging_mixin.py:188} INFO - [2025-04-08T19:23:27.789+0000] {dag.py:3096} INFO - Sync 1 DAGs
[2025-04-08T19:23:27.809+0000] {logging_mixin.py:188} INFO - [2025-04-08T19:23:27.809+0000] {dag.py:3954} INFO - Setting next_dagrun for run_streamlit to None, run_after=None
[2025-04-08T19:23:27.830+0000] {processor.py:183} INFO - Processing /opt/airflow/dags/run_streamlit.py took 0.098 seconds
[2025-04-08T19:23:58.631+0000] {processor.py:161} INFO - Started process (PID=1409) to work on /opt/airflow/dags/run_streamlit.py
[2025-04-08T19:23:58.632+0000] {processor.py:830} INFO - Processing file /opt/airflow/dags/run_streamlit.py for tasks to queue
[2025-04-08T19:23:58.634+0000] {logging_mixin.py:188} INFO - [2025-04-08T19:23:58.633+0000] {dagbag.py:545} INFO - Filling up the DagBag from /opt/airflow/dags/run_streamlit.py
[2025-04-08T19:23:58.657+0000] {processor.py:840} INFO - DAG(s) 'run_streamlit' retrieved from /opt/airflow/dags/run_streamlit.py
[2025-04-08T19:23:58.689+0000] {logging_mixin.py:188} INFO - [2025-04-08T19:23:58.689+0000] {dag.py:3096} INFO - Sync 1 DAGs
[2025-04-08T19:23:58.708+0000] {logging_mixin.py:188} INFO - [2025-04-08T19:23:58.708+0000] {dag.py:3954} INFO - Setting next_dagrun for run_streamlit to None, run_after=None
[2025-04-08T19:23:58.731+0000] {processor.py:183} INFO - Processing /opt/airflow/dags/run_streamlit.py took 0.106 seconds
[2025-04-08T19:24:29.550+0000] {processor.py:161} INFO - Started process (PID=1470) to work on /opt/airflow/dags/run_streamlit.py
[2025-04-08T19:24:29.551+0000] {processor.py:830} INFO - Processing file /opt/airflow/dags/run_streamlit.py for tasks to queue
[2025-04-08T19:24:29.552+0000] {logging_mixin.py:188} INFO - [2025-04-08T19:24:29.552+0000] {dagbag.py:545} INFO - Filling up the DagBag from /opt/airflow/dags/run_streamlit.py
[2025-04-08T19:24:29.572+0000] {processor.py:840} INFO - DAG(s) 'run_streamlit' retrieved from /opt/airflow/dags/run_streamlit.py
[2025-04-08T19:24:29.603+0000] {logging_mixin.py:188} INFO - [2025-04-08T19:24:29.602+0000] {dag.py:3096} INFO - Sync 1 DAGs
[2025-04-08T19:24:29.622+0000] {logging_mixin.py:188} INFO - [2025-04-08T19:24:29.622+0000] {dag.py:3954} INFO - Setting next_dagrun for run_streamlit to None, run_after=None
[2025-04-08T19:24:29.645+0000] {processor.py:183} INFO - Processing /opt/airflow/dags/run_streamlit.py took 0.101 seconds
[2025-04-08T19:25:00.409+0000] {processor.py:161} INFO - Started process (PID=1521) to work on /opt/airflow/dags/run_streamlit.py
[2025-04-08T19:25:00.410+0000] {processor.py:830} INFO - Processing file /opt/airflow/dags/run_streamlit.py for tasks to queue
[2025-04-08T19:25:00.413+0000] {logging_mixin.py:188} INFO - [2025-04-08T19:25:00.412+0000] {dagbag.py:545} INFO - Filling up the DagBag from /opt/airflow/dags/run_streamlit.py
[2025-04-08T19:25:00.437+0000] {processor.py:840} INFO - DAG(s) 'run_streamlit' retrieved from /opt/airflow/dags/run_streamlit.py
[2025-04-08T19:25:00.471+0000] {logging_mixin.py:188} INFO - [2025-04-08T19:25:00.471+0000] {dag.py:3096} INFO - Sync 1 DAGs
[2025-04-08T19:25:00.494+0000] {logging_mixin.py:188} INFO - [2025-04-08T19:25:00.493+0000] {dag.py:3954} INFO - Setting next_dagrun for run_streamlit to None, run_after=None
[2025-04-08T19:25:00.514+0000] {processor.py:183} INFO - Processing /opt/airflow/dags/run_streamlit.py took 0.113 seconds
[2025-04-08T19:25:31.395+0000] {processor.py:161} INFO - Started process (PID=1587) to work on /opt/airflow/dags/run_streamlit.py
[2025-04-08T19:25:31.396+0000] {processor.py:830} INFO - Processing file /opt/airflow/dags/run_streamlit.py for tasks to queue
[2025-04-08T19:25:31.398+0000] {logging_mixin.py:188} INFO - [2025-04-08T19:25:31.398+0000] {dagbag.py:545} INFO - Filling up the DagBag from /opt/airflow/dags/run_streamlit.py
[2025-04-08T19:25:31.420+0000] {processor.py:840} INFO - DAG(s) 'run_streamlit' retrieved from /opt/airflow/dags/run_streamlit.py
[2025-04-08T19:25:31.455+0000] {logging_mixin.py:188} INFO - [2025-04-08T19:25:31.455+0000] {dag.py:3096} INFO - Sync 1 DAGs
[2025-04-08T19:25:31.477+0000] {logging_mixin.py:188} INFO - [2025-04-08T19:25:31.477+0000] {dag.py:3954} INFO - Setting next_dagrun for run_streamlit to None, run_after=None
[2025-04-08T19:25:31.499+0000] {processor.py:183} INFO - Processing /opt/airflow/dags/run_streamlit.py took 0.111 seconds
[2025-04-08T19:26:02.212+0000] {processor.py:161} INFO - Started process (PID=1638) to work on /opt/airflow/dags/run_streamlit.py
[2025-04-08T19:26:02.213+0000] {processor.py:830} INFO - Processing file /opt/airflow/dags/run_streamlit.py for tasks to queue
[2025-04-08T19:26:02.215+0000] {logging_mixin.py:188} INFO - [2025-04-08T19:26:02.214+0000] {dagbag.py:545} INFO - Filling up the DagBag from /opt/airflow/dags/run_streamlit.py
[2025-04-08T19:26:02.238+0000] {processor.py:840} INFO - DAG(s) 'run_streamlit' retrieved from /opt/airflow/dags/run_streamlit.py
[2025-04-08T19:26:02.273+0000] {logging_mixin.py:188} INFO - [2025-04-08T19:26:02.272+0000] {dag.py:3096} INFO - Sync 1 DAGs
[2025-04-08T19:26:02.298+0000] {logging_mixin.py:188} INFO - [2025-04-08T19:26:02.298+0000] {dag.py:3954} INFO - Setting next_dagrun for run_streamlit to None, run_after=None
[2025-04-08T19:26:02.329+0000] {processor.py:183} INFO - Processing /opt/airflow/dags/run_streamlit.py took 0.123 seconds
[2025-04-08T19:26:33.064+0000] {processor.py:161} INFO - Started process (PID=1689) to work on /opt/airflow/dags/run_streamlit.py
[2025-04-08T19:26:33.065+0000] {processor.py:830} INFO - Processing file /opt/airflow/dags/run_streamlit.py for tasks to queue
[2025-04-08T19:26:33.066+0000] {logging_mixin.py:188} INFO - [2025-04-08T19:26:33.066+0000] {dagbag.py:545} INFO - Filling up the DagBag from /opt/airflow/dags/run_streamlit.py
[2025-04-08T19:26:33.087+0000] {processor.py:840} INFO - DAG(s) 'run_streamlit' retrieved from /opt/airflow/dags/run_streamlit.py
[2025-04-08T19:26:33.121+0000] {logging_mixin.py:188} INFO - [2025-04-08T19:26:33.121+0000] {dag.py:3096} INFO - Sync 1 DAGs
[2025-04-08T19:26:33.141+0000] {logging_mixin.py:188} INFO - [2025-04-08T19:26:33.141+0000] {dag.py:3954} INFO - Setting next_dagrun for run_streamlit to None, run_after=None
[2025-04-08T19:26:33.168+0000] {processor.py:183} INFO - Processing /opt/airflow/dags/run_streamlit.py took 0.110 seconds
[2025-04-08T19:27:00.356+0000] {processor.py:161} INFO - Started process (PID=1715) to work on /opt/airflow/dags/run_streamlit.py
[2025-04-08T19:27:00.358+0000] {processor.py:830} INFO - Processing file /opt/airflow/dags/run_streamlit.py for tasks to queue
[2025-04-08T19:27:00.361+0000] {logging_mixin.py:188} INFO - [2025-04-08T19:27:00.361+0000] {dagbag.py:545} INFO - Filling up the DagBag from /opt/airflow/dags/run_streamlit.py
[2025-04-08T19:27:00.420+0000] {processor.py:840} INFO - DAG(s) 'run_streamlit' retrieved from /opt/airflow/dags/run_streamlit.py
[2025-04-08T19:27:00.590+0000] {logging_mixin.py:188} INFO - [2025-04-08T19:27:00.590+0000] {dag.py:3096} INFO - Sync 1 DAGs
[2025-04-08T19:27:00.615+0000] {logging_mixin.py:188} INFO - [2025-04-08T19:27:00.615+0000] {dag.py:3954} INFO - Setting next_dagrun for run_streamlit to None, run_after=None
[2025-04-08T19:27:00.677+0000] {processor.py:183} INFO - Processing /opt/airflow/dags/run_streamlit.py took 0.334 seconds
[2025-04-08T19:27:31.273+0000] {processor.py:161} INFO - Started process (PID=1769) to work on /opt/airflow/dags/run_streamlit.py
[2025-04-08T19:27:31.274+0000] {processor.py:830} INFO - Processing file /opt/airflow/dags/run_streamlit.py for tasks to queue
[2025-04-08T19:27:31.276+0000] {logging_mixin.py:188} INFO - [2025-04-08T19:27:31.276+0000] {dagbag.py:545} INFO - Filling up the DagBag from /opt/airflow/dags/run_streamlit.py
[2025-04-08T19:27:31.309+0000] {processor.py:840} INFO - DAG(s) 'run_streamlit' retrieved from /opt/airflow/dags/run_streamlit.py
[2025-04-08T19:27:31.345+0000] {logging_mixin.py:188} INFO - [2025-04-08T19:27:31.344+0000] {dag.py:3096} INFO - Sync 1 DAGs
[2025-04-08T19:27:31.366+0000] {logging_mixin.py:188} INFO - [2025-04-08T19:27:31.365+0000] {dag.py:3954} INFO - Setting next_dagrun for run_streamlit to None, run_after=None
[2025-04-08T19:27:31.389+0000] {processor.py:183} INFO - Processing /opt/airflow/dags/run_streamlit.py took 0.123 seconds
[2025-04-08T19:28:01.960+0000] {processor.py:161} INFO - Started process (PID=1820) to work on /opt/airflow/dags/run_streamlit.py
[2025-04-08T19:28:01.961+0000] {processor.py:830} INFO - Processing file /opt/airflow/dags/run_streamlit.py for tasks to queue
[2025-04-08T19:28:01.963+0000] {logging_mixin.py:188} INFO - [2025-04-08T19:28:01.963+0000] {dagbag.py:545} INFO - Filling up the DagBag from /opt/airflow/dags/run_streamlit.py
[2025-04-08T19:28:01.989+0000] {processor.py:840} INFO - DAG(s) 'run_streamlit' retrieved from /opt/airflow/dags/run_streamlit.py
[2025-04-08T19:28:02.025+0000] {logging_mixin.py:188} INFO - [2025-04-08T19:28:02.025+0000] {dag.py:3096} INFO - Sync 1 DAGs
[2025-04-08T19:28:02.049+0000] {logging_mixin.py:188} INFO - [2025-04-08T19:28:02.048+0000] {dag.py:3954} INFO - Setting next_dagrun for run_streamlit to None, run_after=None
[2025-04-08T19:28:02.071+0000] {processor.py:183} INFO - Processing /opt/airflow/dags/run_streamlit.py took 0.119 seconds
[2025-04-08T19:28:32.763+0000] {processor.py:161} INFO - Started process (PID=1878) to work on /opt/airflow/dags/run_streamlit.py
[2025-04-08T19:28:32.764+0000] {processor.py:830} INFO - Processing file /opt/airflow/dags/run_streamlit.py for tasks to queue
[2025-04-08T19:28:32.766+0000] {logging_mixin.py:188} INFO - [2025-04-08T19:28:32.766+0000] {dagbag.py:545} INFO - Filling up the DagBag from /opt/airflow/dags/run_streamlit.py
[2025-04-08T19:28:32.789+0000] {processor.py:840} INFO - DAG(s) 'run_streamlit' retrieved from /opt/airflow/dags/run_streamlit.py
[2025-04-08T19:28:32.826+0000] {logging_mixin.py:188} INFO - [2025-04-08T19:28:32.826+0000] {dag.py:3096} INFO - Sync 1 DAGs
[2025-04-08T19:28:32.852+0000] {logging_mixin.py:188} INFO - [2025-04-08T19:28:32.851+0000] {dag.py:3954} INFO - Setting next_dagrun for run_streamlit to None, run_after=None
[2025-04-08T19:28:32.879+0000] {processor.py:183} INFO - Processing /opt/airflow/dags/run_streamlit.py took 0.124 seconds
[2025-04-08T19:29:03.396+0000] {processor.py:161} INFO - Started process (PID=1929) to work on /opt/airflow/dags/run_streamlit.py
[2025-04-08T19:29:03.396+0000] {processor.py:830} INFO - Processing file /opt/airflow/dags/run_streamlit.py for tasks to queue
[2025-04-08T19:29:03.398+0000] {logging_mixin.py:188} INFO - [2025-04-08T19:29:03.398+0000] {dagbag.py:545} INFO - Filling up the DagBag from /opt/airflow/dags/run_streamlit.py
[2025-04-08T19:29:03.418+0000] {processor.py:840} INFO - DAG(s) 'run_streamlit' retrieved from /opt/airflow/dags/run_streamlit.py
[2025-04-08T19:29:03.449+0000] {logging_mixin.py:188} INFO - [2025-04-08T19:29:03.449+0000] {dag.py:3096} INFO - Sync 1 DAGs
[2025-04-08T19:29:03.468+0000] {logging_mixin.py:188} INFO - [2025-04-08T19:29:03.468+0000] {dag.py:3954} INFO - Setting next_dagrun for run_streamlit to None, run_after=None
[2025-04-08T19:29:03.498+0000] {processor.py:183} INFO - Processing /opt/airflow/dags/run_streamlit.py took 0.109 seconds
[2025-04-08T19:29:34.269+0000] {processor.py:161} INFO - Started process (PID=1987) to work on /opt/airflow/dags/run_streamlit.py
[2025-04-08T19:29:34.270+0000] {processor.py:830} INFO - Processing file /opt/airflow/dags/run_streamlit.py for tasks to queue
[2025-04-08T19:29:34.272+0000] {logging_mixin.py:188} INFO - [2025-04-08T19:29:34.272+0000] {dagbag.py:545} INFO - Filling up the DagBag from /opt/airflow/dags/run_streamlit.py
[2025-04-08T19:29:34.294+0000] {processor.py:840} INFO - DAG(s) 'run_streamlit' retrieved from /opt/airflow/dags/run_streamlit.py
[2025-04-08T19:29:34.327+0000] {logging_mixin.py:188} INFO - [2025-04-08T19:29:34.327+0000] {dag.py:3096} INFO - Sync 1 DAGs
[2025-04-08T19:29:34.352+0000] {logging_mixin.py:188} INFO - [2025-04-08T19:29:34.351+0000] {dag.py:3954} INFO - Setting next_dagrun for run_streamlit to None, run_after=None
[2025-04-08T19:29:34.383+0000] {processor.py:183} INFO - Processing /opt/airflow/dags/run_streamlit.py took 0.120 seconds
[2025-04-08T19:30:05.097+0000] {processor.py:161} INFO - Started process (PID=2038) to work on /opt/airflow/dags/run_streamlit.py
[2025-04-08T19:30:05.097+0000] {processor.py:830} INFO - Processing file /opt/airflow/dags/run_streamlit.py for tasks to queue
[2025-04-08T19:30:05.100+0000] {logging_mixin.py:188} INFO - [2025-04-08T19:30:05.099+0000] {dagbag.py:545} INFO - Filling up the DagBag from /opt/airflow/dags/run_streamlit.py
[2025-04-08T19:30:05.126+0000] {processor.py:840} INFO - DAG(s) 'run_streamlit' retrieved from /opt/airflow/dags/run_streamlit.py
[2025-04-08T19:30:05.162+0000] {logging_mixin.py:188} INFO - [2025-04-08T19:30:05.161+0000] {dag.py:3096} INFO - Sync 1 DAGs
[2025-04-08T19:30:05.185+0000] {logging_mixin.py:188} INFO - [2025-04-08T19:30:05.185+0000] {dag.py:3954} INFO - Setting next_dagrun for run_streamlit to None, run_after=None
[2025-04-08T19:30:05.214+0000] {processor.py:183} INFO - Processing /opt/airflow/dags/run_streamlit.py took 0.126 seconds
[2025-04-08T19:30:35.670+0000] {processor.py:161} INFO - Started process (PID=2152) to work on /opt/airflow/dags/run_streamlit.py
[2025-04-08T19:30:35.671+0000] {processor.py:830} INFO - Processing file /opt/airflow/dags/run_streamlit.py for tasks to queue
[2025-04-08T19:30:35.673+0000] {logging_mixin.py:188} INFO - [2025-04-08T19:30:35.672+0000] {dagbag.py:545} INFO - Filling up the DagBag from /opt/airflow/dags/run_streamlit.py
[2025-04-08T19:30:35.692+0000] {processor.py:840} INFO - DAG(s) 'run_streamlit' retrieved from /opt/airflow/dags/run_streamlit.py
[2025-04-08T19:30:35.724+0000] {logging_mixin.py:188} INFO - [2025-04-08T19:30:35.724+0000] {dag.py:3096} INFO - Sync 1 DAGs
[2025-04-08T19:30:35.744+0000] {logging_mixin.py:188} INFO - [2025-04-08T19:30:35.744+0000] {dag.py:3954} INFO - Setting next_dagrun for run_streamlit to None, run_after=None
[2025-04-08T19:30:35.774+0000] {processor.py:183} INFO - Processing /opt/airflow/dags/run_streamlit.py took 0.110 seconds
[2025-04-08T19:31:06.449+0000] {processor.py:161} INFO - Started process (PID=2211) to work on /opt/airflow/dags/run_streamlit.py
[2025-04-08T19:31:06.450+0000] {processor.py:830} INFO - Processing file /opt/airflow/dags/run_streamlit.py for tasks to queue
[2025-04-08T19:31:06.451+0000] {logging_mixin.py:188} INFO - [2025-04-08T19:31:06.451+0000] {dagbag.py:545} INFO - Filling up the DagBag from /opt/airflow/dags/run_streamlit.py
[2025-04-08T19:31:06.474+0000] {processor.py:840} INFO - DAG(s) 'run_streamlit' retrieved from /opt/airflow/dags/run_streamlit.py
[2025-04-08T19:31:06.507+0000] {logging_mixin.py:188} INFO - [2025-04-08T19:31:06.507+0000] {dag.py:3096} INFO - Sync 1 DAGs
[2025-04-08T19:31:06.531+0000] {logging_mixin.py:188} INFO - [2025-04-08T19:31:06.531+0000] {dag.py:3954} INFO - Setting next_dagrun for run_streamlit to None, run_after=None
[2025-04-08T19:31:06.565+0000] {processor.py:183} INFO - Processing /opt/airflow/dags/run_streamlit.py took 0.123 seconds
[2025-04-08T19:31:37.464+0000] {processor.py:161} INFO - Started process (PID=2262) to work on /opt/airflow/dags/run_streamlit.py
[2025-04-08T19:31:37.465+0000] {processor.py:830} INFO - Processing file /opt/airflow/dags/run_streamlit.py for tasks to queue
[2025-04-08T19:31:37.467+0000] {logging_mixin.py:188} INFO - [2025-04-08T19:31:37.466+0000] {dagbag.py:545} INFO - Filling up the DagBag from /opt/airflow/dags/run_streamlit.py
[2025-04-08T19:31:37.488+0000] {processor.py:840} INFO - DAG(s) 'run_streamlit' retrieved from /opt/airflow/dags/run_streamlit.py
[2025-04-08T19:31:37.521+0000] {logging_mixin.py:188} INFO - [2025-04-08T19:31:37.521+0000] {dag.py:3096} INFO - Sync 1 DAGs
[2025-04-08T19:31:37.548+0000] {logging_mixin.py:188} INFO - [2025-04-08T19:31:37.547+0000] {dag.py:3954} INFO - Setting next_dagrun for run_streamlit to None, run_after=None
[2025-04-08T19:31:37.585+0000] {processor.py:183} INFO - Processing /opt/airflow/dags/run_streamlit.py took 0.127 seconds
[2025-04-08T19:32:08.006+0000] {processor.py:161} INFO - Started process (PID=2351) to work on /opt/airflow/dags/run_streamlit.py
[2025-04-08T19:32:08.007+0000] {processor.py:830} INFO - Processing file /opt/airflow/dags/run_streamlit.py for tasks to queue
[2025-04-08T19:32:08.009+0000] {logging_mixin.py:188} INFO - [2025-04-08T19:32:08.008+0000] {dagbag.py:545} INFO - Filling up the DagBag from /opt/airflow/dags/run_streamlit.py
[2025-04-08T19:32:08.028+0000] {processor.py:840} INFO - DAG(s) 'run_streamlit' retrieved from /opt/airflow/dags/run_streamlit.py
[2025-04-08T19:32:08.061+0000] {logging_mixin.py:188} INFO - [2025-04-08T19:32:08.061+0000] {dag.py:3096} INFO - Sync 1 DAGs
[2025-04-08T19:32:08.080+0000] {logging_mixin.py:188} INFO - [2025-04-08T19:32:08.080+0000] {dag.py:3954} INFO - Setting next_dagrun for run_streamlit to None, run_after=None
[2025-04-08T19:32:08.102+0000] {processor.py:183} INFO - Processing /opt/airflow/dags/run_streamlit.py took 0.102 seconds
[2025-04-08T19:32:38.836+0000] {processor.py:161} INFO - Started process (PID=2412) to work on /opt/airflow/dags/run_streamlit.py
[2025-04-08T19:32:38.837+0000] {processor.py:830} INFO - Processing file /opt/airflow/dags/run_streamlit.py for tasks to queue
[2025-04-08T19:32:38.838+0000] {logging_mixin.py:188} INFO - [2025-04-08T19:32:38.838+0000] {dagbag.py:545} INFO - Filling up the DagBag from /opt/airflow/dags/run_streamlit.py
[2025-04-08T19:32:38.862+0000] {processor.py:840} INFO - DAG(s) 'run_streamlit' retrieved from /opt/airflow/dags/run_streamlit.py
[2025-04-08T19:32:38.899+0000] {logging_mixin.py:188} INFO - [2025-04-08T19:32:38.898+0000] {dag.py:3096} INFO - Sync 1 DAGs
[2025-04-08T19:32:38.920+0000] {logging_mixin.py:188} INFO - [2025-04-08T19:32:38.920+0000] {dag.py:3954} INFO - Setting next_dagrun for run_streamlit to None, run_after=None
[2025-04-08T19:32:38.952+0000] {processor.py:183} INFO - Processing /opt/airflow/dags/run_streamlit.py took 0.122 seconds
[2025-04-08T19:33:09.522+0000] {processor.py:161} INFO - Started process (PID=2463) to work on /opt/airflow/dags/run_streamlit.py
[2025-04-08T19:33:09.523+0000] {processor.py:830} INFO - Processing file /opt/airflow/dags/run_streamlit.py for tasks to queue
[2025-04-08T19:33:09.525+0000] {logging_mixin.py:188} INFO - [2025-04-08T19:33:09.524+0000] {dagbag.py:545} INFO - Filling up the DagBag from /opt/airflow/dags/run_streamlit.py
[2025-04-08T19:33:09.550+0000] {processor.py:840} INFO - DAG(s) 'run_streamlit' retrieved from /opt/airflow/dags/run_streamlit.py
[2025-04-08T19:33:09.586+0000] {logging_mixin.py:188} INFO - [2025-04-08T19:33:09.586+0000] {dag.py:3096} INFO - Sync 1 DAGs
[2025-04-08T19:33:09.610+0000] {logging_mixin.py:188} INFO - [2025-04-08T19:33:09.610+0000] {dag.py:3954} INFO - Setting next_dagrun for run_streamlit to None, run_after=None
[2025-04-08T19:33:09.639+0000] {processor.py:183} INFO - Processing /opt/airflow/dags/run_streamlit.py took 0.123 seconds
