[2025-04-09T09:27:38.167+0000] {local_task_job_runner.py:120} INFO - ::group::Pre task execution logs
[2025-04-09T09:27:38.216+0000] {taskinstance.py:2076} INFO - Dependencies all met for dep_context=non-requeueable deps ti=<TaskInstance: elt_pipeline.upload_file_to_minio manual__2025-04-09T09:27:33.188711+00:00 [queued]>
[2025-04-09T09:27:38.226+0000] {taskinstance.py:2076} INFO - Dependencies all met for dep_context=requeueable deps ti=<TaskInstance: elt_pipeline.upload_file_to_minio manual__2025-04-09T09:27:33.188711+00:00 [queued]>
[2025-04-09T09:27:38.227+0000] {taskinstance.py:2306} INFO - Starting attempt 1 of 2
[2025-04-09T09:27:38.241+0000] {taskinstance.py:2330} INFO - Executing <Task(PythonOperator): upload_file_to_minio> on 2025-04-09 09:27:33.188711+00:00
[2025-04-09T09:27:38.249+0000] {logging_mixin.py:188} WARNING - /home/***/.local/lib/python3.12/site-packages/***/task/task_runner/standard_task_runner.py:61 DeprecationWarning: This process (pid=8314) is multi-threaded, use of fork() may lead to deadlocks in the child.
[2025-04-09T09:27:38.251+0000] {standard_task_runner.py:63} INFO - Started process 8337 to run task
[2025-04-09T09:27:38.251+0000] {standard_task_runner.py:90} INFO - Running: ['***', 'tasks', 'run', 'elt_pipeline', 'upload_file_to_minio', 'manual__2025-04-09T09:27:33.188711+00:00', '--job-id', '28', '--raw', '--subdir', 'DAGS_FOLDER/elt_pipeline.py', '--cfg-path', '/tmp/tmp2vc9ya84']
[2025-04-09T09:27:38.252+0000] {standard_task_runner.py:91} INFO - Job 28: Subtask upload_file_to_minio
[2025-04-09T09:27:38.268+0000] {logging_mixin.py:188} WARNING - /home/***/.local/lib/python3.12/site-packages/***/settings.py:195 DeprecationWarning: The sql_alchemy_conn option in [core] has been moved to the sql_alchemy_conn option in [database] - the old setting has been used, but please update your config.
[2025-04-09T09:27:38.305+0000] {task_command.py:426} INFO - Running <TaskInstance: elt_pipeline.upload_file_to_minio manual__2025-04-09T09:27:33.188711+00:00 [running]> on host 208e59669cb5
[2025-04-09T09:27:38.421+0000] {taskinstance.py:2648} INFO - Exporting env vars: AIRFLOW_CTX_DAG_OWNER='***' AIRFLOW_CTX_DAG_ID='elt_pipeline' AIRFLOW_CTX_TASK_ID='upload_file_to_minio' AIRFLOW_CTX_EXECUTION_DATE='2025-04-09T09:27:33.188711+00:00' AIRFLOW_CTX_TRY_NUMBER='1' AIRFLOW_CTX_DAG_RUN_ID='manual__2025-04-09T09:27:33.188711+00:00'
[2025-04-09T09:27:38.422+0000] {taskinstance.py:430} INFO - ::endgroup::
[2025-04-09T09:27:39.021+0000] {extractor.py:97} INFO - Last load date: 2021-01-04
[2025-04-09T09:27:39.022+0000] {extractor.py:98} INFO - Next load date: 2021-01-05
[2025-04-09T09:27:39.029+0000] {init_minio.py:24} INFO - Minio client connected successfully
[2025-04-09T09:27:39.050+0000] {extractor.py:75} INFO - File uploaded to Minio successfully
[2025-04-09T09:27:39.052+0000] {python.py:237} INFO - Done. Returned value was: None
[2025-04-09T09:27:39.053+0000] {taskinstance.py:441} INFO - ::group::Post task execution logs
[2025-04-09T09:27:39.067+0000] {taskinstance.py:1206} INFO - Marking task as SUCCESS. dag_id=elt_pipeline, task_id=upload_file_to_minio, run_id=manual__2025-04-09T09:27:33.188711+00:00, execution_date=20250409T092733, start_date=20250409T092738, end_date=20250409T092739
[2025-04-09T09:27:39.109+0000] {local_task_job_runner.py:240} INFO - Task exited with return code 0
[2025-04-09T09:27:39.132+0000] {taskinstance.py:3503} INFO - 0 downstream tasks scheduled from follow-on schedule check
[2025-04-09T09:27:39.137+0000] {local_task_job_runner.py:222} INFO - ::endgroup::
