[2025-04-09T10:31:06.097+0000] {local_task_job_runner.py:120} INFO - ::group::Pre task execution logs
[2025-04-09T10:31:06.144+0000] {taskinstance.py:2076} INFO - Dependencies all met for dep_context=non-requeueable deps ti=<TaskInstance: run_streamlit.run_streamlit_app manual__2025-04-09T10:18:58.864444+00:00 [queued]>
[2025-04-09T10:31:06.154+0000] {taskinstance.py:2076} INFO - Dependencies all met for dep_context=requeueable deps ti=<TaskInstance: run_streamlit.run_streamlit_app manual__2025-04-09T10:18:58.864444+00:00 [queued]>
[2025-04-09T10:31:06.155+0000] {taskinstance.py:2306} INFO - Starting attempt 2 of 2
[2025-04-09T10:31:06.174+0000] {taskinstance.py:2330} INFO - Executing <Task(BashOperator): run_streamlit_app> on 2025-04-09 10:18:58.864444+00:00
[2025-04-09T10:31:06.185+0000] {logging_mixin.py:188} WARNING - /home/***/.local/lib/python3.12/site-packages/***/task/task_runner/standard_task_runner.py:61 DeprecationWarning: This process (pid=892) is multi-threaded, use of fork() may lead to deadlocks in the child.
[2025-04-09T10:31:06.189+0000] {standard_task_runner.py:63} INFO - Started process 893 to run task
[2025-04-09T10:31:06.185+0000] {standard_task_runner.py:90} INFO - Running: ['***', 'tasks', 'run', 'run_streamlit', 'run_streamlit_app', 'manual__2025-04-09T10:18:58.864444+00:00', '--job-id', '17', '--raw', '--subdir', 'DAGS_FOLDER/run_streamlit.py', '--cfg-path', '/tmp/tmpysqauni7']
[2025-04-09T10:31:06.192+0000] {standard_task_runner.py:91} INFO - Job 17: Subtask run_streamlit_app
[2025-04-09T10:31:06.232+0000] {logging_mixin.py:188} WARNING - /home/***/.local/lib/python3.12/site-packages/***/settings.py:195 DeprecationWarning: The sql_alchemy_conn option in [core] has been moved to the sql_alchemy_conn option in [database] - the old setting has been used, but please update your config.
[2025-04-09T10:31:06.306+0000] {task_command.py:426} INFO - Running <TaskInstance: run_streamlit.run_streamlit_app manual__2025-04-09T10:18:58.864444+00:00 [running]> on host b3f1192a97c8
[2025-04-09T10:31:06.436+0000] {taskinstance.py:2648} INFO - Exporting env vars: AIRFLOW_CTX_DAG_OWNER='***' AIRFLOW_CTX_DAG_ID='run_streamlit' AIRFLOW_CTX_TASK_ID='run_streamlit_app' AIRFLOW_CTX_EXECUTION_DATE='2025-04-09T10:18:58.864444+00:00' AIRFLOW_CTX_TRY_NUMBER='2' AIRFLOW_CTX_DAG_RUN_ID='manual__2025-04-09T10:18:58.864444+00:00'
[2025-04-09T10:31:06.437+0000] {taskinstance.py:430} INFO - ::endgroup::
[2025-04-09T10:31:06.453+0000] {subprocess.py:63} INFO - Tmp dir root location: /tmp
[2025-04-09T10:31:06.454+0000] {subprocess.py:75} INFO - Running command: ['/usr/bin/bash', '-c', 'streamlit run /opt/***/visualization/dashboard.py --server.enableWebsocketCompression=false --server.enableCORS=false --server.port=8501']
[2025-04-09T10:31:06.465+0000] {subprocess.py:86} INFO - Output:
[2025-04-09T10:31:07.460+0000] {subprocess.py:93} INFO - 2025-04-09 10:31:07.460
[2025-04-09T10:31:07.461+0000] {subprocess.py:93} INFO - Warning: the config option 'server.enableCORS=false' is not compatible with 'server.enableXsrfProtection=true'.
[2025-04-09T10:31:07.462+0000] {subprocess.py:93} INFO - As a result, 'server.enableCORS' is being overridden to 'true'.
[2025-04-09T10:31:07.462+0000] {subprocess.py:93} INFO - 
[2025-04-09T10:31:07.463+0000] {subprocess.py:93} INFO - More information:
[2025-04-09T10:31:07.463+0000] {subprocess.py:93} INFO - In order to protect against CSRF attacks, we send a cookie with each request.
[2025-04-09T10:31:07.464+0000] {subprocess.py:93} INFO - To do so, we must specify allowable origins, which places a restriction on
[2025-04-09T10:31:07.464+0000] {subprocess.py:93} INFO - cross-origin resource sharing.
[2025-04-09T10:31:07.464+0000] {subprocess.py:93} INFO - 
[2025-04-09T10:31:07.465+0000] {subprocess.py:93} INFO - If cross origin resource sharing is required, please disable server.enableXsrfProtection.
[2025-04-09T10:31:07.465+0000] {subprocess.py:93} INFO - 
[2025-04-09T10:31:07.466+0000] {subprocess.py:93} INFO - 
[2025-04-09T10:31:07.466+0000] {subprocess.py:93} INFO - Collecting usage statistics. To deactivate, set browser.gatherUsageStats to false.
[2025-04-09T10:31:07.467+0000] {subprocess.py:93} INFO - 
[2025-04-09T10:31:07.473+0000] {subprocess.py:93} INFO - 2025-04-09 10:31:07.473 Port 8501 is already in use
[2025-04-09T10:31:07.547+0000] {subprocess.py:97} INFO - Command exited with return code 1
[2025-04-09T10:31:07.548+0000] {taskinstance.py:441} INFO - ::group::Post task execution logs
[2025-04-09T10:31:07.561+0000] {taskinstance.py:2905} ERROR - Task failed with exception
Traceback (most recent call last):
  File "/home/airflow/.local/lib/python3.12/site-packages/airflow/models/taskinstance.py", line 465, in _execute_task
    result = _execute_callable(context=context, **execute_callable_kwargs)
             ^^^^^^^^^^^^^^^^^^^^^^^^^^^^^^^^^^^^^^^^^^^^^^^^^^^^^^^^^^^^^
  File "/home/airflow/.local/lib/python3.12/site-packages/airflow/models/taskinstance.py", line 432, in _execute_callable
    return execute_callable(context=context, **execute_callable_kwargs)
           ^^^^^^^^^^^^^^^^^^^^^^^^^^^^^^^^^^^^^^^^^^^^^^^^^^^^^^^^^^^^
  File "/home/airflow/.local/lib/python3.12/site-packages/airflow/models/baseoperator.py", line 401, in wrapper
    return func(self, *args, **kwargs)
           ^^^^^^^^^^^^^^^^^^^^^^^^^^^
  File "/home/airflow/.local/lib/python3.12/site-packages/airflow/operators/bash.py", line 243, in execute
    raise AirflowException(
airflow.exceptions.AirflowException: Bash command failed. The command returned a non-zero exit code 1.
[2025-04-09T10:31:07.565+0000] {taskinstance.py:1206} INFO - Marking task as FAILED. dag_id=run_streamlit, task_id=run_streamlit_app, run_id=manual__2025-04-09T10:18:58.864444+00:00, execution_date=20250409T101858, start_date=20250409T103106, end_date=20250409T103107
[2025-04-09T10:31:07.585+0000] {standard_task_runner.py:110} ERROR - Failed to execute job 17 for task run_streamlit_app (Bash command failed. The command returned a non-zero exit code 1.; 893)
[2025-04-09T10:31:07.616+0000] {local_task_job_runner.py:240} INFO - Task exited with return code 1
[2025-04-09T10:31:07.635+0000] {taskinstance.py:3503} INFO - 0 downstream tasks scheduled from follow-on schedule check
[2025-04-09T10:31:07.640+0000] {local_task_job_runner.py:222} INFO - ::endgroup::
