[2025-04-09T10:28:13.114+0000] {local_task_job_runner.py:120} INFO - ::group::Pre task execution logs
[2025-04-09T10:28:13.157+0000] {taskinstance.py:2076} INFO - Dependencies all met for dep_context=non-requeueable deps ti=<TaskInstance: elt_pipeline.upload_file_to_minio manual__2025-04-09T10:28:07.971192+00:00 [queued]>
[2025-04-09T10:28:13.172+0000] {taskinstance.py:2076} INFO - Dependencies all met for dep_context=requeueable deps ti=<TaskInstance: elt_pipeline.upload_file_to_minio manual__2025-04-09T10:28:07.971192+00:00 [queued]>
[2025-04-09T10:28:13.174+0000] {taskinstance.py:2306} INFO - Starting attempt 1 of 2
[2025-04-09T10:28:13.190+0000] {taskinstance.py:2330} INFO - Executing <Task(PythonOperator): upload_file_to_minio> on 2025-04-09 10:28:07.971192+00:00
[2025-04-09T10:28:13.203+0000] {logging_mixin.py:188} WARNING - /home/***/.local/lib/python3.12/site-packages/***/task/task_runner/standard_task_runner.py:61 DeprecationWarning: This process (pid=505) is multi-threaded, use of fork() may lead to deadlocks in the child.
[2025-04-09T10:28:13.206+0000] {standard_task_runner.py:63} INFO - Started process 517 to run task
[2025-04-09T10:28:13.203+0000] {standard_task_runner.py:90} INFO - Running: ['***', 'tasks', 'run', 'elt_pipeline', 'upload_file_to_minio', 'manual__2025-04-09T10:28:07.971192+00:00', '--job-id', '15', '--raw', '--subdir', 'DAGS_FOLDER/elt_pipeline.py', '--cfg-path', '/tmp/tmpo3rg5s0k']
[2025-04-09T10:28:13.207+0000] {standard_task_runner.py:91} INFO - Job 15: Subtask upload_file_to_minio
[2025-04-09T10:28:13.242+0000] {logging_mixin.py:188} WARNING - /home/***/.local/lib/python3.12/site-packages/***/settings.py:195 DeprecationWarning: The sql_alchemy_conn option in [core] has been moved to the sql_alchemy_conn option in [database] - the old setting has been used, but please update your config.
[2025-04-09T10:28:13.308+0000] {task_command.py:426} INFO - Running <TaskInstance: elt_pipeline.upload_file_to_minio manual__2025-04-09T10:28:07.971192+00:00 [running]> on host b3f1192a97c8
[2025-04-09T10:28:13.428+0000] {taskinstance.py:2648} INFO - Exporting env vars: AIRFLOW_CTX_DAG_OWNER='***' AIRFLOW_CTX_DAG_ID='elt_pipeline' AIRFLOW_CTX_TASK_ID='upload_file_to_minio' AIRFLOW_CTX_EXECUTION_DATE='2025-04-09T10:28:07.971192+00:00' AIRFLOW_CTX_TRY_NUMBER='1' AIRFLOW_CTX_DAG_RUN_ID='manual__2025-04-09T10:28:07.971192+00:00'
[2025-04-09T10:28:13.429+0000] {taskinstance.py:430} INFO - ::endgroup::
[2025-04-09T10:28:13.955+0000] {extractor.py:97} INFO - Last load date: 2021-01-01
[2025-04-09T10:28:13.955+0000] {extractor.py:98} INFO - Next load date: 2021-01-02
[2025-04-09T10:28:13.965+0000] {init_minio.py:24} INFO - Minio client connected successfully
[2025-04-09T10:28:13.978+0000] {extractor.py:75} INFO - File uploaded to Minio successfully
[2025-04-09T10:28:13.979+0000] {python.py:237} INFO - Done. Returned value was: None
[2025-04-09T10:28:13.980+0000] {taskinstance.py:441} INFO - ::group::Post task execution logs
[2025-04-09T10:28:13.991+0000] {taskinstance.py:1206} INFO - Marking task as SUCCESS. dag_id=elt_pipeline, task_id=upload_file_to_minio, run_id=manual__2025-04-09T10:28:07.971192+00:00, execution_date=20250409T102807, start_date=20250409T102813, end_date=20250409T102813
[2025-04-09T10:28:14.022+0000] {local_task_job_runner.py:240} INFO - Task exited with return code 0
[2025-04-09T10:28:14.044+0000] {taskinstance.py:3503} INFO - 1 downstream tasks scheduled from follow-on schedule check
[2025-04-09T10:28:14.048+0000] {local_task_job_runner.py:222} INFO - ::endgroup::
