[2025-04-09T08:36:02.624+0000] {local_task_job_runner.py:120} INFO - ::group::Pre task execution logs
[2025-04-09T08:36:02.660+0000] {taskinstance.py:2076} INFO - Dependencies all met for dep_context=non-requeueable deps ti=<TaskInstance: run_streamlit.run_streamlit_app dataset_triggered__2025-04-09T08:35:30.918450+00:00 [queued]>
[2025-04-09T08:36:02.666+0000] {taskinstance.py:2076} INFO - Dependencies all met for dep_context=requeueable deps ti=<TaskInstance: run_streamlit.run_streamlit_app dataset_triggered__2025-04-09T08:35:30.918450+00:00 [queued]>
[2025-04-09T08:36:02.667+0000] {taskinstance.py:2306} INFO - Starting attempt 1 of 2
[2025-04-09T08:36:02.681+0000] {taskinstance.py:2330} INFO - Executing <Task(BashOperator): run_streamlit_app> on 2025-04-09 08:35:30.918450+00:00
[2025-04-09T08:36:02.687+0000] {logging_mixin.py:188} WARNING - /home/***/.local/lib/python3.12/site-packages/***/task/task_runner/standard_task_runner.py:61 DeprecationWarning: This process (pid=417) is multi-threaded, use of fork() may lead to deadlocks in the child.
[2025-04-09T08:36:02.689+0000] {standard_task_runner.py:63} INFO - Started process 418 to run task
[2025-04-09T08:36:02.687+0000] {standard_task_runner.py:90} INFO - Running: ['***', 'tasks', 'run', 'run_streamlit', 'run_streamlit_app', 'dataset_triggered__2025-04-09T08:35:30.918450+00:00', '--job-id', '16', '--raw', '--subdir', 'DAGS_FOLDER/run_streamlit.py', '--cfg-path', '/tmp/tmpe7w0l7eo']
[2025-04-09T08:36:02.690+0000] {standard_task_runner.py:91} INFO - Job 16: Subtask run_streamlit_app
[2025-04-09T08:36:02.708+0000] {logging_mixin.py:188} WARNING - /home/***/.local/lib/python3.12/site-packages/***/settings.py:195 DeprecationWarning: The sql_alchemy_conn option in [core] has been moved to the sql_alchemy_conn option in [database] - the old setting has been used, but please update your config.
[2025-04-09T08:36:02.746+0000] {task_command.py:426} INFO - Running <TaskInstance: run_streamlit.run_streamlit_app dataset_triggered__2025-04-09T08:35:30.918450+00:00 [running]> on host 208e59669cb5
[2025-04-09T08:36:02.839+0000] {taskinstance.py:2648} INFO - Exporting env vars: AIRFLOW_CTX_DAG_OWNER='***' AIRFLOW_CTX_DAG_ID='run_streamlit' AIRFLOW_CTX_TASK_ID='run_streamlit_app' AIRFLOW_CTX_EXECUTION_DATE='2025-04-09T08:35:30.918450+00:00' AIRFLOW_CTX_TRY_NUMBER='1' AIRFLOW_CTX_DAG_RUN_ID='dataset_triggered__2025-04-09T08:35:30.918450+00:00'
[2025-04-09T08:36:02.840+0000] {taskinstance.py:430} INFO - ::endgroup::
[2025-04-09T08:36:02.855+0000] {subprocess.py:63} INFO - Tmp dir root location: /tmp
[2025-04-09T08:36:02.856+0000] {subprocess.py:75} INFO - Running command: ['/usr/bin/bash', '-c', 'streamlit run /opt/***/visualization/dashboard.py --server.enableWebsocketCompression=false --server.enableCORS=false --server.port=8501']
[2025-04-09T08:36:02.864+0000] {subprocess.py:86} INFO - Output:
[2025-04-09T08:36:03.865+0000] {subprocess.py:93} INFO - 2025-04-09 08:36:03.865
[2025-04-09T08:36:03.865+0000] {subprocess.py:93} INFO - Warning: the config option 'server.enableCORS=false' is not compatible with 'server.enableXsrfProtection=true'.
[2025-04-09T08:36:03.866+0000] {subprocess.py:93} INFO - As a result, 'server.enableCORS' is being overridden to 'true'.
[2025-04-09T08:36:03.866+0000] {subprocess.py:93} INFO - 
[2025-04-09T08:36:03.867+0000] {subprocess.py:93} INFO - More information:
[2025-04-09T08:36:03.867+0000] {subprocess.py:93} INFO - In order to protect against CSRF attacks, we send a cookie with each request.
[2025-04-09T08:36:03.867+0000] {subprocess.py:93} INFO - To do so, we must specify allowable origins, which places a restriction on
[2025-04-09T08:36:03.868+0000] {subprocess.py:93} INFO - cross-origin resource sharing.
[2025-04-09T08:36:03.868+0000] {subprocess.py:93} INFO - 
[2025-04-09T08:36:03.869+0000] {subprocess.py:93} INFO - If cross origin resource sharing is required, please disable server.enableXsrfProtection.
[2025-04-09T08:36:03.869+0000] {subprocess.py:93} INFO - 
[2025-04-09T08:36:03.869+0000] {subprocess.py:93} INFO - 
[2025-04-09T08:36:03.870+0000] {subprocess.py:93} INFO - Collecting usage statistics. To deactivate, set browser.gatherUsageStats to false.
[2025-04-09T08:36:03.870+0000] {subprocess.py:93} INFO - 
[2025-04-09T08:36:04.173+0000] {subprocess.py:93} INFO - 
[2025-04-09T08:36:04.174+0000] {subprocess.py:93} INFO -   You can now view your Streamlit app in your browser.
[2025-04-09T08:36:04.174+0000] {subprocess.py:93} INFO - 
[2025-04-09T08:36:04.175+0000] {subprocess.py:93} INFO -   Local URL: http://localhost:8501
[2025-04-09T08:36:04.175+0000] {subprocess.py:93} INFO -   Network URL: http://172.22.0.4:8501
[2025-04-09T08:36:04.176+0000] {subprocess.py:93} INFO -   External URL: http://194.110.77.14:8501
[2025-04-09T08:36:04.176+0000] {subprocess.py:93} INFO - 
[2025-04-09T09:36:04.773+0000] {local_task_job_runner.py:304} WARNING - DagRun timed out after 1:00:02.351241.
[2025-04-09T09:36:09.844+0000] {local_task_job_runner.py:304} WARNING - DagRun timed out after 1:00:07.422370.
[2025-04-09T09:36:09.845+0000] {local_task_job_runner.py:310} WARNING - State of this instance has been externally set to skipped. Terminating instance.
[2025-04-09T09:36:09.845+0000] {local_task_job_runner.py:222} INFO - ::endgroup::
[2025-04-09T09:36:09.847+0000] {process_utils.py:132} INFO - Sending 15 to group 418. PIDs of all processes in the group: [419, 418]
[2025-04-09T09:36:09.848+0000] {process_utils.py:87} INFO - Sending the signal 15 to group 418
[2025-04-09T09:36:09.849+0000] {taskinstance.py:2611} ERROR - Received SIGTERM. Terminating subprocesses.
[2025-04-09T09:36:09.850+0000] {subprocess.py:104} INFO - Sending SIGTERM signal to process group
[2025-04-09T09:36:09.850+0000] {taskinstance.py:441} INFO - ::group::Post task execution logs
[2025-04-09T09:36:09.942+0000] {process_utils.py:80} INFO - Process psutil.Process(pid=418, status='terminated', exitcode=0, started='08:36:02') (418) terminated with exit code 0
[2025-04-09T09:36:10.117+0000] {process_utils.py:80} INFO - Process psutil.Process(pid=419, status='terminated', started='08:36:02') (419) terminated with exit code None
