[2025-04-09T08:27:12.400+0000] {local_task_job_runner.py:120} INFO - ::group::Pre task execution logs
[2025-04-09T08:27:12.434+0000] {taskinstance.py:2076} INFO - Dependencies all met for dep_context=non-requeueable deps ti=<TaskInstance: elt_pipeline.get_coin_data scheduled__2025-04-08T00:00:00+00:00 [queued]>
[2025-04-09T08:27:12.441+0000] {taskinstance.py:2076} INFO - Dependencies all met for dep_context=requeueable deps ti=<TaskInstance: elt_pipeline.get_coin_data scheduled__2025-04-08T00:00:00+00:00 [queued]>
[2025-04-09T08:27:12.443+0000] {taskinstance.py:2306} INFO - Starting attempt 1 of 2
[2025-04-09T08:27:12.457+0000] {taskinstance.py:2330} INFO - Executing <Task(PythonOperator): get_coin_data> on 2025-04-08 00:00:00+00:00
[2025-04-09T08:27:12.464+0000] {logging_mixin.py:188} WARNING - /home/***/.local/lib/python3.12/site-packages/***/task/task_runner/standard_task_runner.py:61 DeprecationWarning: This process (pid=857) is multi-threaded, use of fork() may lead to deadlocks in the child.
[2025-04-09T08:27:12.464+0000] {standard_task_runner.py:90} INFO - Running: ['***', 'tasks', 'run', 'elt_pipeline', 'get_coin_data', 'scheduled__2025-04-08T00:00:00+00:00', '--job-id', '8', '--raw', '--subdir', 'DAGS_FOLDER/elt_pipeline.py', '--cfg-path', '/tmp/tmpi8wf_dml']
[2025-04-09T08:27:12.465+0000] {standard_task_runner.py:63} INFO - Started process 869 to run task
[2025-04-09T08:27:12.466+0000] {standard_task_runner.py:91} INFO - Job 8: Subtask get_coin_data
[2025-04-09T08:27:12.483+0000] {logging_mixin.py:188} WARNING - /home/***/.local/lib/python3.12/site-packages/***/settings.py:195 DeprecationWarning: The sql_alchemy_conn option in [core] has been moved to the sql_alchemy_conn option in [database] - the old setting has been used, but please update your config.
[2025-04-09T08:27:12.519+0000] {task_command.py:426} INFO - Running <TaskInstance: elt_pipeline.get_coin_data scheduled__2025-04-08T00:00:00+00:00 [running]> on host 208e59669cb5
[2025-04-09T08:27:12.610+0000] {taskinstance.py:2648} INFO - Exporting env vars: AIRFLOW_CTX_DAG_OWNER='***' AIRFLOW_CTX_DAG_ID='elt_pipeline' AIRFLOW_CTX_TASK_ID='get_coin_data' AIRFLOW_CTX_EXECUTION_DATE='2025-04-08T00:00:00+00:00' AIRFLOW_CTX_TRY_NUMBER='1' AIRFLOW_CTX_DAG_RUN_ID='scheduled__2025-04-08T00:00:00+00:00'
[2025-04-09T08:27:12.611+0000] {taskinstance.py:430} INFO - ::endgroup::
[2025-04-09T08:27:13.056+0000] {extractor.py:97} INFO - Last load date: 2021-01-03
[2025-04-09T08:27:13.057+0000] {extractor.py:98} INFO - Next load date: 2021-01-04
[2025-04-09T08:27:13.654+0000] {python.py:237} INFO - Done. Returned value was: None
[2025-04-09T08:27:13.655+0000] {taskinstance.py:441} INFO - ::group::Post task execution logs
[2025-04-09T08:27:13.665+0000] {taskinstance.py:1206} INFO - Marking task as SUCCESS. dag_id=elt_pipeline, task_id=get_coin_data, run_id=scheduled__2025-04-08T00:00:00+00:00, execution_date=20250408T000000, start_date=20250409T082712, end_date=20250409T082713
[2025-04-09T08:27:13.730+0000] {local_task_job_runner.py:240} INFO - Task exited with return code 0
[2025-04-09T08:27:13.752+0000] {taskinstance.py:3503} INFO - 1 downstream tasks scheduled from follow-on schedule check
[2025-04-09T08:27:13.757+0000] {local_task_job_runner.py:222} INFO - ::endgroup::
