[2025-04-09T09:27:36.373+0000] {local_task_job_runner.py:120} INFO - ::group::Pre task execution logs
[2025-04-09T09:27:36.424+0000] {taskinstance.py:2076} INFO - Dependencies all met for dep_context=non-requeueable deps ti=<TaskInstance: elt_pipeline.get_coin_data manual__2025-04-09T09:27:33.188711+00:00 [queued]>
[2025-04-09T09:27:36.437+0000] {taskinstance.py:2076} INFO - Dependencies all met for dep_context=requeueable deps ti=<TaskInstance: elt_pipeline.get_coin_data manual__2025-04-09T09:27:33.188711+00:00 [queued]>
[2025-04-09T09:27:36.438+0000] {taskinstance.py:2306} INFO - Starting attempt 1 of 2
[2025-04-09T09:27:36.455+0000] {taskinstance.py:2330} INFO - Executing <Task(PythonOperator): get_coin_data> on 2025-04-09 09:27:33.188711+00:00
[2025-04-09T09:27:36.466+0000] {logging_mixin.py:188} WARNING - /home/***/.local/lib/python3.12/site-packages/***/task/task_runner/standard_task_runner.py:61 DeprecationWarning: This process (pid=8278) is multi-threaded, use of fork() may lead to deadlocks in the child.
[2025-04-09T09:27:36.466+0000] {standard_task_runner.py:90} INFO - Running: ['***', 'tasks', 'run', 'elt_pipeline', 'get_coin_data', 'manual__2025-04-09T09:27:33.188711+00:00', '--job-id', '27', '--raw', '--subdir', 'DAGS_FOLDER/elt_pipeline.py', '--cfg-path', '/tmp/tmp0cnz_i5g']
[2025-04-09T09:27:36.467+0000] {standard_task_runner.py:63} INFO - Started process 8301 to run task
[2025-04-09T09:27:36.468+0000] {standard_task_runner.py:91} INFO - Job 27: Subtask get_coin_data
[2025-04-09T09:27:36.498+0000] {logging_mixin.py:188} WARNING - /home/***/.local/lib/python3.12/site-packages/***/settings.py:195 DeprecationWarning: The sql_alchemy_conn option in [core] has been moved to the sql_alchemy_conn option in [database] - the old setting has been used, but please update your config.
[2025-04-09T09:27:36.545+0000] {task_command.py:426} INFO - Running <TaskInstance: elt_pipeline.get_coin_data manual__2025-04-09T09:27:33.188711+00:00 [running]> on host 208e59669cb5
[2025-04-09T09:27:36.657+0000] {taskinstance.py:2648} INFO - Exporting env vars: AIRFLOW_CTX_DAG_OWNER='***' AIRFLOW_CTX_DAG_ID='elt_pipeline' AIRFLOW_CTX_TASK_ID='get_coin_data' AIRFLOW_CTX_EXECUTION_DATE='2025-04-09T09:27:33.188711+00:00' AIRFLOW_CTX_TRY_NUMBER='1' AIRFLOW_CTX_DAG_RUN_ID='manual__2025-04-09T09:27:33.188711+00:00'
[2025-04-09T09:27:36.658+0000] {taskinstance.py:430} INFO - ::endgroup::
[2025-04-09T09:27:37.149+0000] {extractor.py:97} INFO - Last load date: 2021-01-04
[2025-04-09T09:27:37.149+0000] {extractor.py:98} INFO - Next load date: 2021-01-05
[2025-04-09T09:27:37.449+0000] {python.py:237} INFO - Done. Returned value was: None
[2025-04-09T09:27:37.450+0000] {taskinstance.py:441} INFO - ::group::Post task execution logs
[2025-04-09T09:27:37.461+0000] {taskinstance.py:1206} INFO - Marking task as SUCCESS. dag_id=elt_pipeline, task_id=get_coin_data, run_id=manual__2025-04-09T09:27:33.188711+00:00, execution_date=20250409T092733, start_date=20250409T092736, end_date=20250409T092737
[2025-04-09T09:27:37.525+0000] {local_task_job_runner.py:240} INFO - Task exited with return code 0
[2025-04-09T09:27:37.556+0000] {taskinstance.py:3503} INFO - 1 downstream tasks scheduled from follow-on schedule check
[2025-04-09T09:27:37.558+0000] {local_task_job_runner.py:222} INFO - ::endgroup::
