[2025-04-09T10:28:15.204+0000] {local_task_job_runner.py:120} INFO - ::group::Pre task execution logs
[2025-04-09T10:28:15.239+0000] {taskinstance.py:2076} INFO - Dependencies all met for dep_context=non-requeueable deps ti=<TaskInstance: elt_pipeline.load_data_from_minio_to_duckdb manual__2025-04-09T10:28:07.971192+00:00 [queued]>
[2025-04-09T10:28:15.246+0000] {taskinstance.py:2076} INFO - Dependencies all met for dep_context=requeueable deps ti=<TaskInstance: elt_pipeline.load_data_from_minio_to_duckdb manual__2025-04-09T10:28:07.971192+00:00 [queued]>
[2025-04-09T10:28:15.247+0000] {taskinstance.py:2306} INFO - Starting attempt 1 of 2
[2025-04-09T10:28:15.262+0000] {taskinstance.py:2330} INFO - Executing <Task(PythonOperator): load_data_from_minio_to_duckdb> on 2025-04-09 10:28:07.971192+00:00
[2025-04-09T10:28:15.273+0000] {logging_mixin.py:188} WARNING - /home/***/.local/lib/python3.12/site-packages/***/task/task_runner/standard_task_runner.py:61 DeprecationWarning: This process (pid=530) is multi-threaded, use of fork() may lead to deadlocks in the child.
[2025-04-09T10:28:15.274+0000] {standard_task_runner.py:63} INFO - Started process 542 to run task
[2025-04-09T10:28:15.273+0000] {standard_task_runner.py:90} INFO - Running: ['***', 'tasks', 'run', 'elt_pipeline', 'load_data_from_minio_to_duckdb', 'manual__2025-04-09T10:28:07.971192+00:00', '--job-id', '16', '--raw', '--subdir', 'DAGS_FOLDER/elt_pipeline.py', '--cfg-path', '/tmp/tmpdqnnkvif']
[2025-04-09T10:28:15.275+0000] {standard_task_runner.py:91} INFO - Job 16: Subtask load_data_from_minio_to_duckdb
[2025-04-09T10:28:15.293+0000] {logging_mixin.py:188} WARNING - /home/***/.local/lib/python3.12/site-packages/***/settings.py:195 DeprecationWarning: The sql_alchemy_conn option in [core] has been moved to the sql_alchemy_conn option in [database] - the old setting has been used, but please update your config.
[2025-04-09T10:28:15.332+0000] {task_command.py:426} INFO - Running <TaskInstance: elt_pipeline.load_data_from_minio_to_duckdb manual__2025-04-09T10:28:07.971192+00:00 [running]> on host b3f1192a97c8
[2025-04-09T10:28:15.420+0000] {taskinstance.py:2648} INFO - Exporting env vars: AIRFLOW_CTX_DAG_OWNER='***' AIRFLOW_CTX_DAG_ID='elt_pipeline' AIRFLOW_CTX_TASK_ID='load_data_from_minio_to_duckdb' AIRFLOW_CTX_EXECUTION_DATE='2025-04-09T10:28:07.971192+00:00' AIRFLOW_CTX_TRY_NUMBER='1' AIRFLOW_CTX_DAG_RUN_ID='manual__2025-04-09T10:28:07.971192+00:00'
[2025-04-09T10:28:15.422+0000] {taskinstance.py:430} INFO - ::endgroup::
[2025-04-09T10:28:15.989+0000] {extractor.py:97} INFO - Last load date: 2021-01-01
[2025-04-09T10:28:15.990+0000] {extractor.py:98} INFO - Next load date: 2021-01-02
[2025-04-09T10:28:15.997+0000] {init_minio.py:24} INFO - Minio client connected successfully
[2025-04-09T10:28:16.075+0000] {extractor.py:145} INFO - Data loaded to DuckDB successfully
[2025-04-09T10:28:16.077+0000] {python.py:237} INFO - Done. Returned value was: None
[2025-04-09T10:28:16.077+0000] {taskinstance.py:441} INFO - ::group::Post task execution logs
[2025-04-09T10:28:16.091+0000] {taskinstance.py:1206} INFO - Marking task as SUCCESS. dag_id=elt_pipeline, task_id=load_data_from_minio_to_duckdb, run_id=manual__2025-04-09T10:28:07.971192+00:00, execution_date=20250409T102807, start_date=20250409T102815, end_date=20250409T102816
[2025-04-09T10:28:16.131+0000] {local_task_job_runner.py:240} INFO - Task exited with return code 0
[2025-04-09T10:28:16.151+0000] {taskinstance.py:3503} INFO - 0 downstream tasks scheduled from follow-on schedule check
[2025-04-09T10:28:16.156+0000] {local_task_job_runner.py:222} INFO - ::endgroup::
