[2025-04-09T08:27:16.902+0000] {local_task_job_runner.py:120} INFO - ::group::Pre task execution logs
[2025-04-09T08:27:16.935+0000] {taskinstance.py:2076} INFO - Dependencies all met for dep_context=non-requeueable deps ti=<TaskInstance: elt_pipeline.load_data_from_minio_to_duckdb scheduled__2025-04-08T00:00:00+00:00 [queued]>
[2025-04-09T08:27:16.942+0000] {taskinstance.py:2076} INFO - Dependencies all met for dep_context=requeueable deps ti=<TaskInstance: elt_pipeline.load_data_from_minio_to_duckdb scheduled__2025-04-08T00:00:00+00:00 [queued]>
[2025-04-09T08:27:16.943+0000] {taskinstance.py:2306} INFO - Starting attempt 1 of 2
[2025-04-09T08:27:16.957+0000] {taskinstance.py:2330} INFO - Executing <Task(PythonOperator): load_data_from_minio_to_duckdb> on 2025-04-08 00:00:00+00:00
[2025-04-09T08:27:16.964+0000] {logging_mixin.py:188} WARNING - /home/***/.local/lib/python3.12/site-packages/***/task/task_runner/standard_task_runner.py:61 DeprecationWarning: This process (pid=914) is multi-threaded, use of fork() may lead to deadlocks in the child.
[2025-04-09T08:27:16.965+0000] {standard_task_runner.py:63} INFO - Started process 926 to run task
[2025-04-09T08:27:16.964+0000] {standard_task_runner.py:90} INFO - Running: ['***', 'tasks', 'run', 'elt_pipeline', 'load_data_from_minio_to_duckdb', 'scheduled__2025-04-08T00:00:00+00:00', '--job-id', '10', '--raw', '--subdir', 'DAGS_FOLDER/elt_pipeline.py', '--cfg-path', '/tmp/tmp1dv2ydja']
[2025-04-09T08:27:16.966+0000] {standard_task_runner.py:91} INFO - Job 10: Subtask load_data_from_minio_to_duckdb
[2025-04-09T08:27:16.983+0000] {logging_mixin.py:188} WARNING - /home/***/.local/lib/python3.12/site-packages/***/settings.py:195 DeprecationWarning: The sql_alchemy_conn option in [core] has been moved to the sql_alchemy_conn option in [database] - the old setting has been used, but please update your config.
[2025-04-09T08:27:17.022+0000] {task_command.py:426} INFO - Running <TaskInstance: elt_pipeline.load_data_from_minio_to_duckdb scheduled__2025-04-08T00:00:00+00:00 [running]> on host 208e59669cb5
[2025-04-09T08:27:17.113+0000] {taskinstance.py:2648} INFO - Exporting env vars: AIRFLOW_CTX_DAG_OWNER='***' AIRFLOW_CTX_DAG_ID='elt_pipeline' AIRFLOW_CTX_TASK_ID='load_data_from_minio_to_duckdb' AIRFLOW_CTX_EXECUTION_DATE='2025-04-08T00:00:00+00:00' AIRFLOW_CTX_TRY_NUMBER='1' AIRFLOW_CTX_DAG_RUN_ID='scheduled__2025-04-08T00:00:00+00:00'
[2025-04-09T08:27:17.114+0000] {taskinstance.py:430} INFO - ::endgroup::
[2025-04-09T08:27:17.603+0000] {extractor.py:97} INFO - Last load date: 2021-01-03
[2025-04-09T08:27:17.604+0000] {extractor.py:98} INFO - Next load date: 2021-01-04
[2025-04-09T08:27:17.613+0000] {init_minio.py:24} INFO - Minio client connected successfully
[2025-04-09T08:27:17.635+0000] {extractor.py:137} ERROR - Error loading data to DuckDB: S3 operation failed; code: NoSuchKey, message: Object does not exist, resource: /bitcoin/bitcoin-2021-01-04, request_id: 1834990D30F63A4D, host_id: dd9025bab4ad464b049177c95eb6ebf374d3b3fd1af9251148b658df7ac2e3e8, bucket_name: bitcoin, object_name: bitcoin-2021-01-04
[2025-04-09T08:27:17.636+0000] {python.py:237} INFO - Done. Returned value was: None
[2025-04-09T08:27:17.638+0000] {taskinstance.py:441} INFO - ::group::Post task execution logs
[2025-04-09T08:27:17.675+0000] {taskinstance.py:1206} INFO - Marking task as SUCCESS. dag_id=elt_pipeline, task_id=load_data_from_minio_to_duckdb, run_id=scheduled__2025-04-08T00:00:00+00:00, execution_date=20250408T000000, start_date=20250409T082716, end_date=20250409T082717
[2025-04-09T08:27:17.741+0000] {local_task_job_runner.py:240} INFO - Task exited with return code 0
[2025-04-09T08:27:17.772+0000] {taskinstance.py:3503} INFO - 0 downstream tasks scheduled from follow-on schedule check
[2025-04-09T08:27:17.779+0000] {local_task_job_runner.py:222} INFO - ::endgroup::
