[2025-04-05T16:54:33.569+0000] {local_task_job_runner.py:120} INFO - ::group::Pre task execution logs
[2025-04-05T16:54:33.608+0000] {taskinstance.py:2076} INFO - Dependencies all met for dep_context=non-requeueable deps ti=<TaskInstance: run_streamlit.run_streamlit_app manual__2025-04-05T16:54:32.691112+00:00 [queued]>
[2025-04-05T16:54:33.616+0000] {taskinstance.py:2076} INFO - Dependencies all met for dep_context=requeueable deps ti=<TaskInstance: run_streamlit.run_streamlit_app manual__2025-04-05T16:54:32.691112+00:00 [queued]>
[2025-04-05T16:54:33.617+0000] {taskinstance.py:2306} INFO - Starting attempt 1 of 2
[2025-04-05T16:54:33.630+0000] {taskinstance.py:2330} INFO - Executing <Task(BashOperator): run_streamlit_app> on 2025-04-05 16:54:32.691112+00:00
[2025-04-05T16:54:33.638+0000] {logging_mixin.py:188} WARNING - /home/***/.local/lib/python3.12/site-packages/***/task/task_runner/standard_task_runner.py:61 DeprecationWarning: This process (pid=1129) is multi-threaded, use of fork() may lead to deadlocks in the child.
[2025-04-05T16:54:33.640+0000] {standard_task_runner.py:63} INFO - Started process 1130 to run task
[2025-04-05T16:54:33.638+0000] {standard_task_runner.py:90} INFO - Running: ['***', 'tasks', 'run', 'run_streamlit', 'run_streamlit_app', 'manual__2025-04-05T16:54:32.691112+00:00', '--job-id', '8', '--raw', '--subdir', 'DAGS_FOLDER/run_streamlit.py', '--cfg-path', '/tmp/tmp8n5is6bl']
[2025-04-05T16:54:33.641+0000] {standard_task_runner.py:91} INFO - Job 8: Subtask run_streamlit_app
[2025-04-05T16:54:33.662+0000] {logging_mixin.py:188} WARNING - /home/***/.local/lib/python3.12/site-packages/***/settings.py:195 DeprecationWarning: The sql_alchemy_conn option in [core] has been moved to the sql_alchemy_conn option in [database] - the old setting has been used, but please update your config.
[2025-04-05T16:54:33.707+0000] {task_command.py:426} INFO - Running <TaskInstance: run_streamlit.run_streamlit_app manual__2025-04-05T16:54:32.691112+00:00 [running]> on host 1f8025531576
[2025-04-05T16:54:33.809+0000] {taskinstance.py:2648} INFO - Exporting env vars: AIRFLOW_CTX_DAG_OWNER='***' AIRFLOW_CTX_DAG_ID='run_streamlit' AIRFLOW_CTX_TASK_ID='run_streamlit_app' AIRFLOW_CTX_EXECUTION_DATE='2025-04-05T16:54:32.691112+00:00' AIRFLOW_CTX_TRY_NUMBER='1' AIRFLOW_CTX_DAG_RUN_ID='manual__2025-04-05T16:54:32.691112+00:00'
[2025-04-05T16:54:33.810+0000] {taskinstance.py:430} INFO - ::endgroup::
[2025-04-05T16:54:33.826+0000] {subprocess.py:63} INFO - Tmp dir root location: /tmp
[2025-04-05T16:54:33.827+0000] {subprocess.py:75} INFO - Running command: ['/usr/bin/bash', '-c', 'streamlit run /opt/***/visualization/dashboard.py --server.port 8501 --server.address=localhost']
[2025-04-05T16:54:33.837+0000] {subprocess.py:86} INFO - Output:
[2025-04-05T16:54:34.968+0000] {subprocess.py:93} INFO - 
[2025-04-05T16:54:34.969+0000] {subprocess.py:93} INFO - Collecting usage statistics. To deactivate, set browser.gatherUsageStats to false.
[2025-04-05T16:54:34.969+0000] {subprocess.py:93} INFO - 
[2025-04-05T16:54:35.059+0000] {subprocess.py:93} INFO - 
[2025-04-05T16:54:35.060+0000] {subprocess.py:93} INFO -   You can now view your Streamlit app in your browser.
[2025-04-05T16:54:35.060+0000] {subprocess.py:93} INFO - 
[2025-04-05T16:54:35.061+0000] {subprocess.py:93} INFO -   URL: http://localhost:8501
[2025-04-05T16:54:35.061+0000] {subprocess.py:93} INFO - 
[2025-04-05T17:01:32.467+0000] {local_task_job_runner.py:310} WARNING - State of this instance has been externally set to failed. Terminating instance.
[2025-04-05T17:01:32.468+0000] {local_task_job_runner.py:222} INFO - ::endgroup::
[2025-04-05T17:01:32.470+0000] {process_utils.py:132} INFO - Sending 15 to group 1130. PIDs of all processes in the group: [1131, 1130]
[2025-04-05T17:01:32.470+0000] {process_utils.py:87} INFO - Sending the signal 15 to group 1130
[2025-04-05T17:01:32.471+0000] {taskinstance.py:2611} ERROR - Received SIGTERM. Terminating subprocesses.
[2025-04-05T17:01:32.471+0000] {subprocess.py:104} INFO - Sending SIGTERM signal to process group
[2025-04-05T17:01:32.472+0000] {taskinstance.py:441} INFO - ::group::Post task execution logs
[2025-04-05T17:01:32.524+0000] {process_utils.py:80} INFO - Process psutil.Process(pid=1130, status='terminated', exitcode=0, started='16:54:33') (1130) terminated with exit code 0
[2025-04-05T17:01:32.579+0000] {process_utils.py:80} INFO - Process psutil.Process(pid=1131, status='terminated', started='16:54:33') (1131) terminated with exit code None
