[2025-04-08T19:14:30.703+0000] {local_task_job_runner.py:120} INFO - ::group::Pre task execution logs
[2025-04-08T19:14:30.740+0000] {taskinstance.py:2076} INFO - Dependencies all met for dep_context=non-requeueable deps ti=<TaskInstance: init_elt_pipeline.load_data_from_minio_to_duckdb manual__2025-04-08T19:14:25.645127+00:00 [queued]>
[2025-04-08T19:14:30.747+0000] {taskinstance.py:2076} INFO - Dependencies all met for dep_context=requeueable deps ti=<TaskInstance: init_elt_pipeline.load_data_from_minio_to_duckdb manual__2025-04-08T19:14:25.645127+00:00 [queued]>
[2025-04-08T19:14:30.748+0000] {taskinstance.py:2306} INFO - Starting attempt 1 of 2
[2025-04-08T19:14:30.762+0000] {taskinstance.py:2330} INFO - Executing <Task(PythonOperator): load_data_from_minio_to_duckdb> on 2025-04-08 19:14:25.645127+00:00
[2025-04-08T19:14:30.769+0000] {logging_mixin.py:188} WARNING - /home/***/.local/lib/python3.12/site-packages/***/task/task_runner/standard_task_runner.py:61 DeprecationWarning: This process (pid=317) is multi-threaded, use of fork() may lead to deadlocks in the child.
[2025-04-08T19:14:30.770+0000] {standard_task_runner.py:63} INFO - Started process 329 to run task
[2025-04-08T19:14:30.769+0000] {standard_task_runner.py:90} INFO - Running: ['***', 'tasks', 'run', 'init_elt_pipeline', 'load_data_from_minio_to_duckdb', 'manual__2025-04-08T19:14:25.645127+00:00', '--job-id', '5', '--raw', '--subdir', 'DAGS_FOLDER/init_elt_pipeline.py', '--cfg-path', '/tmp/tmp69dluc86']
[2025-04-08T19:14:30.771+0000] {standard_task_runner.py:91} INFO - Job 5: Subtask load_data_from_minio_to_duckdb
[2025-04-08T19:14:30.797+0000] {logging_mixin.py:188} WARNING - /home/***/.local/lib/python3.12/site-packages/***/settings.py:195 DeprecationWarning: The sql_alchemy_conn option in [core] has been moved to the sql_alchemy_conn option in [database] - the old setting has been used, but please update your config.
[2025-04-08T19:14:30.844+0000] {task_command.py:426} INFO - Running <TaskInstance: init_elt_pipeline.load_data_from_minio_to_duckdb manual__2025-04-08T19:14:25.645127+00:00 [running]> on host 01b011050d21
[2025-04-08T19:14:30.936+0000] {taskinstance.py:2648} INFO - Exporting env vars: AIRFLOW_CTX_DAG_OWNER='***' AIRFLOW_CTX_DAG_ID='init_elt_pipeline' AIRFLOW_CTX_TASK_ID='load_data_from_minio_to_duckdb' AIRFLOW_CTX_EXECUTION_DATE='2025-04-08T19:14:25.645127+00:00' AIRFLOW_CTX_TRY_NUMBER='1' AIRFLOW_CTX_DAG_RUN_ID='manual__2025-04-08T19:14:25.645127+00:00'
[2025-04-08T19:14:30.937+0000] {taskinstance.py:430} INFO - ::endgroup::
[2025-04-08T19:14:30.960+0000] {init_minio.py:24} INFO - Minio client connected successfully
[2025-04-08T19:14:31.036+0000] {extractor.py:137} ERROR - Error loading data to DuckDB: Conversion Error: CSV Error on Line: 2
Original Line: 28944.6075804904902877,1609459200000,2021-01-01T00:00:00.000Z,18564237.0000000000000000
Error when converting column "date". Could not convert string "2021-01-01T00:00:00.000Z" to 'DOUBLE'

Column date is being converted as type DOUBLE
This type was auto-detected from the CSV file.
Possible solutions:
* Override the type for this column manually by setting the type explicitly, e.g. types={'date': 'VARCHAR'}
* Set the sample size to a larger value to enable the auto-detection to scan more values, e.g. sample_size=-1
* Use a COPY statement to automatically derive types from an existing table.

  file=temp/bitcoin-2021-01-01
  delimiter = , (Auto-Detected)
  quote = " (Auto-Detected)
  escape = " (Auto-Detected)
  new_line = \r\n (Auto-Detected)
  header = true (Set By User)
  skip_rows = 0 (Auto-Detected)
  comment = \0 (Auto-Detected)
  date_format =  (Auto-Detected)
  timestamp_format =  (Auto-Detected)
  null_padding=0
  sample_size=20480
  ignore_errors=false
  all_varchar=0


[2025-04-08T19:14:31.042+0000] {python.py:237} INFO - Done. Returned value was: None
[2025-04-08T19:14:31.043+0000] {taskinstance.py:441} INFO - ::group::Post task execution logs
[2025-04-08T19:14:31.070+0000] {taskinstance.py:1206} INFO - Marking task as SUCCESS. dag_id=init_elt_pipeline, task_id=load_data_from_minio_to_duckdb, run_id=manual__2025-04-08T19:14:25.645127+00:00, execution_date=20250408T191425, start_date=20250408T191430, end_date=20250408T191431
[2025-04-08T19:14:31.109+0000] {local_task_job_runner.py:240} INFO - Task exited with return code 0
[2025-04-08T19:14:31.136+0000] {taskinstance.py:3503} INFO - 0 downstream tasks scheduled from follow-on schedule check
[2025-04-08T19:14:31.141+0000] {local_task_job_runner.py:222} INFO - ::endgroup::
